19000000000 (0) 
17500000000 (-1500000000) 
16000000000 (-1500000000) 
14500000000 (-1500000000) 
14000000000 (-500000000) 
13500000000 (-500000000) 
12000000000 (-1500000000) 
11833333333 (-166666667) 
10833333333 (-1000000000) 
9333333333 (-1500000000) 
8583333333 (-750000000) 
8416666666 (-166666667) 
7916666666 (-500000000) 
7416666666 (-500000000) 
7249999999 (-166666667) 
7083333333 (-166666666) 
6583333333 (-500000000) 
6416666666 (-166666667) 
6083333332 (-500000000) 
5583333332 (-500000000) 
5499999999 (-83333333) 
5416666666 (-83333333) 
4916666666 (-500000000) 
4833333333 (-83333333) 
4750000000 (-83333333) 
4250000000 (-500000000) 
4083333333 (-166666667) 
4033333333 (-83333333) 
3983333333 (-83333333) 
3566666666 (-500000000) 
3533333332 (-33333334) 
3483333332 (-50000000) 
iterations: 374909
