39000000000 (0) 
37500000000 (-1500000000) 
36000000000 (-1500000000) 
34500000000 (-1500000000) 
34000000000 (-500000000) 
32500000000 (-1500000000) 
31000000000 (-1500000000) 
29833333333 (-1166666667) 
28333333333 (-1500000000) 
27833333333 (-500000000) 
26666666666 (-1166666667) 
25666666666 (-1000000000) 
25166666666 (-500000000) 
23999999999 (-1166666667) 
22499999999 (-1500000000) 
20999999999 (-1500000000) 
20499999999 (-500000000) 
20333333332 (-166666667) 
20166666665 (-166666667) 
19999999999 (-166666666) 
19499999999 (-500000000) 
18416666665 (-1083333334) 
17916666665 (-500000000) 
16749999998 (-1166666667) 
16249999998 (-500000000) 
15249999998 (-1000000000) 
15166666665 (-83333333) 
13999999999 (-1166666666) 
13366666665 (-633333334) 
13283333332 (-83333333) 
13116666665 (-166666667) 
12699999998 (-500000000) 
12616666665 (-83333333) 
12533333332 (-83333333) 
11533333332 (-1000000000) 
10366666665 (-1166666667) 
9991666665 (-375000000) 
8991666665 (-1000000000) 
8977777776 (-13888889) 
7977777776 (-1000000000) 
7966666665 (-11111111) 
7883333332 (-83333333) 
6799999999 (-1083333333) 
5790909089 (-1009090910) 
5783333332 (-7575757) 
iterations: 240524
