39000000000 (0) 
37500000000 (-1500000000) 
37000000000 (-500000000) 
36500000000 (-500000000) 
34000000000 (-2500000000) 
33500000000 (-500000000) 
32000000000 (-1500000000) 
31500000000 (-500000000) 
31000000000 (-500000000) 
30500000000 (-500000000) 
30333333333 (-166666667) 
29833333333 (-500000000) 
28333333333 (-1500000000) 
28166666666 (-166666667) 
27166666666 (-1000000000) 
26166666666 (-1000000000) 
25666666666 (-500000000) 
25166666666 (-500000000) 
24166666666 (-1000000000) 
23666666666 (-500000000) 
23166666666 (-500000000) 
22166666666 (-1000000000) 
21999999999 (-166666667) 
21499999999 (-500000000) 
20333333332 (-1166666667) 
20166666665 (-166666667) 
19666666665 (-500000000) 
19499999999 (-166666666) 
18499999999 (-1000000000) 
17999999999 (-500000000) 
17499999999 (-500000000) 
16333333332 (-1166666667) 
15833333332 (-500000000) 
15666666666 (-166666666) 
14166666666 (-1500000000) 
13666666666 (-500000000) 
13499999999 (-166666667) 
12416666665 (-1083333334) 
12249999998 (-166666667) 
12083333332 (-166666666) 
11999999998 (-83333334) 
11499999998 (-500000000) 
10999999998 (-500000000) 
10499999998 (-500000000) 
9999999998 (-500000000) 
9949999998 (-50000000) 
9449999998 (-500000000) 
8949999998 (-500000000) 
8866666665 (-83333333) 
8833333331 (-33333334) 
8666666664 (-166666667) 
8583333331 (-83333333) 
8499999998 (-83333333) 
8416666665 (-83333333) 
7916666665 (-500000000) 
iterations: 265761
