74000000000 (0) 
72500000000 (-1500000000) 
71000000000 (-1500000000) 
70500000000 (-500000000) 
69000000000 (-1500000000) 
67500000000 (-1500000000) 
66000000000 (-1500000000) 
64500000000 (-1500000000) 
63000000000 (-1500000000) 
62500000000 (-500000000) 
62000000000 (-500000000) 
60500000000 (-1500000000) 
59000000000 (-1500000000) 
57500000000 (-1500000000) 
57000000000 (-500000000) 
55500000000 (-1500000000) 
55000000000 (-500000000) 
54500000000 (-500000000) 
53000000000 (-1500000000) 
52500000000 (-500000000) 
52000000000 (-500000000) 
51500000000 (-500000000) 
50500000000 (-1000000000) 
49000000000 (-1500000000) 
48500000000 (-500000000) 
48000000000 (-500000000) 
46500000000 (-1500000000) 
45333333333 (-1166666667) 
44833333333 (-500000000) 
44333333333 (-500000000) 
44166666666 (-166666667) 
42666666666 (-1500000000) 
42166666666 (-500000000) 
40999999999 (-1166666667) 
39999999999 (-1000000000) 
38999999999 (-1000000000) 
38833333333 (-166666666) 
37833333333 (-1000000000) 
37333333333 (-500000000) 
37166666666 (-166666667) 
36999999999 (-166666667) 
36499999999 (-500000000) 
36333333332 (-166666667) 
36166666665 (-166666667) 
35999999999 (-166666666) 
34999999999 (-1000000000) 
34499999999 (-500000000) 
33499999999 (-1000000000) 
33416666665 (-83333334) 
32916666665 (-500000000) 
32416666665 (-500000000) 
32249999998 (-166666667) 
32083333332 (-166666666) 
31583333332 (-500000000) 
31083333332 (-500000000) 
30916666666 (-166666666) 
30749999999 (-166666667) 
30249999999 (-500000000) 
29249999999 (-1000000000) 
28249999999 (-1000000000) 
28083333332 (-166666667) 
27083333332 (-1000000000) 
26916666666 (-166666666) 
25916666666 (-1000000000) 
24750000000 (-1166666666) 
24583333333 (-166666667) 
24499999999 (-83333334) 
23916666666 (-1000000000) 
23749999999 (-166666667) 
22749999999 (-1000000000) 
22583333332 (-166666667) 
22083333332 (-500000000) 
21999999999 (-83333333) 
20999999999 (-1000000000) 
19999999999 (-1000000000) 
19916666665 (-83333334) 
19749999998 (-166666667) 
19583333332 (-166666666) 
19083333332 (-500000000) 
18999999998 (-83333334) 
18833333332 (-166666666) 
18749999998 (-83333334) 
18249999998 (-500000000) 
17416666665 (-1000000000) 
17249999999 (-166666666) 
17083333332 (-166666667) 
16999999999 (-83333333) 
16916666666 (-83333333) 
16833333333 (-83333333) 
16783333333 (-50000000) 
iterations: 164250
