67500000000 (-500000000) 
66000000000 (-1500000000) 
64500000000 (-1500000000) 
64000000000 (-500000000) 
62500000000 (-1500000000) 
61000000000 (-1500000000) 
60000000000 (-1000000000) 
58500000000 (-1500000000) 
57000000000 (-1500000000) 
56500000000 (-500000000) 
55000000000 (-1500000000) 
53500000000 (-1500000000) 
52000000000 (-1500000000) 
50833333333 (-1166666667) 
50333333333 (-500000000) 
49833333333 (-500000000) 
48333333333 (-1500000000) 
47833333333 (-500000000) 
47333333333 (-500000000) 
46333333333 (-1000000000) 
45166666666 (-1166666667) 
44666666666 (-500000000) 
43666666666 (-1000000000) 
42166666666 (-1500000000) 
41666666666 (-500000000) 
40499999999 (-1166666667) 
39833333332 (-666666667) 
38333333332 (-1500000000) 
37833333332 (-500000000) 
36833333332 (-1000000000) 
36333333332 (-500000000) 
35833333332 (-500000000) 
34833333332 (-1000000000) 
34333333332 (-500000000) 
34166666666 (-166666666) 
33999999999 (-166666667) 
33499999999 (-500000000) 
32999999999 (-500000000) 
32499999999 (-500000000) 
30999999999 (-1500000000) 
30499999999 (-500000000) 
29999999999 (-500000000) 
29833333332 (-166666667) 
28666666666 (-1166666666) 
28166666666 (-500000000) 
27999999999 (-166666667) 
26999999999 (-1000000000) 
26249999999 (-750000000) 
24749999999 (-1500000000) 
24249999999 (-500000000) 
24166666666 (-83333333) 
23666666666 (-500000000) 
23499999999 (-166666667) 
23333333333 (-166666666) 
22833333333 (-500000000) 
22666666666 (-166666667) 
22499999999 (-166666667) 
22333333332 (-166666667) 
21999999999 (-333333333) 
21833333333 (-166666666) 
21333333333 (-500000000) 
20416666666 (-1000000000) 
19916666666 (-500000000) 
19833333333 (-83333333) 
19666666666 (-166666667) 
19166666666 (-500000000) 
19083333333 (-83333333) 
18999999999 (-83333334) 
18916666666 (-83333333) 
18416666666 (-500000000) 
18333333333 (-83333333) 
18249999999 (-83333334) 
17749999999 (-500000000) 
17249999999 (-500000000) 
17166666666 (-83333333) 
16666666666 (-500000000) 
16499999999 (-166666667) 
16416666666 (-83333333) 
16366666666 (-50000000) 
15866666666 (-500000000) 
15366666666 (-500000000) 
15199999999 (-166666667) 
15116666666 (-83333333) 
14949999999 (-166666667) 
14866666666 (-83333333) 
iterations: 193522
