64500000000 (-500000000) 
64000000000 (-500000000) 
62500000000 (-1500000000) 
62000000000 (-500000000) 
61500000000 (-500000000) 
60000000000 (-1500000000) 
58500000000 (-1500000000) 
57500000000 (-1000000000) 
56333333333 (-1166666667) 
55833333333 (-500000000) 
55333333333 (-500000000) 
53833333333 (-1500000000) 
52833333333 (-1000000000) 
50166666666 (-2666666667) 
49166666666 (-1000000000) 
47666666666 (-1500000000) 
47166666666 (-500000000) 
46666666666 (-500000000) 
45666666666 (-1000000000) 
45166666666 (-500000000) 
44666666666 (-500000000) 
44166666666 (-500000000) 
43666666666 (-500000000) 
43166666666 (-500000000) 
41999999999 (-1166666667) 
41499999999 (-500000000) 
40499999999 (-1000000000) 
39499999999 (-1000000000) 
38999999999 (-500000000) 
38499999999 (-500000000) 
38333333332 (-166666667) 
37833333332 (-500000000) 
37333333332 (-500000000) 
36333333332 (-1000000000) 
35833333332 (-500000000) 
34333333332 (-1500000000) 
33833333332 (-500000000) 
33333333332 (-500000000) 
32833333332 (-500000000) 
31833333332 (-1000000000) 
31333333332 (-500000000) 
30833333332 (-500000000) 
30666666665 (-166666667) 
30499999998 (-166666667) 
30333333331 (-166666667) 
29333333331 (-1000000000) 
29166666665 (-166666666) 
28666666665 (-500000000) 
28499999999 (-166666666) 
28333333332 (-166666667) 
27833333332 (-500000000) 
27666666665 (-166666667) 
27499999998 (-166666667) 
27333333331 (-166666667) 
26833333331 (-500000000) 
26333333331 (-500000000) 
25833333331 (-500000000) 
25666666665 (-166666666) 
25583333331 (-83333334) 
25416666664 (-166666667) 
25083333331 (-333333333) 
24083333331 (-1000000000) 
23916666665 (-166666666) 
23749999998 (-166666667) 
23583333331 (-166666667) 
23083333331 (-500000000) 
22583333331 (-500000000) 
22499999998 (-83333333) 
22416666664 (-83333334) 
21416666664 (-1000000000) 
20416666664 (-1000000000) 
19416666664 (-1000000000) 
19249999998 (-166666666) 
19083333332 (-166666666) 
18999999998 (-83333334) 
18949999998 (-50000000) 
18783333332 (-166666666) 
18616666666 (-166666666) 
17616666666 (-1000000000) 
17449999999 (-166666667) 
17366666666 (-83333333) 
17283333332 (-83333334) 
17116666665 (-166666667) 
16616666665 (-500000000) 
16533333331 (-83333334) 
15533333331 (-1000000000) 
15366666665 (-166666666) 
15283333332 (-83333333) 
14783333332 (-500000000) 
14733333332 (-50000000) 
iterations: 146063
