22500000000 (-500000000) 
22000000000 (-500000000) 
20500000000 (-1500000000) 
20333333333 (-166666667) 
18833333333 (-1500000000) 
17333333333 (-1500000000) 
16833333333 (-500000000) 
16333333333 (-500000000) 
15166666666 (-1166666667) 
14666666666 (-500000000) 
14166666666 (-500000000) 
13166666666 (-1000000000) 
12166666666 (-1000000000) 
11166666666 (-1000000000) 
10166666666 (-1000000000) 
9999999999 (-166666667) 
9499999999 (-500000000) 
8999999999 (-500000000) 
7499999999 (-1500000000) 
6999999999 (-500000000) 
6833333332 (-166666667) 
6666666665 (-166666667) 
6583333332 (-83333333) 
6083333332 (-500000000) 
5916666665 (-166666667) 
5833333332 (-83333333) 
5749999999 (-83333333) 
5666666666 (-83333333) 
5416666666 (-333333333) 
5366666666 (-50000000) 
5199999999 (-166666667) 
4449999999 (-750000000) 
4366666666 (-83333333) 
iterations: 371358
