17000000000 (0) 
16500000000 (-500000000) 
15000000000 (-1500000000) 
13500000000 (-1500000000) 
13000000000 (-500000000) 
12833333333 (-166666667) 
11333333333 (-1500000000) 
10833333333 (-500000000) 
9333333333 (-1500000000) 
9166666666 (-166666667) 
8166666666 (-1000000000) 
7666666666 (-500000000) 
7033333333 (-633333333) 
5866666666 (-1166666667) 
5309523808 (-557142858) 
5142857141 (-166666667) 
5059523808 (-83333333) 
4976190475 (-83333333) 
4809523808 (-166666667) 
3809523808 (-1000000000) 
3791666666 (-17857142) 
3708333333 (-83333333) 
2708333333 (-1000000000) 
2694444444 (-13888889) 
iterations: 296994
