42500000000 (-1500000000) 
41000000000 (-1500000000) 
39500000000 (-1500000000) 
38000000000 (-1500000000) 
36500000000 (-1500000000) 
35000000000 (-1500000000) 
33500000000 (-1500000000) 
32333333333 (-1166666667) 
30833333333 (-1500000000) 
29333333333 (-1500000000) 
27833333333 (-1500000000) 
27333333333 (-500000000) 
25833333333 (-1500000000) 
25333333333 (-500000000) 
24833333333 (-500000000) 
24333333333 (-500000000) 
24166666666 (-166666667) 
23166666666 (-1000000000) 
22166666666 (-1000000000) 
21999999999 (-166666667) 
20999999999 (-1000000000) 
20833333332 (-166666667) 
19833333332 (-1000000000) 
18666666665 (-1166666667) 
18499999998 (-166666667) 
17333333331 (-1166666667) 
15833333331 (-1500000000) 
15666666664 (-166666667) 
15499999998 (-166666666) 
14333333332 (-1166666666) 
13333333332 (-1000000000) 
13166666665 (-166666667) 
12166666665 (-1000000000) 
11666666665 (-500000000) 
11499999998 (-166666667) 
11166666665 (-500000000) 
10999999998 (-166666667) 
9999999998 (-1000000000) 
9083333331 (-1083333334) 
8916666665 (-166666666) 
8866666665 (-50000000) 
8783333331 (-83333334) 
8699999998 (-83333333) 
8616666665 (-83333333) 
8583333331 (-33333334) 
8499999998 (-83333333) 
iterations: 234779
