13500000000 (-1500000000) 
12000000000 (-1500000000) 
11500000000 (-500000000) 
11000000000 (-500000000) 
9500000000 (-1500000000) 
8500000000 (-1000000000) 
8333333333 (-166666667) 
7833333333 (-500000000) 
6666666666 (-1166666667) 
5666666666 (-1000000000) 
4499999999 (-1166666667) 
4416666666 (-83333333) 
4249999999 (-166666667) 
4166666666 (-83333333) 
3666666666 (-500000000) 
3116666666 (-633333333) 
3083333332 (-33333334) 
2449999999 (-633333333) 
2366666666 (-83333333) 
iterations: 286376
