52500000000 (-500000000) 
52000000000 (-500000000) 
51500000000 (-500000000) 
50000000000 (-1500000000) 
49500000000 (-500000000) 
48000000000 (-1500000000) 
47500000000 (-500000000) 
46000000000 (-1500000000) 
45500000000 (-500000000) 
44500000000 (-1000000000) 
44000000000 (-500000000) 
42500000000 (-1500000000) 
42000000000 (-500000000) 
41000000000 (-1000000000) 
39500000000 (-1500000000) 
39000000000 (-500000000) 
37833333333 (-1166666667) 
37333333333 (-500000000) 
36333333333 (-1000000000) 
35833333333 (-500000000) 
35666666666 (-166666667) 
35166666666 (-500000000) 
34999999999 (-166666667) 
33999999999 (-1000000000) 
32833333332 (-1166666667) 
32666666666 (-166666666) 
32499999999 (-166666667) 
31499999999 (-1000000000) 
29999999999 (-1500000000) 
28999999999 (-1000000000) 
26499999999 (-2500000000) 
25499999999 (-1000000000) 
24999999999 (-500000000) 
24499999999 (-500000000) 
23999999999 (-500000000) 
23833333333 (-166666666) 
22833333333 (-1000000000) 
21666666666 (-1166666667) 
21499999999 (-166666667) 
20499999999 (-1000000000) 
19499999999 (-1000000000) 
19333333332 (-166666667) 
18333333332 (-1000000000) 
17833333332 (-500000000) 
17666666665 (-166666667) 
17499999999 (-166666666) 
17333333332 (-166666667) 
17249999999 (-83333333) 
17166666665 (-83333334) 
16166666665 (-1000000000) 
16083333331 (-83333334) 
15583333331 (-500000000) 
14583333331 (-1000000000) 
14416666665 (-166666666) 
14249999998 (-166666667) 
14199999998 (-50000000) 
13699999998 (-500000000) 
13533333331 (-166666667) 
12533333331 (-1000000000) 
12366666664 (-166666667) 
12333333330 (-33333334) 
11833333330 (-500000000) 
11333333330 (-500000000) 
11166666664 (-166666666) 
11142857140 (-23809524) 
11059523806 (-83333334) 
10892857140 (-166666666) 
10809523807 (-83333333) 
iterations: 194742
