24000000000 (0) 
23500000000 (-500000000) 
22000000000 (-1500000000) 
21500000000 (-500000000) 
21000000000 (-500000000) 
20500000000 (-500000000) 
19500000000 (-1000000000) 
18500000000 (-1000000000) 
18000000000 (-500000000) 
17000000000 (-1000000000) 
16500000000 (-500000000) 
15000000000 (-1500000000) 
14500000000 (-500000000) 
14000000000 (-500000000) 
13000000000 (-1000000000) 
12500000000 (-500000000) 
12333333333 (-166666667) 
11333333333 (-1000000000) 
10583333333 (-750000000) 
10416666666 (-166666667) 
9416666666 (-1000000000) 
9249999999 (-166666667) 
9083333333 (-166666666) 
8916666666 (-166666667) 
7916666666 (-1000000000) 
7833333333 (-83333333) 
6666666666 (-1166666667) 
6583333332 (-83333334) 
6499999999 (-83333333) 
6333333332 (-166666667) 
6249999999 (-83333333) 
6199999999 (-50000000) 
6116666666 (-166666666) 
6033333332 (-83333334) 
5783333332 (-250000000) 
5283333332 (-500000000) 
5199999999 (-83333333) 
5116666666 (-83333333) 
5083333332 (-33333334) 
4583333332 (-500000000) 
4533333332 (-50000000) 
4366666665 (-166666667) 
iterations: 278992
