59000000000 (0) 
57500000000 (-1500000000) 
57000000000 (-500000000) 
55500000000 (-1500000000) 
54000000000 (-1500000000) 
52500000000 (-1500000000) 
52000000000 (-500000000) 
50500000000 (-1500000000) 
50000000000 (-500000000) 
48500000000 (-1500000000) 
48000000000 (-500000000) 
47500000000 (-500000000) 
46500000000 (-1000000000) 
46000000000 (-500000000) 
43333333333 (-2666666667) 
42333333333 (-1000000000) 
41833333333 (-500000000) 
40333333333 (-1500000000) 
39833333333 (-500000000) 
39666666666 (-166666667) 
39166666666 (-500000000) 
37666666666 (-1500000000) 
37166666666 (-1000000000) 
36999999999 (-166666667) 
36833333333 (-166666666) 
36333333333 (-500000000) 
35833333333 (-500000000) 
34833333333 (-1000000000) 
34333333333 (-500000000) 
33833333333 (-500000000) 
32666666666 (-1166666667) 
31166666666 (-1500000000) 
30999999999 (-166666667) 
30499999999 (-500000000) 
30333333332 (-166666667) 
29833333332 (-500000000) 
29333333332 (-500000000) 
28833333332 (-500000000) 
28666666665 (-166666667) 
27666666665 (-1000000000) 
26666666665 (-1000000000) 
25166666665 (-1500000000) 
24666666665 (-500000000) 
24499999998 (-166666667) 
23499999998 (-1000000000) 
23333333332 (-166666666) 
23166666665 (-166666667) 
22999999998 (-166666667) 
22499999998 (-500000000) 
21499999998 (-1000000000) 
20499999998 (-1000000000) 
20333333332 (-166666666) 
20166666666 (-166666666) 
19999999999 (-166666667) 
19916666665 (-83333334) 
19833333331 (-83333334) 
19749999998 (-83333333) 
19249999998 (-500000000) 
18499999998 (-750000000) 
18333333331 (-166666667) 
18166666665 (-166666666) 
16999999998 (-1166666667) 
16916666664 (-83333334) 
16749999998 (-166666666) 
16666666665 (-83333333) 
16583333331 (-83333334) 
15583333331 (-1000000000) 
14749999998 (-1000000000) 
14666666665 (-83333333) 
14499999998 (-166666667) 
14333333332 (-166666666) 
14166666666 (-166666666) 
13726190474 (-440476192) 
13642857140 (-83333334) 
13592857140 (-50000000) 
13542857140 (-50000000) 
iterations: 177310
