66000000000 (0) 
65500000000 (-500000000) 
64000000000 (-1500000000) 
61000000000 (-3000000000) 
59500000000 (-1500000000) 
59000000000 (-500000000) 
57500000000 (-1500000000) 
57000000000 (-500000000) 
56500000000 (-500000000) 
55500000000 (-1000000000) 
55000000000 (-500000000) 
54500000000 (-500000000) 
54000000000 (-500000000) 
53500000000 (-500000000) 
53000000000 (-500000000) 
52500000000 (-500000000) 
52000000000 (-500000000) 
51500000000 (-500000000) 
50333333333 (-1166666667) 
49833333333 (-500000000) 
48833333333 (-1000000000) 
47833333333 (-1000000000) 
47333333333 (-500000000) 
47166666666 (-166666667) 
46166666666 (-1000000000) 
45666666666 (-500000000) 
44666666666 (-1000000000) 
43666666666 (-1000000000) 
43499999999 (-166666667) 
42999999999 (-500000000) 
42499999999 (-500000000) 
41999999999 (-500000000) 
41833333332 (-166666667) 
40333333332 (-1500000000) 
39333333332 (-1000000000) 
38833333332 (-500000000) 
37999999999 (-1000000000) 
37833333333 (-166666666) 
37333333333 (-500000000) 
37249999999 (-83333334) 
36749999999 (-500000000) 
35583333332 (-1166666667) 
34583333332 (-1000000000) 
33583333332 (-1000000000) 
32583333332 (-1000000000) 
31416666665 (-1166666667) 
30916666665 (-500000000) 
30749999998 (-166666667) 
30666666665 (-83333333) 
29666666665 (-1000000000) 
29166666665 (-500000000) 
28666666665 (-500000000) 
27666666665 (-1000000000) 
26666666665 (-1000000000) 
26166666665 (-500000000) 
25166666665 (-1000000000) 
24166666665 (-1000000000) 
23666666665 (-500000000) 
23499999999 (-166666666) 
22499999999 (-1000000000) 
22449999999 (-50000000) 
22283333332 (-166666667) 
22199999998 (-83333334) 
21699999998 (-500000000) 
21533333332 (-166666666) 
20533333332 (-1000000000) 
20366666665 (-166666667) 
19866666665 (-500000000) 
19699999998 (-166666667) 
19616666664 (-83333334) 
18616666664 (-1000000000) 
18449999998 (-166666666) 
18399999998 (-50000000) 
18233333332 (-166666666) 
17233333332 (-1000000000) 
17199999998 (-33333334) 
iterations: 172946
