96000000000 (0) 
95500000000 (-500000000) 
95000000000 (-500000000) 
93500000000 (-1500000000) 
93000000000 (-500000000) 
91500000000 (-1500000000) 
91000000000 (-500000000) 
90500000000 (-500000000) 
86000000000 (-4500000000) 
85500000000 (-500000000) 
85000000000 (-500000000) 
83500000000 (-1500000000) 
82000000000 (-1500000000) 
81500000000 (-500000000) 
81000000000 (-500000000) 
79500000000 (-1500000000) 
78000000000 (-1500000000) 
77500000000 (-500000000) 
76000000000 (-1500000000) 
75000000000 (-1000000000) 
73500000000 (-1500000000) 
73000000000 (-500000000) 
71833333333 (-1166666667) 
71333333333 (-500000000) 
70166666666 (-1166666667) 
69666666666 (-500000000) 
68166666666 (-1500000000) 
66666666666 (-1500000000) 
65666666666 (-1000000000) 
65166666666 (-500000000) 
63666666666 (-1500000000) 
62166666666 (-1500000000) 
60999999999 (-1166666667) 
60833333332 (-166666667) 
60333333332 (-500000000) 
59833333332 (-500000000) 
58333333332 (-1500000000) 
58166666665 (-166666667) 
57999999999 (-166666666) 
55499999999 (-2500000000) 
54499999999 (-1000000000) 
53999999999 (-500000000) 
52999999999 (-1000000000) 
52499999999 (-500000000) 
51999999999 (-500000000) 
51499999999 (-500000000) 
50999999999 (-500000000) 
50499999999 (-500000000) 
49999999999 (-500000000) 
49499999999 (-500000000) 
49333333333 (-166666666) 
47833333333 (-1500000000) 
46833333333 (-1000000000) 
46666666666 (-166666667) 
45666666666 (-1000000000) 
45166666666 (-500000000) 
44999999999 (-166666667) 
43999999999 (-1000000000) 
43833333332 (-166666667) 
42666666665 (-1166666667) 
42166666665 (-500000000) 
40999999998 (-1166666667) 
40833333332 (-166666666) 
40333333332 (-500000000) 
39833333332 (-500000000) 
38833333332 (-1000000000) 
37666666665 (-1166666667) 
37166666665 (-500000000) 
36999999999 (-166666666) 
36499999999 (-500000000) 
36333333332 (-166666667) 
36166666665 (-166666667) 
35666666665 (-500000000) 
35166666665 (-500000000) 
34666666665 (-500000000) 
33666666665 (-1000000000) 
32499999999 (-1166666666) 
32416666666 (-83333333) 
32249999999 (-166666667) 
31249999999 (-1000000000) 
31166666665 (-83333334) 
31083333332 (-83333333) 
30916666665 (-166666667) 
30749999999 (-166666666) 
30249999999 (-500000000) 
29749999999 (-500000000) 
29583333332 (-166666667) 
28416666665 (-1166666667) 
28333333332 (-83333333) 
28249999999 (-83333333) 
28083333332 (-166666667) 
27916666665 (-166666667) 
26916666665 (-1000000000) 
26416666665 (-500000000) 
25416666665 (-1000000000) 
25249999999 (-166666666) 
25083333332 (-166666667) 
24999999999 (-83333333) 
24499999999 (-500000000) 
24416666666 (-83333333) 
24249999999 (-166666667) 
23616666665 (-633333334) 
22616666665 (-1000000000) 
iterations: 111803
