57000000000 (0) 
56500000000 (-500000000) 
55000000000 (-1500000000) 
53500000000 (-1500000000) 
53000000000 (-500000000) 
51500000000 (-1500000000) 
51000000000 (-500000000) 
49500000000 (-1500000000) 
48333333333 (-1166666667) 
46833333333 (-1500000000) 
46333333333 (-500000000) 
45333333333 (-1000000000) 
44833333333 (-500000000) 
43333333333 (-1500000000) 
42833333333 (-500000000) 
42333333333 (-500000000) 
40833333333 (-1500000000) 
39833333333 (-1000000000) 
39333333333 (-500000000) 
37833333333 (-1500000000) 
36333333333 (-1500000000) 
35333333333 (-1000000000) 
35166666666 (-166666667) 
34416666666 (-750000000) 
33916666666 (-500000000) 
32916666666 (-1000000000) 
32416666666 (-500000000) 
31249999999 (-1166666667) 
29749999999 (-1500000000) 
28249999999 (-1500000000) 
27249999999 (-1000000000) 
26249999999 (-1000000000) 
25749999999 (-500000000) 
24666666666 (-1083333333) 
24499999999 (-166666667) 
23333333332 (-1166666667) 
23166666666 (-166666666) 
23083333332 (-83333334) 
22583333332 (-500000000) 
21583333332 (-1000000000) 
21499999999 (-83333333) 
20499999999 (-1000000000) 
19333333332 (-1166666667) 
19166666666 (-166666666) 
18666666666 (-500000000) 
18499999999 (-166666667) 
17999999999 (-500000000) 
16499999999 (-1500000000) 
15333333332 (-1166666667) 
15249999999 (-83333333) 
15083333332 (-166666667) 
14583333332 (-500000000) 
14533333332 (-50000000) 
14449999999 (-83333333) 
13449999999 (-1000000000) 
13366666665 (-83333334) 
13199999998 (-166666667) 
13033333331 (-166666667) 
12983333331 (-50000000) 
12933333331 (-50000000) 
12849999998 (-83333333) 
12349999998 (-500000000) 
12183333332 (-166666666) 
12099999998 (-83333334) 
12016666665 (-83333333) 
11933333332 (-83333333) 
iterations: 189491
