37000000000 (0) 
35500000000 (-1500000000) 
34000000000 (-1500000000) 
32500000000 (-1500000000) 
32000000000 (-500000000) 
31500000000 (-500000000) 
31000000000 (-500000000) 
30500000000 (-500000000) 
29000000000 (-1500000000) 
28500000000 (-500000000) 
28333333333 (-166666667) 
28166666666 (-166666667) 
27666666666 (-500000000) 
27166666666 (-500000000) 
24666666666 (-2500000000) 
24500000000 (-166666666) 
24000000000 (-500000000) 
23500000000 (-500000000) 
22333333333 (-1166666667) 
21833333333 (-500000000) 
21333333333 (-500000000) 
20833333333 (-500000000) 
20333333333 (-500000000) 
18833333333 (-1500000000) 
18666666666 (-166666667) 
18499999999 (-166666667) 
18333333332 (-166666667) 
16833333332 (-1500000000) 
16666666666 (-166666666) 
15666666666 (-1000000000) 
15166666666 (-500000000) 
14166666666 (-1000000000) 
13999999999 (-166666667) 
13499999999 (-500000000) 
12999999999 (-500000000) 
12499999999 (-1000000000) 
12416666666 (-83333333) 
12366666666 (-50000000) 
11366666666 (-1000000000) 
10366666666 (-1000000000) 
9866666666 (-500000000) 
9699999999 (-166666667) 
9616666666 (-83333333) 
9449999999 (-166666667) 
8949999999 (-500000000) 
8783333332 (-166666667) 
8699999999 (-83333333) 
8616666666 (-83333333) 
8566666666 (-50000000) 
7566666666 (-1000000000) 
7533333332 (-33333334) 
7449999999 (-83333333) 
7449999998 (-166666667) 
7399999998 (-50000000) 
7349999998 (-50000000) 
7266666665 (-83333333) 
7216666665 (-50000000) 
7183333331 (-33333334) 
6183333331 (-1000000000) 
6016666664 (-166666667) 
5983333330 (-33333334) 
5899999997 (-83333333) 
iterations: 241849
