15000000000 (0) 
13500000000 (-1500000000) 
12000000000 (-1500000000) 
11500000000 (-500000000) 
10500000000 (-1000000000) 
10000000000 (-500000000) 
9000000000 (-1000000000) 
8500000000 (-500000000) 
8333333333 (-166666667) 
6166666666 (-2166666667) 
5666666666 (-500000000) 
5499999999 (-166666667) 
4666666666 (-1000000000) 
4499999999 (-166666667) 
3999999999 (-500000000) 
2999999999 (-1000000000) 
2833333332 (-166666667) 
2749999999 (-83333333) 
2699999999 (-50000000) 
2616666666 (-83333333) 
iterations: 518049
