109500000000 (-500000000) 
109000000000 (-500000000) 
107500000000 (-1500000000) 
106000000000 (-1500000000) 
104500000000 (-1500000000) 
103000000000 (-1500000000) 
101500000000 (-1500000000) 
100000000000 (-1500000000) 
99500000000 (-500000000) 
99000000000 (-500000000) 
97500000000 (-1500000000) 
96000000000 (-1500000000) 
95500000000 (-500000000) 
95000000000 (-500000000) 
94500000000 (-500000000) 
94000000000 (-500000000) 
93500000000 (-500000000) 
93000000000 (-500000000) 
92833333333 (-166666667) 
92333333333 (-500000000) 
91333333333 (-1000000000) 
89833333333 (-1500000000) 
89333333333 (-500000000) 
87833333333 (-1500000000) 
86833333333 (-1000000000) 
86333333333 (-500000000) 
84833333333 (-1500000000) 
84333333333 (-500000000) 
83833333333 (-500000000) 
83333333333 (-500000000) 
82833333333 (-500000000) 
81833333333 (-1000000000) 
81333333333 (-500000000) 
80833333333 (-500000000) 
80333333333 (-500000000) 
80166666666 (-166666667) 
79666666666 (-500000000) 
79499999999 (-166666667) 
77999999999 (-1500000000) 
76499999999 (-1500000000) 
75999999999 (-500000000) 
75833333332 (-166666667) 
75333333332 (-500000000) 
75166666665 (-166666667) 
73999999999 (-1166666666) 
73833333332 (-166666667) 
72833333332 (-1000000000) 
72333333332 (-500000000) 
71833333332 (-500000000) 
70666666665 (-1166666667) 
67999999998 (-2666666667) 
67833333331 (-166666667) 
67333333331 (-500000000) 
66166666665 (-1166666666) 
65416666665 (-750000000) 
65249999999 (-166666666) 
65083333332 (-166666667) 
64083333332 (-1000000000) 
63583333332 (-500000000) 
63083333332 (-500000000) 
62083333332 (-1000000000) 
61583333332 (-500000000) 
61416666665 (-166666667) 
61249999999 (-166666666) 
60749999999 (-500000000) 
60249999999 (-500000000) 
59083333333 (-1166666666) 
58083333333 (-1000000000) 
57083333333 (-1000000000) 
56916666666 (-166666667) 
56416666666 (-500000000) 
55916666666 (-500000000) 
55416666666 (-500000000) 
55249999999 (-166666667) 
54749999999 (-500000000) 
54583333332 (-166666667) 
53583333332 (-1000000000) 
52583333332 (-1000000000) 
52083333332 (-500000000) 
51083333332 (-1000000000) 
50583333332 (-500000000) 
50416666665 (-166666667) 
49916666665 (-500000000) 
49749999998 (-166666667) 
48749999998 (-1000000000) 
47999999998 (-750000000) 
46499999998 (-1500000000) 
46333333331 (-166666667) 
45833333331 (-500000000) 
45333333331 (-500000000) 
45249999998 (-83333333) 
44749999998 (-500000000) 
44249999998 (-500000000) 
43749999998 (-500000000) 
43416666665 (-500000000) 
42916666665 (-500000000) 
42416666665 (-500000000) 
41416666665 (-1000000000) 
41249999998 (-166666667) 
40749999998 (-500000000) 
40249999998 (-500000000) 
39749999998 (-500000000) 
38749999998 (-1000000000) 
38583333332 (-166666666) 
38416666666 (-166666666) 
37916666666 (-500000000) 
37833333332 (-83333334) 
37749999999 (-83333333) 
36749999999 (-1000000000) 
36666666665 (-83333334) 
36499999998 (-166666667) 
36416666665 (-83333333) 
36249999998 (-166666667) 
36166666665 (-83333333) 
35166666665 (-1000000000) 
34999999998 (-166666667) 
34499999998 (-500000000) 
34333333332 (-166666666) 
34166666665 (-166666667) 
33999999999 (-166666666) 
33666666666 (-333333333) 
iterations: 94972
