25000000000 (0) 
23500000000 (-1500000000) 
23000000000 (-500000000) 
22500000000 (-500000000) 
21000000000 (-1500000000) 
20500000000 (-500000000) 
19000000000 (-1500000000) 
18000000000 (-1000000000) 
17500000000 (-500000000) 
17333333333 (-166666667) 
16833333333 (-500000000) 
15833333333 (-1000000000) 
15333333333 (-500000000) 
14833333333 (-500000000) 
14666666666 (-166666667) 
14166666666 (-500000000) 
13666666666 (-500000000) 
12666666666 (-1000000000) 
11666666666 (-1000000000) 
11166666666 (-500000000) 
10999999999 (-166666667) 
10499999999 (-500000000) 
9499999999 (-1000000000) 
9333333332 (-166666667) 
9166666666 (-166666666) 
8666666666 (-500000000) 
8583333332 (-83333334) 
8416666665 (-166666667) 
7416666665 (-1000000000) 
7249999998 (-166666667) 
6249999998 (-1000000000) 
6166666665 (-83333333) 
6083333332 (-83333333) 
5916666666 (-166666666) 
5750000000 (-166666666) 
4916666666 (-1000000000) 
4750000000 (-166666666) 
4583333333 (-166666667) 
4499999999 (-83333334) 
4416666666 (-83333333) 
4366666666 (-50000000) 
4283333332 (-83333334) 
4233333332 (-50000000) 
4183333332 (-50000000) 
4133333332 (-50000000) 
4049999999 (-83333333) 
3641666666 (-408333333) 
iterations: 298708
