27500000000 (-500000000) 
26000000000 (-1500000000) 
24500000000 (-1500000000) 
24000000000 (-500000000) 
23500000000 (-500000000) 
22000000000 (-1500000000) 
20833333333 (-1166666667) 
19333333333 (-1500000000) 
18833333333 (-500000000) 
18333333333 (-500000000) 
17333333333 (-1000000000) 
16333333333 (-1000000000) 
15833333333 (-500000000) 
15666666666 (-166666667) 
14666666666 (-1000000000) 
14500000000 (-166666666) 
14416666666 (-83333334) 
14249999999 (-166666667) 
13249999999 (-1000000000) 
12249999999 (-1000000000) 
11083333333 (-1166666666) 
10583333333 (-500000000) 
9833333333 (-750000000) 
8833333333 (-1000000000) 
8749999999 (-83333334) 
8699999999 (-50000000) 
7699999999 (-1000000000) 
7616666666 (-83333333) 
6616666666 (-1000000000) 
6449999999 (-166666667) 
6399999999 (-50000000) 
6316666666 (-83333333) 
iterations: 320447
