20000000000 (0) 
18500000000 (-1500000000) 
17000000000 (-1500000000) 
16500000000 (-500000000) 
15000000000 (-1500000000) 
14500000000 (-500000000) 
13333333333 (-1166666667) 
12333333333 (-1000000000) 
10833333333 (-1500000000) 
10333333333 (-500000000) 
9583333333 (-750000000) 
8583333333 (-1000000000) 
7083333333 (-1500000000) 
6583333333 (-500000000) 
5583333333 (-1000000000) 
5416666666 (-166666667) 
5249999999 (-166666667) 
5199999999 (-50000000) 
4699999999 (-500000000) 
4533333332 (-166666667) 
4449999999 (-83333333) 
iterations: 353174
