59000000000 (0) 
57500000000 (-1500000000) 
57000000000 (-500000000) 
55500000000 (-1500000000) 
55000000000 (-500000000) 
54500000000 (-500000000) 
53000000000 (-1500000000) 
52500000000 (-500000000) 
52000000000 (-500000000) 
50500000000 (-1500000000) 
50000000000 (-500000000) 
48500000000 (-1500000000) 
48000000000 (-500000000) 
47500000000 (-500000000) 
47000000000 (-500000000) 
46000000000 (-1000000000) 
45500000000 (-500000000) 
45000000000 (-500000000) 
44500000000 (-500000000) 
44000000000 (-500000000) 
43000000000 (-1000000000) 
42500000000 (-500000000) 
42333333333 (-166666667) 
41833333333 (-500000000) 
41333333333 (-500000000) 
39833333333 (-1500000000) 
39333333333 (-500000000) 
38833333333 (-500000000) 
38333333333 (-500000000) 
37833333333 (-500000000) 
36833333333 (-1000000000) 
35333333333 (-1500000000) 
35166666666 (-166666667) 
34999999999 (-166666667) 
33999999999 (-1000000000) 
33833333333 (-166666666) 
33333333333 (-500000000) 
32833333333 (-500000000) 
31666666666 (-1166666667) 
30166666666 (-1500000000) 
30083333333 (-500000000) 
29916666666 (-166666667) 
29749999999 (-166666667) 
28249999999 (-1500000000) 
27249999999 (-1000000000) 
26749999999 (-500000000) 
26583333332 (-166666667) 
26416666666 (-166666666) 
25916666666 (-500000000) 
24916666666 (-1000000000) 
24750000000 (-166666666) 
24250000000 (-500000000) 
24083333333 (-166666667) 
23083333333 (-1000000000) 
23000000000 (-83333333) 
22000000000 (-1000000000) 
20833333333 (-1166666667) 
20333333333 (-500000000) 
20249999999 (-83333334) 
20083333333 (-166666666) 
19916666666 (-166666667) 
19833333332 (-83333334) 
19666666666 (-166666666) 
19166666666 (-500000000) 
19000000000 (-166666666) 
18833333333 (-166666667) 
18749999999 (-83333334) 
18583333333 (-166666666) 
18499999999 (-83333334) 
17499999999 (-1000000000) 
17333333332 (-166666667) 
16333333332 (-1000000000) 
15166666666 (-1166666666) 
15083333333 (-83333333) 
14583333333 (-500000000) 
14500000000 (-83333333) 
14416666666 (-83333334) 
14366666666 (-50000000) 
14283333332 (-83333334) 
14233333332 (-50000000) 
13233333332 (-1000000000) 
iterations: 178204
