35000000000 (0) 
33500000000 (-1500000000) 
32000000000 (-1500000000) 
30500000000 (-1500000000) 
29000000000 (-1500000000) 
28500000000 (-500000000) 
28000000000 (-500000000) 
26500000000 (-1500000000) 
25000000000 (-1500000000) 
24833333333 (-166666667) 
24333333333 (-500000000) 
22833333333 (-1500000000) 
22333333333 (-500000000) 
20833333333 (-1500000000) 
20666666666 (-166666667) 
20166666666 (-500000000) 
19166666666 (-1000000000) 
17666666666 (-1500000000) 
16916666666 (-750000000) 
15749999999 (-1166666667) 
15249999999 (-500000000) 
15166666666 (-83333333) 
14999999999 (-166666667) 
13999999999 (-1000000000) 
13833333332 (-166666667) 
13333333332 (-500000000) 
12333333332 (-1000000000) 
12166666665 (-166666667) 
10999999999 (-1166666666) 
9999999999 (-1000000000) 
9916666666 (-83333333) 
9833333333 (-83333333) 
8833333333 (-1000000000) 
8333333333 (-500000000) 
8166666666 (-166666667) 
8116666666 (-50000000) 
8066666666 (-50000000) 
8033333332 (-33333334) 
7916666665 (-166666667) 
7416666664 (-500000001) 
7333333331 (-83333333) 
7309523807 (-23809524) 
7285714283 (-23809524) 
iterations: 260799
