60000000000 (0) 
58500000000 (-1500000000) 
58000000000 (-500000000) 
56500000000 (-1500000000) 
56000000000 (-500000000) 
55500000000 (-500000000) 
53500000000 (-2000000000) 
52000000000 (-1500000000) 
50500000000 (-1500000000) 
49000000000 (-1500000000) 
48000000000 (-1000000000) 
47500000000 (-500000000) 
47000000000 (-500000000) 
46500000000 (-500000000) 
46000000000 (-500000000) 
45500000000 (-500000000) 
44500000000 (-1000000000) 
43000000000 (-1500000000) 
42000000000 (-1000000000) 
40500000000 (-1500000000) 
40000000000 (-500000000) 
39000000000 (-1000000000) 
38000000000 (-1000000000) 
37500000000 (-500000000) 
37000000000 (-500000000) 
36500000000 (-500000000) 
36000000000 (-500000000) 
35833333333 (-166666667) 
35666666666 (-166666667) 
35500000000 (-166666666) 
35000000000 (-500000000) 
34000000000 (-1000000000) 
33000000000 (-1000000000) 
32000000000 (-1000000000) 
31500000000 (-500000000) 
31416666666 (-83333334) 
31249999999 (-166666667) 
31083333333 (-166666666) 
30583333333 (-500000000) 
30416666666 (-166666667) 
28916666666 (-1500000000) 
28749999999 (-166666667) 
28583333333 (-166666666) 
27583333333 (-1000000000) 
27083333333 (-500000000) 
26333333333 (-750000000) 
26166666666 (-166666667) 
26083333332 (-83333334) 
24916666665 (-1166666667) 
24749999998 (-166666667) 
23749999998 (-1000000000) 
23666666665 (-83333333) 
23499999999 (-166666666) 
22499999999 (-1000000000) 
22333333332 (-166666667) 
22249999999 (-83333333) 
22083333332 (-166666667) 
21083333332 (-1000000000) 
19999999999 (-1083333333) 
19916666665 (-83333334) 
19749999999 (-166666666) 
19699999999 (-50000000) 
19649999999 (-50000000) 
18649999999 (-1000000000) 
18599999999 (-50000000) 
18433333332 (-166666667) 
17933333332 (-500000000) 
16933333332 (-1083333333) 
16766666665 (-166666667) 
15599999999 (-1166666666) 
14599999999 (-1000000000) 
14516666666 (-83333333) 
iterations: 160498
