26000000000 (0) 
25500000000 (-500000000) 
22500000000 (-3000000000) 
21000000000 (-1500000000) 
19500000000 (-1500000000) 
19000000000 (-500000000) 
17500000000 (-1500000000) 
17000000000 (-500000000) 
16500000000 (-500000000) 
15500000000 (-1000000000) 
14333333333 (-1166666667) 
13333333333 (-1000000000) 
12333333333 (-1000000000) 
11833333333 (-500000000) 
10666666666 (-1166666667) 
10499999999 (-166666667) 
9999999999 (-500000000) 
9499999999 (-1000000000) 
9333333332 (-166666667) 
8333333332 (-1000000000) 
8166666665 (-166666667) 
8083333332 (-83333333) 
7699999999 (-500000000) 
7533333332 (-166666667) 
7366666665 (-166666667) 
iterations: 393271
