85000000000 (0) 
84500000000 (-500000000) 
83000000000 (-1500000000) 
82500000000 (-500000000) 
82000000000 (-500000000) 
81500000000 (-500000000) 
81000000000 (-500000000) 
79500000000 (-1500000000) 
79000000000 (-500000000) 
78500000000 (-500000000) 
78000000000 (-500000000) 
76500000000 (-1500000000) 
75000000000 (-1500000000) 
74500000000 (-500000000) 
73500000000 (-1000000000) 
73000000000 (-500000000) 
71500000000 (-1500000000) 
70000000000 (-1500000000) 
69000000000 (-1000000000) 
68000000000 (-1000000000) 
67500000000 (-500000000) 
67000000000 (-500000000) 
65500000000 (-1500000000) 
65333333333 (-166666667) 
64833333333 (-500000000) 
63833333333 (-1000000000) 
63333333333 (-500000000) 
61833333333 (-1500000000) 
60333333333 (-1500000000) 
59833333333 (-500000000) 
59333333333 (-500000000) 
58833333333 (-500000000) 
58333333333 (-500000000) 
57333333333 (-1000000000) 
56833333333 (-500000000) 
56333333333 (-500000000) 
55833333333 (-500000000) 
55666666666 (-166666667) 
55499999999 (-166666667) 
55333333332 (-166666667) 
54833333332 (-500000000) 
54333333332 (-500000000) 
53833333332 (-500000000) 
52333333332 (-1500000000) 
51833333332 (-500000000) 
51333333332 (-500000000) 
51166666666 (-166666666) 
50666666666 (-500000000) 
50499999999 (-166666667) 
49333333332 (-1166666667) 
48833333332 (-500000000) 
47833333332 (-1000000000) 
47749999999 (-83333333) 
46583333332 (-1166666667) 
46083333332 (-500000000) 
45083333332 (-1000000000) 
44083333332 (-1000000000) 
42583333332 (-1500000000) 
41416666665 (-1166666667) 
41249999999 (-166666666) 
41083333333 (-166666666) 
40916666666 (-166666667) 
40416666666 (-500000000) 
40249999999 (-166666667) 
40083333332 (-166666667) 
39916666665 (-166666667) 
39416666665 (-500000000) 
39249999999 (-166666666) 
39083333332 (-166666667) 
38583333332 (-500000000) 
38333333332 (-333333334) 
38166666665 (-166666667) 
37999999999 (-166666666) 
37666666665 (-333333334) 
37499999999 (-166666666) 
37333333332 (-166666667) 
36333333332 (-1000000000) 
35833333332 (-500000000) 
35333333332 (-500000000) 
34833333332 (-500000000) 
33833333332 (-1000000000) 
33333333332 (-500000000) 
33249999998 (-83333334) 
32749999998 (-500000000) 
32583333332 (-166666666) 
32083333332 (-500000000) 
31583333332 (-500000000) 
31416666666 (-166666666) 
31249999999 (-166666667) 
30749999999 (-500000000) 
30666666666 (-83333333) 
30583333332 (-83333334) 
29583333332 (-1000000000) 
29416666666 (-166666666) 
28416666666 (-1000000000) 
28333333332 (-83333334) 
28166666666 (-166666666) 
28083333332 (-83333334) 
27583333332 (-500000000) 
27416666666 (-166666666) 
27333333332 (-83333334) 
26333333332 (-1000000000) 
26249999999 (-83333333) 
26199999999 (-50000000) 
26033333332 (-166666667) 
25866666665 (-166666667) 
25366666665 (-500000000) 
25199999998 (-166666667) 
25033333332 (-166666666) 
24699999998 (-333333334) 
iterations: 124610
