72500000000 (-1500000000) 
71000000000 (-1500000000) 
69500000000 (-1500000000) 
68000000000 (-1500000000) 
66833333333 (-1166666667) 
66333333333 (-500000000) 
64833333333 (-1500000000) 
63333333333 (-1500000000) 
61833333333 (-1500000000) 
60333333333 (-1500000000) 
59833333333 (-500000000) 
58333333333 (-1500000000) 
56833333333 (-1500000000) 
55333333333 (-1500000000) 
54833333333 (-500000000) 
54333333333 (-500000000) 
52833333333 (-1500000000) 
52333333333 (-500000000) 
51166666666 (-1166666667) 
49666666666 (-1500000000) 
48166666666 (-1500000000) 
47666666666 (-500000000) 
47166666666 (-500000000) 
46666666666 (-500000000) 
45499999999 (-1166666667) 
44999999999 (-500000000) 
43999999999 (-1000000000) 
42499999999 (-1500000000) 
41999999999 (-500000000) 
41499999999 (-500000000) 
40999999999 (-500000000) 
40833333332 (-166666667) 
39833333332 (-1000000000) 
39333333332 (-500000000) 
39166666666 (-166666666) 
38666666666 (-500000000) 
38500000000 (-166666666) 
38000000000 (-500000000) 
37833333333 (-166666667) 
36833333333 (-1000000000) 
36333333333 (-500000000) 
35833333333 (-500000000) 
35333333333 (-500000000) 
34166666666 (-1166666667) 
34083333332 (-83333334) 
33916666665 (-166666667) 
32916666665 (-1000000000) 
32833333332 (-83333333) 
31666666665 (-1166666667) 
31166666665 (-500000000) 
30166666665 (-1000000000) 
29999999998 (-166666667) 
29949999998 (-50000000) 
28949999998 (-1000000000) 
28449999998 (-500000000) 
28283333331 (-166666667) 
28116666664 (-166666667) 
28033333331 (-83333333) 
26866666664 (-1166666667) 
26783333331 (-83333333) 
26616666665 (-166666666) 
26116666665 (-500000000) 
25116666665 (-1000000000) 
24949999998 (-166666667) 
24449999998 (-500000000) 
24283333332 (-166666666) 
24116666665 (-166666667) 
23616666665 (-500000000) 
23116666665 (-500000000) 
23033333332 (-83333333) 
22866666665 (-166666667) 
22699999999 (-166666666) 
22616666665 (-83333334) 
22449999999 (-166666666) 
22283333332 (-166666667) 
21283333332 (-1000000000) 
20783333332 (-500000000) 
20699999999 (-83333333) 
20199999999 (-500000000) 
20033333332 (-166666667) 
iterations: 140579
