56000000000 (0) 
54500000000 (-1500000000) 
54000000000 (-500000000) 
51000000000 (-3000000000) 
50500000000 (-500000000) 
50000000000 (-500000000) 
49000000000 (-1000000000) 
47500000000 (-1500000000) 
46000000000 (-1500000000) 
45500000000 (-500000000) 
44000000000 (-1500000000) 
42500000000 (-1500000000) 
42000000000 (-500000000) 
40500000000 (-1500000000) 
40000000000 (-500000000) 
39500000000 (-500000000) 
38000000000 (-1500000000) 
36500000000 (-1500000000) 
36333333333 (-166666667) 
35833333333 (-500000000) 
34333333333 (-1500000000) 
33833333333 (-500000000) 
33666666666 (-166666667) 
32499999999 (-1500000000) 
32333333333 (-166666666) 
31249999999 (-1083333334) 
30749999999 (-500000000) 
29749999999 (-1000000000) 
29249999999 (-500000000) 
27749999999 (-1500000000) 
27583333333 (-166666666) 
27083333333 (-500000000) 
26916666666 (-166666667) 
26749999999 (-166666667) 
26583333333 (-166666666) 
26416666666 (-166666667) 
25416666666 (-1000000000) 
24249999999 (-1166666667) 
24083333332 (-166666667) 
23083333332 (-1000000000) 
22083333332 (-1000000000) 
21583333332 (-500000000) 
21416666665 (-166666667) 
20333333332 (-1083333333) 
20166666665 (-166666667) 
19999999999 (-166666666) 
19916666666 (-83333333) 
18916666666 (-1000000000) 
18833333333 (-83333333) 
18666666666 (-166666667) 
18499999999 (-166666667) 
17499999999 (-1000000000) 
16999999999 (-500000000) 
16916666666 (-83333333) 
16749999999 (-166666667) 
16666666666 (-83333333) 
16583333333 (-83333333) 
15616666665 (-1000000000) 
15566666665 (-50000000) 
15399999999 (-166666666) 
15366666665 (-33333334) 
15316666665 (-50000000) 
15149999999 (-166666666) 
iterations: 186289
