36000000000 (0) 
35500000000 (-500000000) 
35000000000 (-500000000) 
34500000000 (-500000000) 
33000000000 (-1500000000) 
32500000000 (-500000000) 
31000000000 (-1500000000) 
30500000000 (-500000000) 
29000000000 (-1500000000) 
28000000000 (-1000000000) 
27500000000 (-500000000) 
27333333333 (-166666667) 
26333333333 (-1000000000) 
24833333333 (-1500000000) 
24333333333 (-500000000) 
23833333333 (-500000000) 
22833333333 (-1000000000) 
22666666666 (-166666667) 
22166666666 (-500000000) 
20666666666 (-1500000000) 
19666666666 (-1000000000) 
18166666666 (-1500000000) 
16666666666 (-1500000000) 
16499999999 (-166666667) 
15499999999 (-1000000000) 
15333333333 (-166666666) 
15166666666 (-166666667) 
14999999999 (-166666667) 
14833333333 (-166666666) 
14333333333 (-500000000) 
13833333333 (-500000000) 
13666666666 (-166666667) 
13033333333 (-633333333) 
12866666666 (-166666667) 
12366666666 (-500000000) 
12199999999 (-166666667) 
12033333332 (-166666667) 
11533333332 (-500000000) 
11033333332 (-500000000) 
10533333332 (-500000000) 
10449999999 (-83333333) 
10399999999 (-50000000) 
10233333332 (-166666667) 
9733333332 (-500000000) 
9233333332 (-500000000) 
9066666666 (-166666666) 
8983333332 (-83333334) 
8483333332 (-500000000) 
8042857141 (-440476191) 
7959523808 (-83333333) 
6959523808 (-1000000000) 
6926190474 (-33333334) 
6759523807 (-166666667) 
6259523807 (-500000000) 
6209523807 (-50000000) 
6159523807 (-50000000) 
iterations: 219709
