52000000000 (0) 
50500000000 (-1500000000) 
50000000000 (-500000000) 
48500000000 (-1500000000) 
48000000000 (-500000000) 
46500000000 (-1500000000) 
46000000000 (-500000000) 
44500000000 (-1500000000) 
44000000000 (-500000000) 
42500000000 (-1500000000) 
42000000000 (-500000000) 
41500000000 (-500000000) 
41333333333 (-166666667) 
40833333333 (-500000000) 
39333333333 (-1500000000) 
38833333333 (-500000000) 
38333333333 (-500000000) 
37833333333 (-500000000) 
37333333333 (-500000000) 
36833333333 (-500000000) 
35833333333 (-1000000000) 
34333333333 (-1500000000) 
33833333333 (-500000000) 
33666666666 (-166666667) 
33166666666 (-500000000) 
32666666666 (-500000000) 
31500000000 (-1166666666) 
30500000000 (-1000000000) 
30000000000 (-500000000) 
29833333333 (-166666667) 
29333333333 (-500000000) 
28833333333 (-500000000) 
27833333333 (-1000000000) 
27666666666 (-166666667) 
27583333333 (-83333333) 
27416666666 (-166666667) 
27250000000 (-166666666) 
26750000000 (-500000000) 
26583333333 (-166666667) 
25583333333 (-1000000000) 
25083333333 (-500000000) 
24083333333 (-1000000000) 
23916666666 (-166666667) 
23866666666 (-50000000) 
23699999999 (-166666667) 
23533333332 (-166666667) 
23033333332 (-500000000) 
22949999998 (-83333334) 
22783333332 (-166666666) 
21616666665 (-1166666667) 
21449999998 (-166666667) 
20949999998 (-500000000) 
20866666665 (-83333333) 
20699999998 (-166666667) 
20199999998 (-500000000) 
19699999998 (-500000000) 
19533333331 (-166666667) 
18533333331 (-1000000000) 
17533333331 (-1000000000) 
16533333331 (-1000000000) 
16033333331 (-500000000) 
15949999998 (-83333333) 
15866666665 (-83333333) 
15699999998 (-166666667) 
15649999998 (-50000000) 
15566666665 (-83333333) 
15066666665 (-500000000) 
13899999998 (-1166666667) 
13733333331 (-166666667) 
13566666665 (-166666666) 
13516666665 (-50000000) 
13349999998 (-166666667) 
13099999998 (-250000000) 
12099999998 (-1000000000) 
12016666665 (-83333333) 
11849999998 (-166666667) 
11766666665 (-83333333) 
iterations: 185427
