64000000000 (0) 
63500000000 (-500000000) 
62000000000 (-1500000000) 
61500000000 (-500000000) 
60000000000 (-1500000000) 
58500000000 (-1500000000) 
57000000000 (-1500000000) 
55500000000 (-1500000000) 
55000000000 (-500000000) 
53500000000 (-1500000000) 
53000000000 (-500000000) 
52500000000 (-500000000) 
51500000000 (-1000000000) 
51000000000 (-500000000) 
49500000000 (-1500000000) 
49000000000 (-500000000) 
48500000000 (-500000000) 
47000000000 (-1500000000) 
46500000000 (-500000000) 
46333333333 (-166666667) 
45833333333 (-500000000) 
44833333333 (-1000000000) 
44333333333 (-500000000) 
43833333333 (-500000000) 
43666666666 (-166666667) 
43166666666 (-500000000) 
42666666666 (-500000000) 
41666666666 (-1000000000) 
40166666666 (-1500000000) 
39666666666 (-500000000) 
39166666666 (-500000000) 
38666666666 (-500000000) 
38166666666 (-500000000) 
37999999999 (-166666667) 
37499999999 (-500000000) 
36999999999 (-500000000) 
35999999999 (-1000000000) 
35499999999 (-500000000) 
34999999999 (-500000000) 
32499999999 (-2500000000) 
31999999999 (-500000000) 
31833333333 (-166666666) 
30666666666 (-1166666667) 
30499999999 (-166666667) 
29749999999 (-750000000) 
28583333332 (-1166666667) 
28249999999 (-500000000) 
27749999999 (-500000000) 
26749999999 (-1000000000) 
25583333332 (-1166666667) 
25416666665 (-166666667) 
25333333331 (-83333334) 
25166666665 (-166666666) 
24999999998 (-166666667) 
23916666665 (-1083333333) 
23416666665 (-500000000) 
22249999999 (-1166666666) 
22199999999 (-50000000) 
22116666665 (-83333334) 
22033333331 (-83333334) 
21033333331 (-1000000000) 
20033333331 (-1000000000) 
19866666665 (-166666666) 
19366666665 (-500000000) 
19199999998 (-166666667) 
18699999998 (-500000000) 
18616666665 (-83333333) 
18533333332 (-83333333) 
18033333332 (-500000000) 
17533333332 (-500000000) 
17449999999 (-83333333) 
17283333332 (-166666667) 
17116666665 (-166666667) 
16116666665 (-1000000000) 
16033333332 (-83333333) 
15949999999 (-83333333) 
iterations: 164991
