55000000000 (0) 
54500000000 (-500000000) 
53000000000 (-1500000000) 
52500000000 (-500000000) 
51000000000 (-1500000000) 
50500000000 (-500000000) 
49000000000 (-1500000000) 
48000000000 (-1000000000) 
46500000000 (-1500000000) 
45000000000 (-1500000000) 
44500000000 (-500000000) 
43000000000 (-1500000000) 
42500000000 (-500000000) 
42000000000 (-500000000) 
40833333333 (-1166666667) 
39333333333 (-1500000000) 
38833333333 (-500000000) 
38333333333 (-500000000) 
37833333333 (-500000000) 
36833333333 (-1000000000) 
36083333333 (-750000000) 
35583333333 (-500000000) 
35083333333 (-500000000) 
34583333333 (-500000000) 
34416666666 (-166666667) 
33249999999 (-1166666667) 
32249999999 (-1000000000) 
32083333332 (-166666667) 
31583333332 (-500000000) 
31083333332 (-500000000) 
30083333332 (-1000000000) 
28916666666 (-1166666666) 
27916666666 (-1000000000) 
26749999999 (-1166666667) 
26249999999 (-500000000) 
25749999999 (-500000000) 
24583333332 (-1166666667) 
23416666665 (-1166666667) 
22416666665 (-1000000000) 
21916666665 (-500000000) 
21416666665 (-500000000) 
20666666665 (-750000000) 
20499999999 (-166666666) 
19999999999 (-500000000) 
19916666665 (-83333334) 
19416666665 (-500000000) 
19249999999 (-166666666) 
19199999999 (-50000000) 
18699999999 (-500000000) 
18616666666 (-83333333) 
18449999999 (-166666667) 
18283333332 (-166666667) 
17283333332 (-1000000000) 
17199999999 (-83333333) 
17149999999 (-50000000) 
16649999999 (-500000000) 
16483333333 (-166666666) 
15983333333 (-500000000) 
15816666666 (-166666667) 
15733333333 (-83333333) 
15683333333 (-50000000) 
15516666666 (-166666667) 
15349999999 (-166666667) 
14349999999 (-1000000000) 
14183333332 (-166666667) 
14016666665 (-166666667) 
13933333331 (-83333334) 
12933333331 (-1000000000) 
12849999998 (-83333333) 
12799999998 (-50000000) 
12716666665 (-83333333) 
11716666665 (-1000000000) 
iterations: 169923
