15000000000 (0) 
14500000000 (-500000000) 
13000000000 (-1500000000) 
12500000000 (-500000000) 
11000000000 (-1500000000) 
10000000000 (-1000000000) 
9250000000 (-750000000) 
8750000000 (-500000000) 
8250000000 (-500000000) 
7750000000 (-500000000) 
6750000000 (-1000000000) 
6583333333 (-166666667) 
6083333333 (-500000000) 
5583333333 (-500000000) 
4583333333 (-1000000000) 
4416666666 (-166666667) 
4249999999 (-166666667) 
3783333333 (-633333333) 
3749999999 (-33333334) 
2749999999 (-1000000000) 
iterations: 500991
