33000000000 (0) 
31500000000 (-1500000000) 
31000000000 (-500000000) 
30500000000 (-500000000) 
30000000000 (-500000000) 
29000000000 (-1000000000) 
28500000000 (-500000000) 
28000000000 (-500000000) 
27500000000 (-500000000) 
26500000000 (-1000000000) 
25333333333 (-1166666667) 
24833333333 (-500000000) 
22333333333 (-2500000000) 
21833333333 (-500000000) 
21333333333 (-500000000) 
20333333333 (-1000000000) 
19833333333 (-500000000) 
18333333333 (-1500000000) 
18166666666 (-166666667) 
17666666666 (-500000000) 
17166666666 (-500000000) 
16666666666 (-500000000) 
16166666666 (-500000000) 
16000000000 (-166666666) 
15833333333 (-166666667) 
15333333333 (-500000000) 
15166666666 (-166666667) 
14666666666 (-500000000) 
13666666666 (-1000000000) 
13583333333 (-83333333) 
13416666666 (-166666667) 
12416666666 (-1000000000) 
12250000000 (-166666666) 
12166666666 (-83333334) 
11999999999 (-166666667) 
10999999999 (-1000000000) 
9999999999 (-1000000000) 
9916666666 (-83333333) 
9866666666 (-50000000) 
9366666666 (-500000000) 
9199999999 (-166666667) 
9116666666 (-83333333) 
8616666666 (-500000000) 
8449999999 (-166666667) 
8283333332 (-166666667) 
8116666666 (-166666666) 
8033333332 (-83333334) 
7033333332 (-1000000000) 
6916666665 (-166666667) 
5916666665 (-1000000000) 
5866666665 (-50000000) 
5783333331 (-83333334) 
5733333331 (-50000000) 
5699999997 (-33333334) 
5616666664 (-83333333) 
5566666664 (-50000000) 
5316666664 (-250000000) 
5283333330 (-33333334) 
iterations: 255796
