89000000000 (0) 
88500000000 (-500000000) 
87000000000 (-1500000000) 
86500000000 (-500000000) 
85000000000 (-1500000000) 
83500000000 (-1500000000) 
82000000000 (-1500000000) 
81500000000 (-500000000) 
81000000000 (-500000000) 
79500000000 (-1500000000) 
78000000000 (-1500000000) 
77500000000 (-500000000) 
77000000000 (-500000000) 
75500000000 (-1500000000) 
75000000000 (-500000000) 
74500000000 (-500000000) 
74000000000 (-500000000) 
73500000000 (-500000000) 
72000000000 (-1500000000) 
71500000000 (-500000000) 
71000000000 (-500000000) 
69500000000 (-1500000000) 
69000000000 (-500000000) 
68500000000 (-500000000) 
67000000000 (-1500000000) 
65500000000 (-1500000000) 
64000000000 (-1500000000) 
62500000000 (-1500000000) 
62333333333 (-166666667) 
62166666666 (-166666667) 
61666666666 (-500000000) 
60666666666 (-1000000000) 
60166666666 (-500000000) 
59999999999 (-166666667) 
58999999999 (-1000000000) 
58499999999 (-500000000) 
57499999999 (-1000000000) 
56499999999 (-1000000000) 
54999999999 (-1500000000) 
54833333332 (-166666667) 
54333333332 (-500000000) 
54166666666 (-166666666) 
53666666666 (-500000000) 
52666666666 (-1000000000) 
52166666666 (-500000000) 
51166666666 (-1000000000) 
50166666666 (-1000000000) 
49666666666 (-500000000) 
49166666666 (-500000000) 
46666666666 (-2500000000) 
46499999999 (-166666667) 
45999999999 (-500000000) 
45833333332 (-166666667) 
45333333332 (-500000000) 
44833333332 (-500000000) 
44666666665 (-166666667) 
44499999999 (-166666666) 
43499999999 (-1000000000) 
42999999999 (-500000000) 
42249999999 (-750000000) 
41249999999 (-1000000000) 
41083333332 (-166666667) 
39083333332 (-2000000000) 
38083333332 (-1000000000) 
37916666665 (-166666667) 
37749999998 (-166666667) 
37583333332 (-166666666) 
36416666665 (-1166666667) 
36333333332 (-83333333) 
36166666665 (-166666667) 
35666666665 (-500000000) 
35499999998 (-166666667) 
34749999998 (-750000000) 
33749999998 (-1000000000) 
33583333332 (-166666666) 
33083333332 (-500000000) 
32999999999 (-83333333) 
32499999999 (-500000000) 
31999999999 (-500000000) 
30999999999 (-1000000000) 
30916666666 (-83333333) 
29916666666 (-1000000000) 
29416666666 (-500000000) 
29333333332 (-83333334) 
29166666666 (-166666666) 
28666666666 (-500000000) 
28500000000 (-166666666) 
28333333333 (-166666667) 
27833333333 (-500000000) 
27666666666 (-166666667) 
27500000000 (-166666666) 
27000000000 (-500000000) 
26500000000 (-500000000) 
26416666666 (-83333334) 
26333333333 (-83333333) 
25833333333 (-500000000) 
25749999999 (-83333334) 
24749999999 (-1000000000) 
24583333332 (-166666667) 
24416666665 (-166666667) 
24333333332 (-83333333) 
24166666665 (-166666667) 
23166666665 (-1000000000) 
iterations: 117618
