33000000000 (0) 
32500000000 (-500000000) 
32000000000 (-500000000) 
31500000000 (-500000000) 
31000000000 (-500000000) 
29833333333 (-1166666667) 
29333333333 (-500000000) 
27833333333 (-1500000000) 
27333333333 (-500000000) 
25833333333 (-1500000000) 
25333333333 (-500000000) 
24833333333 (-500000000) 
24333333333 (-500000000) 
23833333333 (-500000000) 
23333333333 (-500000000) 
22333333333 (-1000000000) 
21833333333 (-500000000) 
21333333333 (-500000000) 
20833333333 (-500000000) 
20333333333 (-500000000) 
20166666666 (-166666667) 
19666666666 (-500000000) 
19166666666 (-500000000) 
17999999999 (-1166666667) 
17499999999 (-500000000) 
17333333332 (-166666667) 
16833333332 (-500000000) 
15833333332 (-1000000000) 
15666666665 (-166666667) 
15499999999 (-166666666) 
14333333333 (-1166666666) 
13833333333 (-500000000) 
12666666666 (-1166666667) 
12166666666 (-500000000) 
11999999999 (-166666667) 
11833333333 (-166666666) 
11749999999 (-83333334) 
11666666666 (-83333333) 
11499999999 (-166666667) 
11333333332 (-166666667) 
10333333332 (-1000000000) 
10249999999 (-83333333) 
10083333332 (-166666667) 
9083333332 (-1000000000) 
8999999998 (-83333334) 
8499999998 (-500000000) 
8333333332 (-166666666) 
7833333332 (-500000000) 
7749999998 (-83333334) 
7249999997 (-500000001) 
7199999997 (-50000000) 
7033333331 (-166666666) 
7009523807 (-23809524) 
6926190473 (-83333334) 
6876190473 (-50000000) 
iterations: 252242
