56000000000 (0) 
53000000000 (-3000000000) 
52500000000 (-500000000) 
52000000000 (-500000000) 
50500000000 (-1500000000) 
50000000000 (-500000000) 
48500000000 (-1500000000) 
48000000000 (-500000000) 
47500000000 (-500000000) 
46000000000 (-1500000000) 
45500000000 (-500000000) 
43000000000 (-2500000000) 
42500000000 (-500000000) 
42000000000 (-500000000) 
41500000000 (-500000000) 
41333333333 (-166666667) 
41166666666 (-166666667) 
39666666666 (-1500000000) 
38166666666 (-1500000000) 
37666666666 (-500000000) 
37499999999 (-166666667) 
36333333332 (-1166666667) 
36166666665 (-166666667) 
35666666665 (-500000000) 
35166666665 (-500000000) 
34666666665 (-500000000) 
33666666665 (-1000000000) 
33166666665 (-500000000) 
32166666665 (-1000000000) 
31666666665 (-500000000) 
31499999999 (-166666666) 
31333333332 (-166666667) 
30333333332 (-1000000000) 
29333333332 (-1000000000) 
28833333332 (-500000000) 
28083333332 (-750000000) 
27583333332 (-500000000) 
26583333332 (-1000000000) 
26083333332 (-500000000) 
25916666665 (-166666667) 
24916666665 (-1000000000) 
23916666665 (-1000000000) 
23749999998 (-166666667) 
22749999998 (-1000000000) 
22583333332 (-166666666) 
21083333332 (-1500000000) 
20916666666 (-166666666) 
20749999999 (-166666667) 
19749999999 (-1000000000) 
19249999999 (-500000000) 
19166666665 (-83333334) 
18666666665 (-500000000) 
18499999998 (-166666667) 
18416666665 (-83333333) 
17916666665 (-500000000) 
17749999998 (-166666667) 
16749999998 (-1000000000) 
16666666665 (-83333333) 
16499999998 (-166666667) 
16333333332 (-166666666) 
16166666666 (-166666666) 
16083333332 (-83333334) 
15916666666 (-166666666) 
15749999999 (-166666667) 
15666666666 (-83333333) 
14666666666 (-1000000000) 
14166666665 (-500000001) 
14116666665 (-50000000) 
14066666665 (-50000000) 
13566666665 (-500000000) 
13516666665 (-50000000) 
12516666665 (-1000000000) 
12433333332 (-83333333) 
12266666665 (-166666667) 
11766666665 (-500000000) 
11716666665 (-50000000) 
11216666665 (-500000000) 
11049999998 (-166666667) 
iterations: 181911
