103000000000 (0) 
101500000000 (-1500000000) 
98500000000 (-3000000000) 
97000000000 (-1500000000) 
96500000000 (-500000000) 
96000000000 (-500000000) 
95500000000 (-500000000) 
95000000000 (-500000000) 
94500000000 (-500000000) 
94000000000 (-500000000) 
92500000000 (-1500000000) 
91000000000 (-1500000000) 
89500000000 (-1500000000) 
89000000000 (-500000000) 
87500000000 (-1500000000) 
86000000000 (-1500000000) 
84500000000 (-1500000000) 
83000000000 (-1500000000) 
82500000000 (-500000000) 
81333333333 (-1166666667) 
81166666666 (-166666667) 
80666666666 (-500000000) 
80166666666 (-500000000) 
79666666666 (-500000000) 
79166666666 (-500000000) 
78666666666 (-500000000) 
78166666666 (-500000000) 
77999999999 (-166666667) 
77499999999 (-500000000) 
76999999999 (-500000000) 
76833333332 (-166666667) 
76333333332 (-500000000) 
75833333332 (-500000000) 
74833333332 (-1000000000) 
73833333332 (-1000000000) 
73333333332 (-500000000) 
71833333332 (-1500000000) 
71333333332 (-500000000) 
70333333332 (-1000000000) 
68833333332 (-1500000000) 
68333333332 (-500000000) 
68166666666 (-166666666) 
67999999999 (-166666667) 
67499999999 (-500000000) 
66999999999 (-500000000) 
65499999999 (-1500000000) 
63999999999 (-1500000000) 
62499999999 (-1500000000) 
61999999999 (-500000000) 
60499999999 (-1500000000) 
59999999999 (-500000000) 
59499999999 (-500000000) 
58333333332 (-1166666667) 
58166666666 (-166666666) 
57666666666 (-500000000) 
56666666666 (-1000000000) 
55666666666 (-1000000000) 
54166666666 (-1500000000) 
53999999999 (-166666667) 
52999999999 (-1000000000) 
52833333332 (-166666667) 
52333333332 (-500000000) 
51833333332 (-500000000) 
50333333332 (-1500000000) 
50166666666 (-166666666) 
49166666666 (-1000000000) 
48999999999 (-166666667) 
48833333332 (-166666667) 
47833333332 (-1000000000) 
47666666665 (-166666667) 
47499999998 (-166666667) 
47333333332 (-166666666) 
47166666665 (-166666667) 
46666666665 (-500000000) 
46166666665 (-500000000) 
46083333332 (-83333333) 
45916666665 (-166666667) 
43916666665 (-2000000000) 
42916666665 (-1000000000) 
42416666665 (-500000000) 
41916666665 (-500000000) 
41416666665 (-500000000) 
40916666665 (-500000000) 
40416666665 (-500000000) 
39916666665 (-500000000) 
39749999998 (-166666667) 
39249999998 (-500000000) 
39166666665 (-83333333) 
38999999998 (-166666667) 
38499999998 (-500000000) 
38416666665 (-83333333) 
38249999998 (-166666667) 
37749999998 (-500000000) 
37666666664 (-83333334) 
37166666664 (-500000000) 
36999999998 (-166666666) 
36833333332 (-166666666) 
36333333332 (-500000000) 
36249999998 (-83333334) 
35749999998 (-500000000) 
34749999998 (-1000000000) 
34666666665 (-83333333) 
34166666665 (-500000000) 
33999999998 (-166666667) 
32833333332 (-1166666666) 
32783333332 (-50000000) 
32616666665 (-166666667) 
32449999998 (-166666667) 
32283333332 (-166666666) 
32199999998 (-83333334) 
31699999998 (-500000000) 
31616666665 (-83333333) 
31533333332 (-83333333) 
31449999998 (-83333334) 
31399999998 (-50000000) 
31366666664 (-33333334) 
30866666664 (-500000000) 
30699999998 (-166666666) 
iterations: 96118
