18000000000 (0) 
17500000000 (-500000000) 
17000000000 (-500000000) 
16000000000 (-1000000000) 
15500000000 (-500000000) 
15000000000 (-500000000) 
13500000000 (-1500000000) 
12500000000 (-1000000000) 
11500000000 (-1000000000) 
11000000000 (-500000000) 
10500000000 (-500000000) 
10333333333 (-166666667) 
9833333333 (-500000000) 
9666666666 (-166666667) 
8666666666 (-1000000000) 
8499999999 (-166666667) 
8416666666 (-83333333) 
8249999999 (-166666667) 
7749999999 (-1000000000) 
7249999999 (-500000000) 
7166666666 (-83333333) 
6166666666 (-1000000000) 
5999999999 (-166666667) 
5499999999 (-500000000) 
5416666666 (-83333333) 
4916666666 (-500000000) 
4866666666 (-50000000) 
4783333333 (-83333333) 
4616666666 (-166666667) 
4533333333 (-83333333) 
4483333333 (-50000000) 
4449999999 (-33333334) 
4426190475 (-23809524) 
3458333332 (-1017857142) 
3444444443 (-13888889) 
iterations: 343238
