94000000000 (0) 
93500000000 (-500000000) 
93000000000 (-500000000) 
91500000000 (-1500000000) 
91000000000 (-500000000) 
90500000000 (-500000000) 
90000000000 (-500000000) 
89500000000 (-500000000) 
89000000000 (-500000000) 
88500000000 (-500000000) 
87000000000 (-1500000000) 
86500000000 (-500000000) 
85000000000 (-1500000000) 
83500000000 (-1500000000) 
83000000000 (-500000000) 
82500000000 (-500000000) 
82000000000 (-500000000) 
81500000000 (-500000000) 
81000000000 (-500000000) 
80500000000 (-500000000) 
80000000000 (-500000000) 
79500000000 (-500000000) 
78500000000 (-1000000000) 
77333333333 (-1166666667) 
76833333333 (-500000000) 
75833333333 (-1000000000) 
75333333333 (-500000000) 
74333333333 (-1000000000) 
73333333333 (-1000000000) 
71833333333 (-1500000000) 
71333333333 (-500000000) 
70833333333 (-500000000) 
70333333333 (-500000000) 
70166666666 (-166666667) 
69666666666 (-500000000) 
69166666666 (-500000000) 
68166666666 (-1000000000) 
67166666666 (-1000000000) 
66666666666 (-500000000) 
65166666666 (-1500000000) 
64999999999 (-166666667) 
64499999999 (-500000000) 
63999999999 (-500000000) 
62499999999 (-1500000000) 
61999999999 (-500000000) 
60999999999 (-1000000000) 
60499999999 (-500000000) 
59999999999 (-500000000) 
58499999999 (-1500000000) 
57499999999 (-1000000000) 
56999999999 (-500000000) 
56833333332 (-166666667) 
56333333332 (-500000000) 
55833333332 (-500000000) 
55333333332 (-500000000) 
52666666665 (-2666666667) 
52499999998 (-166666667) 
51999999998 (-500000000) 
51833333332 (-166666666) 
51666666666 (-166666666) 
51499999999 (-166666667) 
50999999999 (-500000000) 
50833333332 (-166666667) 
50333333332 (-500000000) 
49833333332 (-500000000) 
49666666665 (-166666667) 
49499999999 (-166666666) 
49333333333 (-166666666) 
48166666666 (-1166666667) 
47999999999 (-166666667) 
46499999999 (-1500000000) 
45999999999 (-500000000) 
44499999999 (-1500000000) 
44333333332 (-166666667) 
44166666665 (-166666667) 
43666666665 (-500000000) 
43499999999 (-166666666) 
42999999999 (-500000000) 
42499999999 (-500000000) 
42333333332 (-166666667) 
41166666665 (-1166666667) 
40666666665 (-500000000) 
39666666665 (-1000000000) 
39583333332 (-83333333) 
39416666665 (-166666667) 
39333333331 (-83333334) 
39166666665 (-166666666) 
38666666665 (-500000000) 
38166666665 (-500000000) 
37999999998 (-166666667) 
37499999998 (-500000000) 
37333333331 (-166666667) 
37166666664 (-166666667) 
36666666664 (-500000000) 
36583333331 (-83333333) 
35583333331 (-1000000000) 
35416666665 (-166666666) 
35333333332 (-83333333) 
34333333332 (-1000000000) 
34249999998 (-83333334) 
34166666665 (-83333333) 
33666666665 (-500000000) 
33583333332 (-83333333) 
33416666665 (-166666667) 
32916666665 (-500000000) 
32749999998 (-166666667) 
32249999998 (-500000000) 
31749999998 (-500000000) 
31249999998 (-500000000) 
31083333332 (-166666666) 
30916666665 (-166666667) 
30833333332 (-83333333) 
29833333332 (-1000000000) 
29749999999 (-83333333) 
29666666665 (-83333334) 
29166666665 (-500000000) 
28999999999 (-166666666) 
27999999999 (-1000000000) 
iterations: 111147
