40000000000 (0) 
39500000000 (-500000000) 
36500000000 (-3000000000) 
35000000000 (-1500000000) 
33500000000 (-1500000000) 
33000000000 (-500000000) 
32500000000 (-500000000) 
31500000000 (-1000000000) 
30000000000 (-1500000000) 
29500000000 (-500000000) 
29000000000 (-500000000) 
27833333333 (-1166666667) 
27333333333 (-500000000) 
26833333333 (-500000000) 
25666666666 (-1166666667) 
25166666666 (-500000000) 
23666666666 (-1500000000) 
22166666666 (-1500000000) 
21999999999 (-166666667) 
20999999999 (-1000000000) 
19499999999 (-1500000000) 
18999999999 (-500000000) 
18499999999 (-500000000) 
18333333332 (-166666667) 
18166666666 (-166666666) 
17999999999 (-166666667) 
16999999999 (-1000000000) 
16833333332 (-166666667) 
15833333332 (-1000000000) 
15333333332 (-500000000) 
15249999999 (-83333333) 
15166666666 (-83333333) 
14249999999 (-1000000000) 
13249999999 (-1000000000) 
13083333332 (-166666667) 
12916666666 (-166666666) 
12749999999 (-166666667) 
12249999999 (-500000000) 
12083333332 (-166666667) 
11999999999 (-83333333) 
11833333332 (-166666667) 
11783333332 (-50000000) 
11616666666 (-166666666) 
10616666666 (-1000000000) 
10533333332 (-83333334) 
10449999999 (-83333333) 
10366666665 (-83333334) 
10283333331 (-83333334) 
10199999998 (-83333333) 
10033333332 (-166666666) 
9783333332 (-250000000) 
9733333332 (-50000000) 
9233333332 (-500000000) 
9066666665 (-166666667) 
9033333331 (-33333334) 
8949999998 (-83333333) 
8899999998 (-50000000) 
8816666664 (-83333334) 
8733333331 (-83333333) 
iterations: 219223
