39000000000 (0) 
38500000000 (-500000000) 
37000000000 (-1500000000) 
35500000000 (-1500000000) 
34000000000 (-1500000000) 
33500000000 (-500000000) 
32000000000 (-1500000000) 
30500000000 (-1500000000) 
29500000000 (-1000000000) 
28000000000 (-1500000000) 
26500000000 (-1500000000) 
26000000000 (-500000000) 
25500000000 (-500000000) 
25000000000 (-500000000) 
23500000000 (-1500000000) 
23000000000 (-500000000) 
22000000000 (-1000000000) 
21500000000 (-500000000) 
21333333333 (-166666667) 
21166666666 (-166666667) 
20166666666 (-1000000000) 
19999999999 (-166666667) 
18999999999 (-1000000000) 
18499999999 (-500000000) 
17999999999 (-500000000) 
17833333332 (-166666667) 
17333333332 (-500000000) 
16333333332 (-1000000000) 
15833333332 (-500000000) 
15666666666 (-166666666) 
14666666666 (-1000000000) 
14166666666 (-500000000) 
14000000000 (-166666666) 
13916666666 (-83333334) 
13749999999 (-166666667) 
12749999999 (-1000000000) 
12583333332 (-166666667) 
12499999999 (-83333333) 
12333333333 (-166666666) 
11333333333 (-1000000000) 
10166666666 (-1166666667) 
10116666666 (-50000000) 
9116666666 (-1000000000) 
9033333333 (-83333333) 
8866666666 (-166666667) 
8699999999 (-166666667) 
8616666666 (-83333333) 
iterations: 262408
