14000000000 (0) 
12500000000 (-1500000000) 
12000000000 (-500000000) 
11000000000 (-1000000000) 
9500000000 (-1500000000) 
9000000000 (-500000000) 
8500000000 (-500000000) 
8333333333 (-166666667) 
7333333333 (-1000000000) 
7166666666 (-166666667) 
6166666666 (-1000000000) 
6000000000 (-166666666) 
5916666666 (-83333334) 
5416666666 (-500000000) 
4333333333 (-1083333333) 
4283333333 (-50000000) 
4116666666 (-166666667) 
4066666666 (-50000000) 
3066666666 (-1000000000) 
2949999999 (-166666667) 
2899999999 (-50000000) 
1899999999 (-1000000000) 
iterations: 420736
