77000000000 (0) 
75500000000 (-1500000000) 
74000000000 (-1500000000) 
72500000000 (-1500000000) 
71000000000 (-1500000000) 
70500000000 (-500000000) 
69000000000 (-1500000000) 
67500000000 (-1500000000) 
66000000000 (-1500000000) 
65500000000 (-500000000) 
65000000000 (-500000000) 
64000000000 (-1000000000) 
62500000000 (-1500000000) 
62000000000 (-500000000) 
60500000000 (-1500000000) 
59000000000 (-1500000000) 
56000000000 (-3000000000) 
55500000000 (-500000000) 
54500000000 (-1000000000) 
54000000000 (-500000000) 
53000000000 (-1000000000) 
51833333333 (-1166666667) 
50666666666 (-1166666667) 
49166666666 (-1500000000) 
48999999999 (-166666667) 
47499999999 (-1500000000) 
45999999999 (-1500000000) 
45833333332 (-166666667) 
45666666665 (-166666667) 
44166666665 (-1500000000) 
43666666665 (-500000000) 
43166666665 (-500000000) 
42166666665 (-1000000000) 
40999999998 (-1166666667) 
39499999998 (-1500000000) 
38999999998 (-500000000) 
38499999998 (-500000000) 
38333333332 (-166666666) 
37166666665 (-1166666667) 
36166666665 (-1000000000) 
35999999999 (-166666666) 
35833333332 (-166666667) 
34333333332 (-1500000000) 
33166666665 (-1166666667) 
32666666665 (-500000000) 
30666666665 (-2000000000) 
30499999998 (-166666667) 
29749999998 (-750000000) 
29249999998 (-500000000) 
29083333331 (-166666667) 
28916666664 (-166666667) 
28416666664 (-500000000) 
27916666664 (-500000000) 
27749999998 (-166666666) 
27583333331 (-166666667) 
27083333331 (-500000000) 
26583333331 (-500000000) 
26416666665 (-166666666) 
26333333332 (-83333333) 
25833333332 (-500000000) 
24833333332 (-1000000000) 
23833333332 (-1000000000) 
23333333332 (-500000000) 
23166666666 (-166666666) 
23116666666 (-50000000) 
22116666666 (-1000000000) 
21949999999 (-166666667) 
21783333332 (-166666667) 
20783333332 (-1000000000) 
19783333332 (-1000000000) 
19699999999 (-83333333) 
18699999999 (-1000000000) 
18616666666 (-83333333) 
18449999999 (-166666667) 
18283333332 (-166666667) 
17783333332 (-500000000) 
17699999999 (-83333333) 
17616666665 (-83333334) 
17533333332 (-83333333) 
17449999999 (-83333333) 
iterations: 155979
