18000000000 (0) 
16500000000 (-1500000000) 
16000000000 (-500000000) 
15500000000 (-500000000) 
15000000000 (-500000000) 
14000000000 (-1000000000) 
13500000000 (-500000000) 
12500000000 (-1000000000) 
12333333333 (-166666667) 
11333333333 (-1000000000) 
10833333333 (-500000000) 
10666666666 (-166666667) 
9499999999 (-1166666667) 
8999999999 (-500000000) 
8916666666 (-83333333) 
8416666666 (-500000000) 
8333333333 (-83333333) 
7333333333 (-1000000000) 
6333333333 (-1000000000) 
5666666666 (-1000000000) 
4666666666 (-1000000000) 
iterations: 383906
