27000000000 (0) 
25500000000 (-1500000000) 
25000000000 (-500000000) 
24000000000 (-1000000000) 
22500000000 (-1500000000) 
21000000000 (-1500000000) 
20500000000 (-500000000) 
20000000000 (-500000000) 
19833333333 (-166666667) 
19666666666 (-166666667) 
19166666666 (-500000000) 
18999999999 (-166666667) 
17999999999 (-1000000000) 
17499999999 (-500000000) 
16999999999 (-500000000) 
15999999999 (-1000000000) 
14999999999 (-1000000000) 
14499999999 (-500000000) 
13499999999 (-1000000000) 
13333333332 (-166666667) 
13249999999 (-83333333) 
12749999999 (-500000000) 
12583333332 (-166666667) 
11583333332 (-1000000000) 
11083333332 (-500000000) 
10916666666 (-166666666) 
9916666666 (-1000000000) 
9749999999 (-166666667) 
9699999999 (-50000000) 
9533333332 (-166666667) 
9033333332 (-500000000) 
8533333332 (-500000000) 
8449999999 (-83333333) 
7283333332 (-1166666667) 
7199999999 (-83333333) 
7116666666 (-83333333) 
7066666666 (-50000000) 
7066666665 (-166666667) 
6066666665 (-1000000000) 
5983333332 (-83333333) 
5483333332 (-500000000) 
5316666666 (-166666666) 
5283333332 (-33333334) 
5199999998 (-83333334) 
5116666665 (-83333333) 
5066666665 (-50000000) 
5033333331 (-33333334) 
iterations: 235064
