77500000000 (-500000000) 
76000000000 (-1500000000) 
74500000000 (-1500000000) 
73000000000 (-1500000000) 
71500000000 (-1500000000) 
71000000000 (-500000000) 
69500000000 (-1500000000) 
69000000000 (-500000000) 
68500000000 (-500000000) 
67000000000 (-1500000000) 
66500000000 (-500000000) 
65500000000 (-1000000000) 
64000000000 (-1500000000) 
63000000000 (-1000000000) 
61500000000 (-1500000000) 
60333333333 (-1166666667) 
59833333333 (-500000000) 
59333333333 (-500000000) 
58833333333 (-500000000) 
58333333333 (-500000000) 
57333333333 (-1000000000) 
56333333333 (-1000000000) 
55833333333 (-500000000) 
54833333333 (-1000000000) 
54333333333 (-500000000) 
53833333333 (-500000000) 
53333333333 (-500000000) 
52833333333 (-500000000) 
52333333333 (-500000000) 
51833333333 (-500000000) 
51666666666 (-166666667) 
51166666666 (-500000000) 
49999999999 (-1166666667) 
48499999999 (-1500000000) 
47333333332 (-1166666667) 
46166666666 (-1166666666) 
45666666666 (-500000000) 
45499999999 (-166666667) 
44833333332 (-1166666667) 
42166666665 (-2666666667) 
40666666665 (-1500000000) 
39166666665 (-1500000000) 
38666666665 (-500000000) 
38166666665 (-500000000) 
37999999999 (-166666666) 
37833333332 (-166666667) 
36833333332 (-1000000000) 
36333333332 (-500000000) 
35333333332 (-1000000000) 
34833333332 (-500000000) 
33833333332 (-1000000000) 
33333333332 (-500000000) 
32833333332 (-500000000) 
32333333332 (-500000000) 
31833333332 (-500000000) 
31666666665 (-166666667) 
30666666665 (-1000000000) 
30499999998 (-166666667) 
30333333331 (-166666667) 
29166666665 (-1166666666) 
28666666665 (-500000000) 
28499999999 (-166666666) 
28333333332 (-166666667) 
28249999999 (-83333333) 
28083333332 (-166666667) 
27916666665 (-166666667) 
27416666665 (-500000000) 
26416666665 (-1000000000) 
25333333332 (-1083333333) 
25249999999 (-83333333) 
24749999999 (-500000000) 
24583333332 (-166666667) 
24416666665 (-166666667) 
24249999999 (-166666666) 
24083333332 (-166666667) 
24033333332 (-50000000) 
23866666665 (-166666667) 
23699999999 (-166666666) 
23616666665 (-83333334) 
23533333332 (-83333333) 
23033333332 (-500000000) 
22033333332 (-1000000000) 
21866666665 (-166666667) 
21783333332 (-83333333) 
21699999999 (-83333333) 
21199999999 (-500000000) 
21116666665 (-83333334) 
21033333332 (-83333333) 
20033333332 (-1000000000) 
19533333332 (-500000000) 
iterations: 136399
