30000000000 (0) 
29500000000 (-500000000) 
28000000000 (-1500000000) 
26500000000 (-1500000000) 
26000000000 (-500000000) 
25500000000 (-500000000) 
24500000000 (-1000000000) 
23000000000 (-1500000000) 
22500000000 (-500000000) 
22000000000 (-500000000) 
21000000000 (-1000000000) 
20500000000 (-500000000) 
19333333333 (-1166666667) 
18333333333 (-1000000000) 
17833333333 (-500000000) 
17333333333 (-500000000) 
16333333333 (-1000000000) 
16166666666 (-166666667) 
15666666666 (-500000000) 
15166666666 (-500000000) 
14666666666 (-500000000) 
13666666666 (-1000000000) 
13166666666 (-500000000) 
12999999999 (-166666667) 
11833333332 (-1166666667) 
11083333332 (-1000000000) 
10916666666 (-166666666) 
10833333332 (-83333334) 
10666666665 (-166666667) 
10583333332 (-83333333) 
9583333332 (-1000000000) 
9416666665 (-166666667) 
9333333332 (-83333333) 
9333333331 (-166666667) 
8833333331 (-500000000) 
8749999998 (-83333333) 
8666666665 (-83333333) 
8583333332 (-83333333) 
7583333332 (-1000000000) 
7499999999 (-83333333) 
7449999999 (-50000000) 
7199999999 (-250000000) 
7033333332 (-166666667) 
6999999998 (-33333334) 
6533333332 (-500000000) 
6499999998 (-33333334) 
6476190474 (-23809524) 
6449999998 (-50000000) 
iterations: 255539
