66000000000 (0) 
65500000000 (-500000000) 
65000000000 (-500000000) 
64500000000 (-500000000) 
63000000000 (-1500000000) 
62000000000 (-1000000000) 
60500000000 (-1500000000) 
59000000000 (-1500000000) 
58500000000 (-500000000) 
58000000000 (-500000000) 
56500000000 (-1500000000) 
55333333333 (-1166666667) 
54833333333 (-500000000) 
54333333333 (-500000000) 
53333333333 (-1000000000) 
52833333333 (-500000000) 
52333333333 (-500000000) 
50833333333 (-1500000000) 
49333333333 (-1500000000) 
48833333333 (-500000000) 
48333333333 (-500000000) 
47833333333 (-500000000) 
47333333333 (-500000000) 
45833333333 (-1500000000) 
45666666666 (-166666667) 
44499999999 (-1166666667) 
43333333332 (-1166666667) 
42833333332 (-500000000) 
42333333332 (-500000000) 
42166666665 (-166666667) 
41166666665 (-1000000000) 
40666666665 (-500000000) 
40166666665 (-500000000) 
38666666665 (-1500000000) 
38166666665 (-500000000) 
37166666665 (-1000000000) 
36999999998 (-166666667) 
36499999998 (-500000000) 
34999999998 (-1500000000) 
33999999998 (-1000000000) 
33499999998 (-500000000) 
33333333332 (-166666666) 
32333333332 (-1000000000) 
31833333332 (-500000000) 
31666666666 (-166666666) 
31166666666 (-500000000) 
30166666666 (-1000000000) 
28999999999 (-1166666667) 
28833333333 (-166666666) 
28666666666 (-166666667) 
28166666666 (-500000000) 
27666666666 (-500000000) 
27499999999 (-166666667) 
26499999999 (-1000000000) 
25499999999 (-1000000000) 
24999999999 (-500000000) 
24833333332 (-166666667) 
24666666665 (-166666667) 
24333333332 (-333333333) 
23833333332 (-500000000) 
23666666665 (-166666667) 
22499999999 (-1166666666) 
22416666665 (-83333334) 
22333333332 (-83333333) 
21166666665 (-1166666667) 
20999999999 (-166666666) 
20833333332 (-166666667) 
19833333332 (-1000000000) 
19333333332 (-500000000) 
19249999998 (-83333334) 
19083333332 (-166666666) 
18083333332 (-1000000000) 
18033333332 (-50000000) 
17949999998 (-83333334) 
17899999998 (-50000000) 
17399999998 (-500000000) 
17316666665 (-83333333) 
17149999998 (-166666667) 
16983333332 (-166666666) 
16899999998 (-83333334) 
16399999998 (-500000000) 
16316666665 (-83333333) 
15683333332 (-633333333) 
14516666666 (-1166666666) 
14350000000 (-166666666) 
14266666666 (-83333334) 
14216666666 (-50000000) 
14183333332 (-33333334) 
13183333332 (-1000000000) 
13159523808 (-23809524) 
iterations: 163547
