41000000000 (0) 
40500000000 (-500000000) 
39000000000 (-1500000000) 
37500000000 (-1500000000) 
35000000000 (-2500000000) 
34500000000 (-500000000) 
34000000000 (-500000000) 
33500000000 (-500000000) 
32000000000 (-1500000000) 
31000000000 (-1000000000) 
30000000000 (-1000000000) 
29500000000 (-500000000) 
29000000000 (-500000000) 
28500000000 (-500000000) 
28000000000 (-500000000) 
27833333333 (-166666667) 
27333333333 (-500000000) 
26833333333 (-500000000) 
25666666666 (-1166666667) 
25166666666 (-500000000) 
23666666666 (-1500000000) 
22499999999 (-1166666667) 
21999999999 (-500000000) 
21499999999 (-500000000) 
20499999999 (-1000000000) 
20416666666 (-83333333) 
19416666666 (-1000000000) 
19249999999 (-166666667) 
19083333333 (-166666666) 
18999999999 (-83333334) 
18833333332 (-166666667) 
17833333332 (-1000000000) 
17333333332 (-500000000) 
16833333332 (-500000000) 
16749999999 (-83333333) 
16583333332 (-166666667) 
16083333332 (-500000000) 
15916666666 (-166666666) 
14916666666 (-1000000000) 
14749999999 (-166666667) 
13749999999 (-1000000000) 
13583333332 (-166666667) 
13083333332 (-500000000) 
12999999999 (-83333333) 
12499999999 (-500000000) 
12449999999 (-50000000) 
12416666665 (-33333334) 
11916666665 (-500000000) 
10749999998 (-1166666667) 
10283333332 (-500000000) 
10249999998 (-33333334) 
10166666664 (-83333334) 
9033333331 (-1166666667) 
8866666665 (-166666666) 
8833333331 (-33333334) 
8783333331 (-50000000) 
8616666665 (-166666666) 
iterations: 231891
