78000000000 (0) 
76500000000 (-1500000000) 
76000000000 (-500000000) 
74500000000 (-1500000000) 
74000000000 (-500000000) 
73500000000 (-500000000) 
72000000000 (-1500000000) 
71500000000 (-500000000) 
70000000000 (-1500000000) 
68500000000 (-1500000000) 
68000000000 (-500000000) 
66500000000 (-1500000000) 
65500000000 (-1000000000) 
64000000000 (-1500000000) 
62500000000 (-1500000000) 
61000000000 (-1500000000) 
60500000000 (-500000000) 
60000000000 (-500000000) 
59000000000 (-1000000000) 
58500000000 (-500000000) 
57333333333 (-1166666667) 
55833333333 (-1500000000) 
55333333333 (-500000000) 
54833333333 (-500000000) 
53666666666 (-1166666667) 
53166666666 (-500000000) 
52166666666 (-1000000000) 
51666666666 (-500000000) 
51166666666 (-500000000) 
50166666666 (-1000000000) 
49666666666 (-500000000) 
48666666666 (-1000000000) 
47166666666 (-1500000000) 
46666666666 (-500000000) 
46499999999 (-166666667) 
46333333332 (-166666667) 
45833333332 (-500000000) 
45666666665 (-166666667) 
45166666665 (-500000000) 
44666666665 (-500000000) 
44166666665 (-500000000) 
43166666665 (-1000000000) 
42666666665 (-500000000) 
42166666665 (-500000000) 
41999999998 (-166666667) 
41499999998 (-500000000) 
39999999998 (-1500000000) 
39499999998 (-500000000) 
39333333332 (-166666666) 
39166666666 (-166666666) 
37666666666 (-1500000000) 
37499999999 (-166666667) 
36999999999 (-500000000) 
36833333332 (-166666667) 
35833333332 (-1000000000) 
34833333332 (-1000000000) 
33833333332 (-1000000000) 
33333333332 (-500000000) 
33249999999 (-83333333) 
32249999999 (-1000000000) 
31083333333 (-1166666666) 
30916666666 (-166666667) 
30749999999 (-166666667) 
30583333332 (-166666667) 
30083333332 (-500000000) 
29916666666 (-166666666) 
29416666666 (-500000000) 
28916666666 (-500000000) 
28166666666 (-750000000) 
27666666666 (-500000000) 
27583333332 (-83333334) 
27083333332 (-500000000) 
26583333332 (-500000000) 
25583333332 (-1000000000) 
25416666666 (-166666666) 
25333333332 (-83333334) 
25249999998 (-83333334) 
25083333332 (-166666666) 
23583333332 (-1500000000) 
22583333332 (-1000000000) 
22499999998 (-83333334) 
22333333332 (-166666666) 
22249999999 (-83333333) 
21749999999 (-500000000) 
21583333332 (-166666667) 
20499999999 (-1083333333) 
20333333332 (-166666667) 
20166666665 (-166666667) 
20083333332 (-83333333) 
19999999998 (-83333334) 
19916666665 (-83333333) 
19416666665 (-500000000) 
19249999999 (-166666666) 
19083333332 (-166666667) 
18083333332 (-1000000000) 
18033333332 (-50000000) 
17983333332 (-50000000) 
17933333332 (-50000000) 
17849999999 (-83333333) 
17683333332 (-166666667) 
iterations: 143284
