27000000000 (0) 
26500000000 (-500000000) 
26000000000 (-500000000) 
24500000000 (-1500000000) 
23500000000 (-1000000000) 
23000000000 (-500000000) 
22500000000 (-500000000) 
22000000000 (-500000000) 
20500000000 (-1500000000) 
20333333333 (-166666667) 
19333333333 (-1000000000) 
18833333333 (-500000000) 
17833333333 (-1000000000) 
16333333333 (-1500000000) 
16166666666 (-166666667) 
15666666666 (-500000000) 
14166666666 (-1500000000) 
13999999999 (-166666667) 
12999999999 (-1000000000) 
12833333332 (-166666667) 
12749999999 (-83333333) 
12583333333 (-166666666) 
11416666666 (-1166666667) 
11249999999 (-166666667) 
10249999999 (-1000000000) 
10166666666 (-83333333) 
9999999999 (-166666667) 
9166666666 (-1000000000) 
8666666666 (-500000000) 
8499999999 (-166666667) 
8416666666 (-83333333) 
7416666666 (-1000000000) 
7366666666 (-50000000) 
7033333333 (-333333333) 
6866666666 (-166666667) 
5783333333 (-1083333333) 
5033333333 (-750000000) 
iterations: 320059
