52000000000 (0) 
50500000000 (-1500000000) 
49000000000 (-1500000000) 
48500000000 (-500000000) 
48000000000 (-500000000) 
46500000000 (-1500000000) 
46000000000 (-500000000) 
45833333333 (-166666667) 
44333333333 (-1500000000) 
43833333333 (-500000000) 
43333333333 (-500000000) 
41833333333 (-1500000000) 
40333333333 (-1500000000) 
39333333333 (-1000000000) 
37833333333 (-1500000000) 
37333333333 (-500000000) 
36833333333 (-500000000) 
35333333333 (-1500000000) 
34833333333 (-500000000) 
33833333333 (-1000000000) 
33333333333 (-500000000) 
32833333333 (-500000000) 
32666666666 (-166666667) 
31166666666 (-1500000000) 
30666666666 (-500000000) 
30500000000 (-166666666) 
30000000000 (-500000000) 
28500000000 (-1500000000) 
28333333333 (-166666667) 
27833333333 (-500000000) 
27333333333 (-500000000) 
26833333333 (-500000000) 
26333333333 (-500000000) 
25333333333 (-1000000000) 
24166666666 (-1166666667) 
23999999999 (-166666667) 
23833333332 (-166666667) 
23666666666 (-166666666) 
23166666666 (-500000000) 
22166666666 (-1000000000) 
21166666666 (-1000000000) 
20999999999 (-166666667) 
20499999999 (-500000000) 
20416666666 (-83333333) 
20249999999 (-166666667) 
20166666665 (-83333334) 
19999999999 (-166666666) 
19833333333 (-166666666) 
18666666666 (-1166666667) 
18583333332 (-83333334) 
18083333332 (-500000000) 
18033333332 (-50000000) 
17033333332 (-1000000000) 
16949999999 (-83333333) 
16616666666 (-333333333) 
16116666666 (-500000000) 
15949999999 (-166666667) 
15783333332 (-166666667) 
15616666665 (-166666667) 
15449999999 (-1000000000) 
14949999999 (-500000000) 
13949999999 (-1000000000) 
13449999999 (-500000000) 
13283333332 (-166666667) 
13199999999 (-83333333) 
12199999999 (-1000000000) 
12116666665 (-83333334) 
11949999999 (-166666666) 
11783333332 (-166666667) 
11283333332 (-500000000) 
11199999998 (-83333334) 
iterations: 205290
