27000000000 (0) 
26500000000 (-500000000) 
25000000000 (-1500000000) 
24500000000 (-500000000) 
23000000000 (-1500000000) 
21500000000 (-1500000000) 
21000000000 (-500000000) 
19500000000 (-1500000000) 
19000000000 (-500000000) 
17500000000 (-1500000000) 
17000000000 (-500000000) 
16000000000 (-1000000000) 
15500000000 (-500000000) 
15333333333 (-166666667) 
14166666666 (-1166666667) 
13666666666 (-500000000) 
13166666666 (-500000000) 
12166666666 (-1000000000) 
11999999999 (-166666667) 
10999999999 (-1000000000) 
9833333332 (-1166666667) 
9333333332 (-500000000) 
9166666665 (-166666667) 
8999999998 (-500000000) 
8499999998 (-500000000) 
8416666665 (-83333333) 
7916666665 (-500000000) 
7749999998 (-166666667) 
7583333332 (-166666666) 
7083333332 (-500000000) 
6083333332 (-1000000000) 
5916666665 (-166666667) 
5866666665 (-50000000) 
iterations: 330792
