12000000000 (0) 
10500000000 (-1500000000) 
10000000000 (-500000000) 
9833333333 (-166666667) 
9333333333 (-500000000) 
8833333333 (-500000000) 
8500000000 (-500000000) 
8333333333 (-166666667) 
7333333333 (-1000000000) 
5833333333 (-1500000000) 
5666666666 (-166666667) 
5166666666 (-500000000) 
5083333333 (-83333333) 
4083333333 (-1000000000) 
4000000000 (-83333333) 
3833333333 (-166666667) 
3783333333 (-50000000) 
3233333333 (-1166666667) 
3199999999 (-33333334) 
3033333332 (-166666667) 
3009523808 (-23809524) 
2926190475 (-83333333) 
iterations: 337667
