21000000000 (0) 
20500000000 (-500000000) 
19000000000 (-1500000000) 
17500000000 (-1500000000) 
16500000000 (-1000000000) 
16000000000 (-500000000) 
15500000000 (-500000000) 
14000000000 (-1500000000) 
13500000000 (-500000000) 
12500000000 (-1000000000) 
12000000000 (-500000000) 
10500000000 (-1500000000) 
9750000000 (-750000000) 
8750000000 (-1000000000) 
7583333333 (-1166666667) 
7416666666 (-166666667) 
6916666666 (-500000000) 
5749999999 (-1166666667) 
5583333332 (-166666667) 
5499999999 (-83333333) 
5333333332 (-166666667) 
4333333332 (-1000000000) 
3749999998 (-583333334) 
3666666665 (-83333333) 
3616666665 (-50000000) 
3592857141 (-23809524) 
2592857141 (-1000000000) 
iterations: 397190
