74000000000 (0) 
72500000000 (-1500000000) 
72000000000 (-500000000) 
71500000000 (-500000000) 
71000000000 (-500000000) 
69500000000 (-1500000000) 
69000000000 (-500000000) 
68500000000 (-500000000) 
67500000000 (-1000000000) 
66000000000 (-1500000000) 
64500000000 (-1500000000) 
62000000000 (-2500000000) 
61500000000 (-500000000) 
60000000000 (-1500000000) 
59500000000 (-500000000) 
59000000000 (-500000000) 
58500000000 (-500000000) 
57000000000 (-1500000000) 
55500000000 (-1500000000) 
55000000000 (-500000000) 
54000000000 (-1000000000) 
53500000000 (-500000000) 
53000000000 (-500000000) 
52500000000 (-500000000) 
51500000000 (-1000000000) 
51000000000 (-500000000) 
50500000000 (-500000000) 
50000000000 (-500000000) 
49833333333 (-166666667) 
49333333333 (-500000000) 
48833333333 (-500000000) 
47833333333 (-1000000000) 
47333333333 (-500000000) 
47166666666 (-166666667) 
46666666666 (-500000000) 
45166666666 (-1500000000) 
44999999999 (-166666667) 
44499999999 (-500000000) 
43999999999 (-500000000) 
43499999999 (-500000000) 
42499999999 (-1000000000) 
42333333333 (-166666666) 
42166666666 (-166666667) 
41999999999 (-166666667) 
41499999999 (-500000000) 
41333333332 (-166666667) 
40333333332 (-1000000000) 
39833333332 (-500000000) 
38333333332 (-1500000000) 
38166666665 (-166666667) 
37166666665 (-1000000000) 
36999999999 (-166666666) 
36916666665 (-83333334) 
35916666665 (-1000000000) 
34916666665 (-1000000000) 
34416666665 (-500000000) 
33333333332 (-1083333333) 
32333333332 (-1000000000) 
31333333332 (-1000000000) 
30833333332 (-500000000) 
30666666665 (-166666667) 
30166666665 (-500000000) 
30083333332 (-83333333) 
28583333332 (-1500000000) 
28416666665 (-166666667) 
28249999999 (-166666666) 
28083333332 (-166666667) 
27083333333 (-1166666666) 
26583333333 (-500000000) 
26416666666 (-166666667) 
26249999999 (-166666667) 
26166666666 (-83333333) 
25666666666 (-500000000) 
25499999999 (-166666667) 
24333333332 (-1166666667) 
23833333332 (-500000000) 
23666666665 (-166666667) 
23499999998 (-166666667) 
22499999998 (-1000000000) 
22333333331 (-166666667) 
22249999998 (-83333333) 
22166666665 (-83333333) 
22083333331 (-83333334) 
21999999998 (-83333333) 
20999999998 (-1000000000) 
20949999998 (-50000000) 
19949999998 (-1000000000) 
19783333332 (-166666666) 
19616666665 (-166666667) 
19449999999 (-166666666) 
18449999999 (-1000000000) 
17949999999 (-500000000) 
17783333332 (-166666667) 
17616666666 (-166666666) 
17533333332 (-83333334) 
17449999998 (-83333334) 
17399999998 (-50000000) 
17316666665 (-83333333) 
16316666665 (-1000000000) 
iterations: 145789
