46000000000 (0) 
44500000000 (-1500000000) 
43000000000 (-1500000000) 
41500000000 (-1500000000) 
41000000000 (-500000000) 
40000000000 (-1000000000) 
38500000000 (-1500000000) 
37000000000 (-1500000000) 
36500000000 (-500000000) 
35000000000 (-1500000000) 
34500000000 (-500000000) 
33000000000 (-1500000000) 
31833333333 (-1166666667) 
30333333333 (-1500000000) 
28833333333 (-1500000000) 
28666666666 (-166666667) 
27666666666 (-1000000000) 
27499999999 (-166666667) 
25999999999 (-1500000000) 
25499999999 (-500000000) 
25416666666 (-83333333) 
24416666666 (-1000000000) 
23916666666 (-500000000) 
22749999999 (-1166666667) 
21749999999 (-1000000000) 
21249999999 (-500000000) 
21083333332 (-166666667) 
20999999999 (-83333333) 
19999999999 (-1000000000) 
19499999999 (-500000000) 
19333333332 (-166666667) 
18833333332 (-500000000) 
18666666665 (-166666667) 
18499999998 (-166666667) 
17999999998 (-500000000) 
16999999998 (-1000000000) 
15499999998 (-1500000000) 
15416666665 (-83333333) 
14416666665 (-1000000000) 
14366666665 (-50000000) 
14283333332 (-83333333) 
14199999999 (-166666666) 
13699999999 (-500000000) 
13533333332 (-166666667) 
13366666665 (-166666667) 
11866666665 (-1500000000) 
11783333332 (-83333333) 
10783333332 (-1000000000) 
10699999998 (-83333334) 
10616666665 (-83333333) 
10499999998 (-166666667) 
10333333332 (-166666666) 
10166666665 (-166666667) 
10083333331 (-83333334) 
10059523807 (-23809524) 
10041666665 (-17857142) 
iterations: 227030
