88000000000 (0) 
86500000000 (-1500000000) 
86000000000 (-500000000) 
84500000000 (-1500000000) 
84000000000 (-500000000) 
83500000000 (-500000000) 
83000000000 (-500000000) 
81500000000 (-1500000000) 
81000000000 (-500000000) 
80500000000 (-500000000) 
80000000000 (-500000000) 
78500000000 (-1500000000) 
77000000000 (-1500000000) 
76500000000 (-500000000) 
75000000000 (-1500000000) 
74833333333 (-166666667) 
74666666666 (-166666667) 
73499999999 (-1166666667) 
71999999999 (-1500000000) 
71499999999 (-500000000) 
69999999999 (-1500000000) 
68999999999 (-1000000000) 
68499999999 (-500000000) 
66999999999 (-1500000000) 
65499999999 (-1500000000) 
64999999999 (-500000000) 
62999999999 (-2000000000) 
60333333333 (-2666666666) 
59833333333 (-500000000) 
59333333333 (-500000000) 
57833333333 (-1500000000) 
57333333333 (-500000000) 
56833333333 (-500000000) 
55833333333 (-1000000000) 
54833333333 (-1000000000) 
53666666666 (-1166666667) 
53166666666 (-500000000) 
52166666666 (-1000000000) 
51666666666 (-500000000) 
51166666666 (-500000000) 
49666666666 (-1500000000) 
48499999999 (-1166666667) 
47999999999 (-500000000) 
46999999999 (-1000000000) 
45499999999 (-1500000000) 
45333333332 (-166666667) 
44333333332 (-1000000000) 
44166666665 (-166666667) 
43666666665 (-500000000) 
43499999999 (-166666666) 
42499999999 (-1000000000) 
41499999999 (-1000000000) 
40999999999 (-500000000) 
39999999999 (-1000000000) 
39499999999 (-500000000) 
39333333332 (-166666667) 
37833333332 (-1500000000) 
36833333332 (-1000000000) 
36333333332 (-500000000) 
36166666665 (-166666667) 
35416666665 (-750000000) 
34916666665 (-500000000) 
33916666665 (-1000000000) 
33749999998 (-166666667) 
33249999998 (-500000000) 
33083333331 (-166666667) 
32249999998 (-1000000000) 
32083333332 (-166666666) 
31916666666 (-166666666) 
30916666666 (-1000000000) 
30833333332 (-83333334) 
30166666665 (-1000000000) 
29166666665 (-1000000000) 
28999999998 (-166666667) 
28833333332 (-166666666) 
28666666665 (-166666667) 
28583333331 (-83333334) 
28499999998 (-83333333) 
27999999998 (-500000000) 
27949999998 (-50000000) 
27449999998 (-500000000) 
27283333332 (-166666666) 
iterations: 144556
