64500000000 (-1500000000) 
64000000000 (-500000000) 
63500000000 (-500000000) 
63000000000 (-500000000) 
62000000000 (-1000000000) 
61500000000 (-500000000) 
61000000000 (-500000000) 
59500000000 (-1500000000) 
59000000000 (-500000000) 
58500000000 (-500000000) 
58000000000 (-500000000) 
57500000000 (-500000000) 
56000000000 (-1500000000) 
55000000000 (-1000000000) 
53500000000 (-1500000000) 
53000000000 (-500000000) 
52000000000 (-1000000000) 
50500000000 (-1500000000) 
49333333333 (-1166666667) 
47833333333 (-1500000000) 
47333333333 (-500000000) 
46833333333 (-500000000) 
45833333333 (-1000000000) 
45333333333 (-500000000) 
43833333333 (-1500000000) 
43333333333 (-500000000) 
42333333333 (-1000000000) 
41833333333 (-500000000) 
40833333333 (-1000000000) 
40333333333 (-500000000) 
40166666666 (-166666667) 
39666666666 (-500000000) 
39499999999 (-166666667) 
39333333332 (-166666667) 
37833333332 (-1500000000) 
36833333332 (-1000000000) 
35833333332 (-1000000000) 
35333333332 (-500000000) 
34833333332 (-500000000) 
34333333332 (-500000000) 
33166666666 (-1166666666) 
32166666666 (-1000000000) 
31999999999 (-166666667) 
31499999999 (-500000000) 
31333333332 (-166666667) 
30333333332 (-1000000000) 
30166666665 (-166666667) 
29999999999 (-166666666) 
29916666666 (-83333333) 
28916666666 (-1000000000) 
28416666666 (-500000000) 
27916666666 (-500000000) 
27749999999 (-166666667) 
27583333332 (-166666667) 
26583333332 (-1000000000) 
25083333332 (-1500000000) 
23916666666 (-1166666666) 
23416666666 (-500000000) 
23249999999 (-166666667) 
23083333332 (-166666667) 
22749999999 (-333333333) 
22583333332 (-166666667) 
22499999999 (-83333333) 
22333333332 (-166666667) 
21833333332 (-500000000) 
21666666665 (-166666667) 
21166666665 (-500000000) 
20666666665 (-500000000) 
20166666665 (-500000000) 
19166666665 (-1000000000) 
18999999999 (-166666666) 
18833333333 (-166666666) 
18666666666 (-166666667) 
18616666666 (-50000000) 
18116666666 (-500000000) 
18033333332 (-83333334) 
17999999998 (-33333334) 
17949999998 (-50000000) 
17783333331 (-166666667) 
16783333331 (-1000000000) 
16283333331 (-500000000) 
16199999997 (-83333334) 
16033333331 (-166666666) 
15866666665 (-166666666) 
15699999998 (-166666667) 
14699999998 (-1000000000) 
14616666665 (-83333333) 
14533333331 (-83333334) 
14449999998 (-83333333) 
iterations: 163790
