51000000000 (0) 
49500000000 (-1500000000) 
49000000000 (-500000000) 
47500000000 (-1500000000) 
47000000000 (-500000000) 
45500000000 (-1500000000) 
44000000000 (-1500000000) 
43500000000 (-500000000) 
42000000000 (-1500000000) 
41500000000 (-500000000) 
41000000000 (-500000000) 
40500000000 (-500000000) 
40333333333 (-166666667) 
39833333333 (-500000000) 
39333333333 (-500000000) 
38833333333 (-500000000) 
38333333333 (-500000000) 
38166666666 (-166666667) 
37166666666 (-1000000000) 
36166666666 (-1000000000) 
35166666666 (-1000000000) 
34666666666 (-500000000) 
34166666666 (-500000000) 
33666666666 (-500000000) 
33499999999 (-166666667) 
32999999999 (-500000000) 
32499999999 (-500000000) 
30999999999 (-1500000000) 
30499999999 (-500000000) 
29499999999 (-1000000000) 
29333333332 (-166666667) 
29166666666 (-166666666) 
28083333332 (-1083333334) 
27583333332 (-500000000) 
27083333332 (-500000000) 
25916666665 (-1166666667) 
25416666665 (-500000000) 
25249999999 (-166666666) 
24249999999 (-1000000000) 
24083333332 (-166666667) 
22916666665 (-1166666667) 
21916666665 (-1000000000) 
21833333332 (-83333333) 
21333333332 (-500000000) 
21166666665 (-166666667) 
20666666665 (-500000000) 
20166666665 (-500000000) 
19166666665 (-1000000000) 
18999999998 (-166666667) 
17999999998 (-1000000000) 
17499999998 (-1000000000) 
16999999998 (-500000000) 
16833333332 (-166666666) 
16666666665 (-166666667) 
16166666665 (-500000000) 
15666666665 (-500000000) 
15499999998 (-166666667) 
14499999998 (-1000000000) 
14416666665 (-83333333) 
14249999998 (-166666667) 
14166666665 (-83333333) 
13666666665 (-500000000) 
13166666665 (-500000000) 
13083333332 (-83333333) 
12999999998 (-83333334) 
12833333331 (-166666667) 
12666666664 (-166666667) 
12166666664 (-500000000) 
12116666664 (-50000000) 
12066666664 (-50000000) 
11983333331 (-83333333) 
11899999998 (-83333333) 
11849999998 (-50000000) 
11799999998 (-50000000) 
11766666664 (-33333334) 
11683333331 (-83333333) 
11599999998 (-83333333) 
11433333331 (-166666667) 
iterations: 187170
