66000000000 (0) 
64500000000 (-1500000000) 
64000000000 (-500000000) 
62500000000 (-1500000000) 
61000000000 (-1500000000) 
58500000000 (-2500000000) 
57000000000 (-1500000000) 
56500000000 (-500000000) 
55500000000 (-1000000000) 
55000000000 (-500000000) 
53500000000 (-1500000000) 
53000000000 (-500000000) 
52500000000 (-500000000) 
51000000000 (-1500000000) 
50833333333 (-166666667) 
50666666666 (-166666667) 
49666666666 (-1000000000) 
49166666666 (-500000000) 
48999999999 (-166666667) 
48499999999 (-500000000) 
47999999999 (-500000000) 
47499999999 (-500000000) 
46499999999 (-1000000000) 
45999999999 (-500000000) 
45499999999 (-500000000) 
43999999999 (-1500000000) 
43499999999 (-500000000) 
42999999999 (-500000000) 
42499999999 (-500000000) 
41999999999 (-500000000) 
41499999999 (-500000000) 
40999999999 (-500000000) 
39999999999 (-1000000000) 
38999999999 (-1000000000) 
38833333333 (-166666666) 
38333333333 (-500000000) 
37333333333 (-1000000000) 
36833333333 (-500000000) 
35833333333 (-1000000000) 
35333333333 (-500000000) 
34833333333 (-500000000) 
34666666666 (-166666667) 
34166666666 (-500000000) 
33666666666 (-500000000) 
33166666666 (-500000000) 
32666666666 (-500000000) 
31666666666 (-1000000000) 
31166666666 (-500000000) 
30166666666 (-1000000000) 
29999999999 (-166666667) 
29499999999 (-500000000) 
28499999999 (-1000000000) 
28333333332 (-166666667) 
28166666665 (-166666667) 
27999999998 (-166666667) 
27833333331 (-166666667) 
27666666664 (-166666667) 
26499999998 (-1166666666) 
25499999998 (-1000000000) 
25333333331 (-166666667) 
24333333331 (-1000000000) 
24166666664 (-166666667) 
23999999998 (-166666666) 
23499999998 (-500000000) 
23416666665 (-83333333) 
22916666665 (-500000000) 
22833333331 (-83333334) 
22749999998 (-83333333) 
22583333331 (-166666667) 
21583333331 (-1000000000) 
21499999998 (-83333333) 
21416666664 (-83333334) 
21249999998 (-166666666) 
21083333331 (-166666667) 
20916666664 (-166666667) 
19916666664 (-1000000000) 
19833333331 (-83333333) 
19666666665 (-166666666) 
18666666665 (-1000000000) 
18499999998 (-166666667) 
18333333332 (-166666666) 
17833333332 (-500000000) 
17333333332 (-500000000) 
17166666665 (-166666667) 
iterations: 148651
