34000000000 (0) 
32500000000 (-1500000000) 
32000000000 (-500000000) 
30500000000 (-1500000000) 
29500000000 (-1000000000) 
29000000000 (-500000000) 
28500000000 (-500000000) 
27000000000 (-1500000000) 
26500000000 (-500000000) 
26000000000 (-500000000) 
24833333333 (-1166666667) 
24333333333 (-500000000) 
24166666666 (-166666667) 
23666666666 (-500000000) 
23166666666 (-500000000) 
22999999999 (-166666667) 
21499999999 (-1500000000) 
20333333333 (-1166666666) 
18833333333 (-1500000000) 
18333333333 (-500000000) 
17833333333 (-500000000) 
16666666666 (-1166666667) 
16166666666 (-500000000) 
15166666666 (-1000000000) 
14166666666 (-1000000000) 
13166666666 (-1000000000) 
12999999999 (-166666667) 
12916666665 (-83333334) 
12416666665 (-1000000000) 
12249999998 (-166666667) 
11749999998 (-500000000) 
11583333332 (-166666666) 
11416666665 (-166666667) 
10416666665 (-1000000000) 
10366666665 (-50000000) 
10283333332 (-83333333) 
10199999998 (-83333334) 
9199999998 (-1000000000) 
9116666665 (-83333333) 
9033333332 (-83333333) 
8983333332 (-50000000) 
8949999998 (-33333334) 
8899999998 (-50000000) 
8733333331 (-166666667) 
8566666664 (-166666667) 
8533333330 (-33333334) 
7616666664 (-1083333333) 
7449999997 (-166666667) 
7366666664 (-83333333) 
6866666664 (-500000000) 
6833333330 (-33333334) 
6809523806 (-23809524) 
iterations: 246632
