98000000000 (0) 
97500000000 (-500000000) 
96000000000 (-1500000000) 
94500000000 (-1500000000) 
93000000000 (-1500000000) 
92500000000 (-500000000) 
92000000000 (-500000000) 
91500000000 (-500000000) 
90000000000 (-1500000000) 
88500000000 (-1500000000) 
87333333333 (-1166666667) 
84333333333 (-3000000000) 
83833333333 (-500000000) 
82333333333 (-1500000000) 
80833333333 (-1500000000) 
79333333333 (-1500000000) 
78333333333 (-1000000000) 
76833333333 (-1500000000) 
76333333333 (-500000000) 
75833333333 (-500000000) 
73166666666 (-2666666667) 
72666666666 (-500000000) 
72166666666 (-500000000) 
70666666666 (-1500000000) 
70499999999 (-166666667) 
69999999999 (-500000000) 
68499999999 (-1500000000) 
66999999999 (-1500000000) 
66499999999 (-500000000) 
66333333332 (-166666667) 
65833333332 (-500000000) 
65333333332 (-500000000) 
63833333332 (-1500000000) 
63333333332 (-500000000) 
61833333332 (-1500000000) 
61333333332 (-500000000) 
60333333332 (-1000000000) 
59833333332 (-500000000) 
58833333332 (-1000000000) 
58333333332 (-500000000) 
57333333332 (-1000000000) 
55833333332 (-1500000000) 
55333333332 (-500000000) 
54833333332 (-500000000) 
54333333332 (-500000000) 
54166666665 (-166666667) 
53166666665 (-1000000000) 
52999999999 (-166666666) 
52833333333 (-166666666) 
52666666666 (-166666667) 
52166666666 (-500000000) 
51666666666 (-500000000) 
51499999999 (-166666667) 
50499999999 (-1000000000) 
49499999999 (-1000000000) 
49416666666 (-83333333) 
48916666666 (-500000000) 
47749999999 (-1166666667) 
47583333332 (-166666667) 
47083333332 (-500000000) 
46583333332 (-500000000) 
45416666665 (-1166666667) 
44916666665 (-500000000) 
44833333331 (-83333334) 
44666666665 (-166666666) 
44499999998 (-166666667) 
43999999998 (-500000000) 
43499999998 (-500000000) 
43416666665 (-83333333) 
43333333332 (-83333333) 
43166666665 (-166666667) 
42999999998 (-166666667) 
41999999998 (-1000000000) 
41499999998 (-500000000) 
40499999998 (-1000000000) 
39499999998 (-1000000000) 
39333333332 (-166666666) 
37833333332 (-1500000000) 
37666666665 (-166666667) 
37166666665 (-500000000) 
36999999998 (-166666667) 
35999999998 (-1000000000) 
35833333332 (-166666666) 
35166666665 (-1166666667) 
33999999998 (-1166666667) 
33916666665 (-83333333) 
33833333332 (-83333333) 
32666666665 (-1166666667) 
32499999998 (-166666667) 
32333333331 (-166666667) 
30833333331 (-1500000000) 
30666666664 (-166666667) 
30499999998 (-166666666) 
29999999998 (-500000000) 
29916666664 (-83333334) 
28916666664 (-1000000000) 
28416666664 (-500000000) 
28249999998 (-166666666) 
28199999998 (-50000000) 
28033333331 (-166666667) 
27533333331 (-500000000) 
27449999998 (-83333333) 
26949999998 (-500000000) 
iterations: 99373
