76000000000 (0) 
74500000000 (-1500000000) 
74000000000 (-500000000) 
72500000000 (-1500000000) 
71000000000 (-1500000000) 
69500000000 (-1500000000) 
68000000000 (-1500000000) 
66500000000 (-1500000000) 
65500000000 (-1000000000) 
64000000000 (-1500000000) 
63833333333 (-166666667) 
62333333333 (-1500000000) 
61833333333 (-500000000) 
61333333333 (-500000000) 
59833333333 (-1500000000) 
59666666666 (-166666667) 
58666666666 (-1000000000) 
55666666666 (-3000000000) 
54166666666 (-1500000000) 
52666666666 (-1500000000) 
52166666666 (-500000000) 
51166666666 (-1000000000) 
50666666666 (-500000000) 
49166666666 (-1500000000) 
47666666666 (-1500000000) 
47166666666 (-500000000) 
46166666666 (-1000000000) 
45666666666 (-500000000) 
44666666666 (-1000000000) 
44166666666 (-500000000) 
43666666666 (-500000000) 
43166666666 (-500000000) 
42666666666 (-500000000) 
42166666666 (-500000000) 
40999999999 (-1166666667) 
39833333332 (-1166666667) 
38833333332 (-1000000000) 
38333333332 (-500000000) 
37333333332 (-1000000000) 
37166666665 (-166666667) 
36666666665 (-500000000) 
35166666665 (-1500000000) 
34666666665 (-500000000) 
34499999998 (-166666667) 
34333333332 (-166666666) 
33833333332 (-500000000) 
33333333332 (-500000000) 
32333333332 (-1000000000) 
30583333332 (-1750000000) 
30416666665 (-166666667) 
29916666665 (-500000000) 
29416666665 (-500000000) 
28666666665 (-750000000) 
28499999999 (-166666666) 
27333333332 (-1166666667) 
26333333332 (-1000000000) 
25166666665 (-1166666667) 
24166666665 (-1000000000) 
23999999999 (-166666666) 
23833333332 (-166666667) 
22833333332 (-1000000000) 
22666666665 (-166666667) 
22166666665 (-500000000) 
21166666665 (-1000000000) 
20999999998 (-166666667) 
20916666664 (-83333334) 
20283333331 (-633333333) 
19283333331 (-1000000000) 
19116666665 (-166666666) 
18116666665 (-1000000000) 
17949999999 (-166666666) 
17783333332 (-166666667) 
16616666666 (-1166666666) 
16449999999 (-166666667) 
16283333332 (-166666667) 
16199999999 (-83333333) 
16116666666 (-83333333) 
15950000000 (-166666666) 
15866666666 (-83333334) 
iterations: 147244
