82000000000 (0) 
80500000000 (-1500000000) 
80000000000 (-500000000) 
78500000000 (-1500000000) 
77000000000 (-1500000000) 
76500000000 (-500000000) 
75000000000 (-1500000000) 
74500000000 (-500000000) 
74000000000 (-500000000) 
72500000000 (-1500000000) 
72000000000 (-500000000) 
70500000000 (-1500000000) 
69000000000 (-1500000000) 
67500000000 (-1500000000) 
66000000000 (-1500000000) 
65500000000 (-500000000) 
64000000000 (-1500000000) 
62500000000 (-1500000000) 
62000000000 (-500000000) 
60500000000 (-1500000000) 
60000000000 (-500000000) 
58500000000 (-1500000000) 
58000000000 (-500000000) 
57500000000 (-500000000) 
56000000000 (-1500000000) 
55500000000 (-500000000) 
55000000000 (-500000000) 
54500000000 (-500000000) 
54000000000 (-500000000) 
53833333333 (-166666667) 
53333333333 (-500000000) 
52833333333 (-500000000) 
52333333333 (-500000000) 
51833333333 (-500000000) 
51333333333 (-500000000) 
50166666666 (-1166666667) 
49666666666 (-500000000) 
49166666666 (-500000000) 
48166666666 (-1000000000) 
47666666666 (-500000000) 
47166666666 (-500000000) 
46999999999 (-166666667) 
46499999999 (-500000000) 
46333333332 (-166666667) 
45833333332 (-500000000) 
44333333332 (-1500000000) 
44166666665 (-166666667) 
43999999999 (-166666666) 
43833333333 (-166666666) 
43333333333 (-500000000) 
43166666666 (-166666667) 
42666666666 (-500000000) 
42499999999 (-166666667) 
42333333332 (-166666667) 
41833333332 (-500000000) 
40833333332 (-1000000000) 
40666666666 (-166666666) 
39666666666 (-1000000000) 
39500000000 (-166666666) 
39333333333 (-166666667) 
38833333333 (-500000000) 
37833333333 (-1000000000) 
37666666666 (-166666667) 
37166666666 (-500000000) 
36166666666 (-1000000000) 
34999999999 (-1166666667) 
33999999999 (-1000000000) 
33833333332 (-166666667) 
32833333332 (-1000000000) 
32666666665 (-166666667) 
32499999998 (-166666667) 
31999999998 (-500000000) 
30999999998 (-1000000000) 
29999999998 (-1000000000) 
29499999998 (-500000000) 
29416666665 (-83333333) 
28916666665 (-500000000) 
28416666665 (-500000000) 
28249999999 (-166666666) 
28166666666 (-83333333) 
27666666666 (-500000000) 
27583333332 (-83333334) 
26583333332 (-1000000000) 
26499999998 (-83333334) 
26449999998 (-50000000) 
25949999998 (-500000000) 
25783333331 (-166666667) 
25616666664 (-166666667) 
25449999998 (-166666666) 
25366666665 (-83333333) 
25283333331 (-83333334) 
24783333331 (-500000000) 
24616666665 (-166666666) 
24533333332 (-83333333) 
24483333332 (-50000000) 
23983333332 (-500000000) 
23899999998 (-83333334) 
22399999998 (-1500000000) 
22233333332 (-166666666) 
22149999998 (-83333334) 
21983333331 (-166666667) 
21899999998 (-83333333) 
21816666664 (-83333334) 
21649999998 (-166666666) 
21149999998 (-500000000) 
iterations: 135240
