98000000000 (0) 
97500000000 (-500000000) 
96000000000 (-1500000000) 
94500000000 (-1500000000) 
93000000000 (-1500000000) 
92500000000 (-500000000) 
92000000000 (-500000000) 
91500000000 (-500000000) 
90000000000 (-1500000000) 
89500000000 (-500000000) 
88000000000 (-1500000000) 
87500000000 (-500000000) 
87000000000 (-500000000) 
86500000000 (-500000000) 
85000000000 (-1500000000) 
84500000000 (-500000000) 
84000000000 (-500000000) 
83500000000 (-500000000) 
83000000000 (-500000000) 
82500000000 (-500000000) 
81500000000 (-1000000000) 
81000000000 (-500000000) 
80500000000 (-500000000) 
80000000000 (-500000000) 
78500000000 (-1500000000) 
78000000000 (-500000000) 
77833333333 (-166666667) 
77333333333 (-500000000) 
76833333333 (-500000000) 
76333333333 (-500000000) 
75833333333 (-500000000) 
75333333333 (-500000000) 
74833333333 (-500000000) 
74333333333 (-500000000) 
73833333333 (-500000000) 
73333333333 (-500000000) 
72833333333 (-500000000) 
72333333333 (-500000000) 
70833333333 (-1500000000) 
69833333333 (-1000000000) 
69666666666 (-166666667) 
69166666666 (-500000000) 
68666666666 (-500000000) 
68499999999 (-166666667) 
67499999999 (-1000000000) 
66999999999 (-500000000) 
66833333333 (-166666666) 
65833333333 (-1000000000) 
65666666666 (-166666667) 
64666666666 (-1000000000) 
64499999999 (-166666667) 
64333333332 (-166666667) 
63833333332 (-500000000) 
63666666665 (-166666667) 
63499999998 (-166666667) 
62499999998 (-1000000000) 
61833333332 (-1166666666) 
61666666665 (-166666667) 
61166666665 (-500000000) 
60999999999 (-166666666) 
60499999999 (-500000000) 
59333333332 (-1166666667) 
58833333332 (-500000000) 
58666666665 (-166666667) 
58166666665 (-500000000) 
57999999999 (-166666666) 
57499999999 (-500000000) 
56999999999 (-500000000) 
55999999999 (-1000000000) 
54999999999 (-1000000000) 
54833333333 (-500000000) 
54666666666 (-166666667) 
53666666666 (-1000000000) 
53166666666 (-500000000) 
51999999999 (-1166666667) 
51499999999 (-500000000) 
50999999999 (-500000000) 
49999999999 (-1000000000) 
49499999999 (-500000000) 
48999999999 (-500000000) 
47999999999 (-1000000000) 
47833333333 (-166666666) 
47666666666 (-166666667) 
47166666666 (-500000000) 
46166666666 (-1000000000) 
45999999999 (-166666667) 
45499999999 (-500000000) 
44999999999 (-500000000) 
44833333332 (-166666667) 
44333333332 (-500000000) 
43166666665 (-1166666667) 
42666666665 (-500000000) 
41499999998 (-1166666667) 
41333333331 (-166666667) 
41249999998 (-83333333) 
41083333332 (-166666666) 
40916666665 (-166666667) 
40416666665 (-500000000) 
39916666665 (-500000000) 
39416666665 (-500000000) 
39249999998 (-166666667) 
39166666665 (-83333333) 
38666666665 (-500000000) 
38583333331 (-83333334) 
38083333331 (-500000000) 
37916666665 (-166666666) 
37749999999 (-166666666) 
37249999999 (-500000000) 
36749999999 (-500000000) 
36583333332 (-166666667) 
36083333332 (-500000000) 
35583333332 (-500000000) 
35416666665 (-166666667) 
34916666665 (-500000000) 
34749999998 (-166666667) 
34583333332 (-166666666) 
34499999998 (-83333334) 
34333333332 (-166666666) 
34249999999 (-83333333) 
33749999999 (-500000000) 
33666666666 (-83333333) 
33499999999 (-166666667) 
iterations: 95592
