32500000000 (-500000000) 
32000000000 (-500000000) 
31500000000 (-500000000) 
31000000000 (-500000000) 
30500000000 (-500000000) 
29000000000 (-1500000000) 
28500000000 (-500000000) 
27000000000 (-1500000000) 
26833333333 (-166666667) 
26333333333 (-500000000) 
25833333333 (-500000000) 
25333333333 (-500000000) 
24333333333 (-1000000000) 
24166666666 (-166666667) 
23666666666 (-500000000) 
22666666666 (-1000000000) 
22166666666 (-500000000) 
21166666666 (-1000000000) 
19666666666 (-1500000000) 
19499999999 (-166666667) 
19333333332 (-166666667) 
18833333332 (-500000000) 
17833333332 (-1000000000) 
17666666665 (-166666667) 
17166666665 (-500000000) 
16416666665 (-750000000) 
16249999998 (-166666667) 
15249999998 (-1000000000) 
15083333332 (-166666666) 
14583333332 (-500000000) 
14083333332 (-500000000) 
13583333332 (-500000000) 
13416666665 (-166666667) 
12416666665 (-1000000000) 
12249999998 (-166666667) 
12083333332 (-166666666) 
11999999998 (-83333334) 
11833333332 (-166666666) 
11749999998 (-83333334) 
11699999999 (-83333333) 
11616666666 (-83333333) 
10983333332 (-633333334) 
9983333332 (-1000000000) 
9899999999 (-83333333) 
8899999999 (-1000000000) 
8816666666 (-83333333) 
8783333332 (-33333334) 
7783333332 (-1000000000) 
7759523808 (-23809524) 
7709523808 (-50000000) 
7542857141 (-166666667) 
7459523807 (-83333334) 
7126190474 (-333333333) 
7042857141 (-83333333) 
iterations: 223595
