48000000000 (0) 
47500000000 (-500000000) 
47000000000 (-500000000) 
45500000000 (-1500000000) 
45000000000 (-500000000) 
43500000000 (-1500000000) 
43000000000 (-500000000) 
41500000000 (-1500000000) 
41000000000 (-500000000) 
40000000000 (-1000000000) 
39500000000 (-500000000) 
39000000000 (-500000000) 
38500000000 (-500000000) 
37500000000 (-1000000000) 
36500000000 (-1000000000) 
35333333333 (-1166666667) 
34833333333 (-500000000) 
33666666666 (-1166666667) 
32666666666 (-1000000000) 
31916666666 (-750000000) 
31750000000 (-166666666) 
31250000000 (-500000000) 
30750000000 (-500000000) 
30250000000 (-500000000) 
29250000000 (-1000000000) 
28750000000 (-500000000) 
27750000000 (-1000000000) 
27250000000 (-500000000) 
27083333333 (-166666667) 
26583333333 (-500000000) 
25500000000 (-1083333333) 
24500000000 (-1000000000) 
24000000000 (-500000000) 
23500000000 (-500000000) 
22500000000 (-1000000000) 
22000000000 (-500000000) 
21833333333 (-166666667) 
21333333333 (-500000000) 
19833333333 (-1500000000) 
19666666666 (-166666667) 
19166666666 (-500000000) 
18666666666 (-500000000) 
18499999999 (-166666667) 
18333333332 (-166666667) 
18166666665 (-166666667) 
17666666665 (-500000000) 
17499999999 (-166666666) 
16999999999 (-500000000) 
16833333333 (-166666666) 
16000000000 (-1000000000) 
15000000000 (-1000000000) 
14000000000 (-1000000000) 
13833333333 (-166666667) 
13749999999 (-83333334) 
13699999999 (-50000000) 
13616666666 (-83333333) 
12616666666 (-1000000000) 
12449999999 (-166666667) 
12366666666 (-83333333) 
11866666666 (-500000000) 
11783333333 (-83333333) 
11616666666 (-166666667) 
11283333333 (-500000000) 
11116666666 (-166666667) 
11033333333 (-83333333) 
10533333333 (-500000000) 
10366666666 (-166666667) 
10283333332 (-83333334) 
10233333332 (-50000000) 
10199999998 (-33333334) 
10149999998 (-50000000) 
10116666664 (-33333334) 
iterations: 212502
