89000000000 (0) 
88500000000 (-500000000) 
88000000000 (-500000000) 
86500000000 (-1500000000) 
86000000000 (-500000000) 
85500000000 (-500000000) 
85000000000 (-500000000) 
84500000000 (-500000000) 
83000000000 (-1500000000) 
82500000000 (-500000000) 
82000000000 (-500000000) 
80500000000 (-1500000000) 
79000000000 (-1500000000) 
78500000000 (-500000000) 
78000000000 (-500000000) 
76500000000 (-1500000000) 
75500000000 (-1000000000) 
75000000000 (-500000000) 
74000000000 (-1000000000) 
73500000000 (-500000000) 
73333333333 (-166666667) 
72833333333 (-500000000) 
72333333333 (-500000000) 
71833333333 (-500000000) 
70666666666 (-1166666667) 
70166666666 (-500000000) 
69666666666 (-500000000) 
68666666666 (-1000000000) 
68166666666 (-500000000) 
66666666666 (-1500000000) 
66166666666 (-500000000) 
64666666666 (-1500000000) 
63166666666 (-1500000000) 
61666666666 (-1500000000) 
61499999999 (-166666667) 
60999999999 (-500000000) 
60499999999 (-500000000) 
58999999999 (-1500000000) 
58499999999 (-500000000) 
57499999999 (-1000000000) 
56999999999 (-500000000) 
56499999999 (-500000000) 
55333333332 (-1166666667) 
54333333332 (-1000000000) 
53833333332 (-500000000) 
53333333332 (-500000000) 
52333333332 (-1000000000) 
51833333332 (-500000000) 
51666666665 (-166666667) 
50499999999 (-1166666666) 
50333333333 (-166666666) 
49833333333 (-500000000) 
48833333333 (-1000000000) 
48666666666 (-166666667) 
48166666666 (-500000000) 
47666666666 (-500000000) 
47166666666 (-500000000) 
46666666666 (-500000000) 
46166666666 (-500000000) 
45999999999 (-166666667) 
45499999999 (-500000000) 
45333333332 (-166666667) 
45249999999 (-83333333) 
45083333333 (-166666666) 
44583333333 (-500000000) 
44416666666 (-166666667) 
44249999999 (-166666667) 
43083333333 (-1166666666) 
42916666666 (-166666667) 
41916666666 (-1000000000) 
40916666666 (-1000000000) 
40749999999 (-166666667) 
40583333332 (-166666667) 
40416666665 (-166666667) 
39249999999 (-1166666666) 
38749999999 (-500000000) 
37583333332 (-1166666667) 
37416666665 (-166666667) 
37333333332 (-83333333) 
36333333332 (-1000000000) 
36283333332 (-50000000) 
35783333332 (-500000000) 
35616666665 (-166666667) 
34616666665 (-1000000000) 
34116666665 (-500000000) 
33616666665 (-500000000) 
33533333332 (-83333333) 
32533333332 (-1000000000) 
32449999999 (-83333333) 
32366666665 (-83333334) 
31866666665 (-500000000) 
31783333332 (-83333333) 
30783333332 (-1000000000) 
30616666666 (-166666666) 
30449999999 (-166666667) 
29949999999 (-500000000) 
28783333332 (-1166666667) 
28616666665 (-166666667) 
28116666665 (-500000000) 
27949999998 (-166666667) 
27866666665 (-83333333) 
27699999998 (-166666667) 
27533333332 (-166666666) 
26033333332 (-1500000000) 
25533333332 (-500000000) 
25033333332 (-500000000) 
24866666665 (-166666667) 
iterations: 110960
