60000000000 (0) 
58500000000 (-1500000000) 
58000000000 (-500000000) 
57500000000 (-500000000) 
57000000000 (-500000000) 
56500000000 (-500000000) 
55000000000 (-1500000000) 
54500000000 (-500000000) 
53000000000 (-1500000000) 
52500000000 (-500000000) 
51000000000 (-1500000000) 
50500000000 (-500000000) 
50000000000 (-500000000) 
49500000000 (-500000000) 
48500000000 (-1000000000) 
48000000000 (-500000000) 
46500000000 (-1500000000) 
45333333333 (-1166666667) 
44833333333 (-500000000) 
44333333333 (-500000000) 
43833333333 (-500000000) 
43333333333 (-500000000) 
42833333333 (-500000000) 
41333333333 (-1500000000) 
39833333333 (-1500000000) 
39666666666 (-166666667) 
38166666666 (-1500000000) 
37999999999 (-166666667) 
37499999999 (-500000000) 
36499999999 (-1000000000) 
35666666666 (-1000000000) 
35166666666 (-500000000) 
34666666666 (-500000000) 
33499999999 (-1166666667) 
31999999999 (-1500000000) 
31499999999 (-500000000) 
30999999999 (-500000000) 
30499999999 (-500000000) 
28999999999 (-1500000000) 
28833333332 (-166666667) 
27833333332 (-1000000000) 
27749999999 (-83333333) 
27666666666 (-83333333) 
27499999999 (-166666667) 
26999999999 (-500000000) 
25999999999 (-1000000000) 
25833333332 (-166666667) 
25666666666 (-166666666) 
25333333332 (-500000000) 
25166666666 (-166666666) 
24166666666 (-1000000000) 
24000000000 (-166666666) 
23833333333 (-166666667) 
23666666666 (-166666667) 
22833333333 (-833333333) 
22666666666 (-166666667) 
22583333333 (-83333333) 
21583333333 (-1000000000) 
21083333333 (-500000000) 
20583333333 (-500000000) 
20083333333 (-500000000) 
19083333333 (-1000000000) 
18916666666 (-166666667) 
18750000000 (-166666666) 
18583333333 (-166666667) 
18499999999 (-83333334) 
18333333333 (-166666666) 
18166666666 (-166666667) 
17999999999 (-166666667) 
17833333333 (-166666666) 
17499999999 (-333333334) 
17416666666 (-83333333) 
16916666666 (-500000000) 
16750000000 (-166666666) 
16250000000 (-500000000) 
15250000000 (-1000000000) 
14250000000 (-1000000000) 
14200000000 (-50000000) 
14116666666 (-83333334) 
13949999999 (-166666667) 
13866666666 (-83333333) 
13783333333 (-83333333) 
13616666666 (-166666667) 
13533333332 (-83333334) 
13483333332 (-50000000) 
13316666666 (-166666666) 
13266666666 (-50000000) 
12766666666 (-500000000) 
iterations: 182547
