13000000000 (0) 
11500000000 (-1500000000) 
11000000000 (-500000000) 
10500000000 (-500000000) 
10000000000 (-500000000) 
8000000000 (-2000000000) 
7833333333 (-166666667) 
7333333333 (-500000000) 
7166666666 (-166666667) 
6666666666 (-500000000) 
6499999999 (-166666667) 
5499999999 (-1000000000) 
5416666666 (-83333333) 
3916666666 (-1500000000) 
3749999999 (-166666667) 
3416666666 (-500000000) 
3249999999 (-166666667) 
3166666666 (-83333333) 
3083333333 (-83333333) 
3033333333 (-50000000) 
2694444444 (-338888889) 
1944444444 (-750000000) 
1444444444 (-500000000) 
iterations: 429913
