57000000000 (0) 
55500000000 (-1500000000) 
54000000000 (-1500000000) 
53500000000 (-500000000) 
52000000000 (-1500000000) 
51500000000 (-500000000) 
50000000000 (-1500000000) 
48500000000 (-1500000000) 
47000000000 (-1500000000) 
46500000000 (-500000000) 
45833333333 (-666666667) 
43833333333 (-2000000000) 
43333333333 (-500000000) 
42333333333 (-1000000000) 
42166666666 (-166666667) 
40666666666 (-1500000000) 
39166666666 (-1500000000) 
38666666666 (-500000000) 
37166666666 (-1500000000) 
36666666666 (-500000000) 
36166666666 (-500000000) 
34666666666 (-1500000000) 
34499999999 (-166666667) 
33499999999 (-1000000000) 
31999999999 (-1500000000) 
30833333332 (-1166666667) 
30083333332 (-750000000) 
29583333332 (-500000000) 
29416666665 (-166666667) 
28916666665 (-500000000) 
28749999998 (-166666667) 
28583333332 (-166666666) 
28083333332 (-500000000) 
27083333332 (-1000000000) 
26916666665 (-166666667) 
26749999998 (-166666667) 
26583333332 (-166666666) 
25583333332 (-1000000000) 
25083333332 (-500000000) 
24999999999 (-83333333) 
24499999999 (-500000000) 
24333333332 (-166666667) 
23833333332 (-500000000) 
22833333332 (-1000000000) 
22333333332 (-500000000) 
22166666665 (-166666667) 
21666666665 (-500000000) 
21166666665 (-500000000) 
20999999999 (-166666666) 
20833333332 (-166666667) 
20749999998 (-83333334) 
19666666665 (-1083333333) 
19166666665 (-500000000) 
17666666665 (-1500000000) 
17499999998 (-166666667) 
17333333331 (-166666667) 
17166666664 (-166666667) 
17083333331 (-83333333) 
16666666664 (-500000000) 
16583333331 (-83333333) 
16533333332 (-166666667) 
16449999999 (-83333333) 
16366666665 (-83333334) 
16283333331 (-83333334) 
iterations: 186153
