59000000000 (0) 
57500000000 (-1500000000) 
57000000000 (-500000000) 
56500000000 (-500000000) 
55000000000 (-1500000000) 
54500000000 (-500000000) 
53000000000 (-1500000000) 
51500000000 (-1500000000) 
48833333333 (-2666666667) 
47333333333 (-1500000000) 
47166666666 (-166666667) 
46999999999 (-166666667) 
45499999999 (-1500000000) 
44999999999 (-500000000) 
43499999999 (-1500000000) 
43333333332 (-166666667) 
42833333332 (-500000000) 
41333333332 (-1500000000) 
40833333332 (-500000000) 
40333333332 (-500000000) 
39333333332 (-1000000000) 
38833333332 (-500000000) 
37833333332 (-1000000000) 
36833333332 (-1000000000) 
36666666665 (-166666667) 
35166666665 (-1500000000) 
34666666665 (-500000000) 
33666666665 (-1000000000) 
32666666665 (-1000000000) 
32166666665 (-500000000) 
31999999998 (-166666667) 
31833333332 (-166666666) 
30333333332 (-1500000000) 
30166666666 (-166666666) 
28666666666 (-1500000000) 
27166666666 (-1500000000) 
26999999999 (-166666667) 
26916666665 (-83333334) 
26749999999 (-166666666) 
26249999999 (-500000000) 
25749999999 (-500000000) 
25583333332 (-166666667) 
25416666665 (-166666667) 
24916666665 (-500000000) 
24749999998 (-166666667) 
23749999998 (-1000000000) 
22749999998 (-1000000000) 
22416666665 (-500000000) 
22249999998 (-166666667) 
21749999998 (-500000000) 
21583333331 (-166666667) 
20583333331 (-1000000000) 
20083333331 (-500000000) 
19916666665 (-166666666) 
19416666665 (-500000000) 
18916666665 (-500000000) 
18833333331 (-83333334) 
18666666665 (-166666666) 
18499999998 (-166666667) 
18416666665 (-83333333) 
17416666665 (-1000000000) 
16416666665 (-1000000000) 
16249999998 (-166666667) 
15749999998 (-500000000) 
15249999998 (-500000000) 
15166666665 (-83333333) 
14166666665 (-1000000000) 
14166666664 (-166666667) 
13666666664 (-500000000) 
13583333331 (-83333333) 
13499999998 (-83333333) 
13333333331 (-166666667) 
13249999998 (-83333333) 
13199999998 (-50000000) 
13033333332 (-166666666) 
iterations: 176573
