87000000000 (0) 
85500000000 (-1500000000) 
84000000000 (-1500000000) 
83500000000 (-500000000) 
82000000000 (-1500000000) 
80500000000 (-1500000000) 
79000000000 (-1500000000) 
78500000000 (-500000000) 
77000000000 (-1500000000) 
76500000000 (-500000000) 
75500000000 (-1000000000) 
74000000000 (-1500000000) 
72500000000 (-1500000000) 
71000000000 (-1500000000) 
69500000000 (-1500000000) 
69000000000 (-500000000) 
67500000000 (-1500000000) 
66000000000 (-1500000000) 
64500000000 (-1500000000) 
64000000000 (-500000000) 
63000000000 (-1000000000) 
62500000000 (-500000000) 
61333333333 (-1166666667) 
59833333333 (-1500000000) 
59666666666 (-166666667) 
58166666666 (-1500000000) 
57666666666 (-500000000) 
56666666666 (-1000000000) 
55499999999 (-1166666667) 
54999999999 (-500000000) 
53999999999 (-1000000000) 
53499999999 (-500000000) 
52999999999 (-500000000) 
52499999999 (-500000000) 
50999999999 (-1500000000) 
50499999999 (-500000000) 
48999999999 (-1500000000) 
48833333332 (-166666667) 
48666666666 (-166666666) 
48499999999 (-166666667) 
47999999999 (-500000000) 
46999999999 (-1000000000) 
46833333332 (-166666667) 
45749999999 (-1083333333) 
44749999999 (-1000000000) 
44583333332 (-166666667) 
44083333332 (-500000000) 
43583333332 (-500000000) 
43416666665 (-166666667) 
42916666665 (-500000000) 
41916666665 (-1000000000) 
41416666665 (-500000000) 
40249999998 (-1166666667) 
40083333332 (-166666666) 
39916666665 (-166666667) 
38749999998 (-1166666667) 
38249999998 (-500000000) 
37249999998 (-1000000000) 
36749999998 (-500000000) 
36249999998 (-500000000) 
35249999998 (-1000000000) 
34749999998 (-500000000) 
34666666665 (-83333333) 
33166666665 (-1500000000) 
32999999999 (-166666666) 
31999999999 (-1000000000) 
30999999999 (-1000000000) 
30833333332 (-166666667) 
29916666665 (-1000000000) 
28916666665 (-1000000000) 
28416666665 (-500000000) 
27249999998 (-1166666667) 
27083333331 (-166666667) 
26916666664 (-166666667) 
26749999998 (-166666666) 
25749999998 (-1000000000) 
25583333331 (-166666667) 
25499999998 (-83333333) 
24999999998 (-500000000) 
24916666664 (-83333334) 
24583333331 (-333333333) 
23583333331 (-1000000000) 
23533333331 (-50000000) 
23033333331 (-500000000) 
22033333331 (-1000000000) 
21866666664 (-166666667) 
21783333331 (-83333333) 
21283333331 (-500000000) 
21199999997 (-83333334) 
21033333331 (-166666666) 
19533333331 (-1500000000) 
19366666664 (-166666667) 
19283333331 (-83333333) 
iterations: 122067
