73000000000 (0) 
72500000000 (-500000000) 
71000000000 (-1500000000) 
69500000000 (-1500000000) 
69000000000 (-500000000) 
67500000000 (-1500000000) 
65500000000 (-2000000000) 
64000000000 (-1500000000) 
62500000000 (-1500000000) 
61000000000 (-1500000000) 
60500000000 (-500000000) 
59000000000 (-1500000000) 
58500000000 (-500000000) 
57333333333 (-1166666667) 
56833333333 (-500000000) 
53833333333 (-3000000000) 
53333333333 (-500000000) 
52166666666 (-1166666667) 
50999999999 (-1166666667) 
49499999999 (-1500000000) 
48499999999 (-1000000000) 
46999999999 (-1500000000) 
46499999999 (-500000000) 
45999999999 (-500000000) 
44999999999 (-1000000000) 
43499999999 (-1500000000) 
41999999999 (-1500000000) 
40499999999 (-1500000000) 
39999999999 (-500000000) 
39499999999 (-500000000) 
38499999999 (-1000000000) 
38333333332 (-166666667) 
37833333332 (-500000000) 
37333333332 (-500000000) 
36333333332 (-1000000000) 
35166666666 (-1166666666) 
34666666666 (-500000000) 
33499999999 (-1166666667) 
32333333332 (-1166666667) 
32166666666 (-166666666) 
31166666666 (-1000000000) 
29999999999 (-1166666667) 
29499999999 (-500000000) 
29333333332 (-166666667) 
29249999999 (-83333333) 
28749999999 (-500000000) 
27249999999 (-1500000000) 
27083333332 (-166666667) 
25583333332 (-1500000000) 
25416666665 (-166666667) 
25249999998 (-166666667) 
25083333332 (-166666666) 
24083333332 (-1000000000) 
23916666665 (-166666667) 
22749999998 (-1166666667) 
22666666665 (-166666666) 
22499999999 (-166666666) 
22333333333 (-166666666) 
21833333333 (-500000000) 
21666666666 (-166666667) 
20666666666 (-1000000000) 
20499999999 (-166666667) 
20166666665 (-500000000) 
19999999998 (-166666667) 
19916666665 (-83333333) 
18749999998 (-1166666667) 
18416666665 (-333333333) 
18333333332 (-83333333) 
17833333332 (-500000000) 
17666666665 (-166666667) 
17583333332 (-83333333) 
17416666665 (-166666667) 
16916666665 (-500000000) 
16833333332 (-83333333) 
16783333332 (-50000000) 
16699999998 (-83333334) 
16649999998 (-50000000) 
16566666665 (-83333333) 
16516666665 (-50000000) 
16433333332 (-83333333) 
16349999999 (-83333333) 
16016666665 (-333333334) 
iterations: 152603
