75000000000 (0) 
73500000000 (-1500000000) 
72000000000 (-1500000000) 
69000000000 (-3000000000) 
67500000000 (-1500000000) 
66000000000 (-1500000000) 
64500000000 (-1500000000) 
64000000000 (-500000000) 
63500000000 (-500000000) 
63000000000 (-500000000) 
60333333333 (-2666666667) 
59833333333 (-500000000) 
59333333333 (-500000000) 
57833333333 (-1500000000) 
57333333333 (-500000000) 
56166666666 (-1166666667) 
54666666666 (-1500000000) 
54166666666 (-500000000) 
52666666666 (-1500000000) 
52166666666 (-500000000) 
51666666666 (-500000000) 
50999999999 (-1166666667) 
49999999999 (-1000000000) 
48499999999 (-1500000000) 
47999999999 (-500000000) 
47499999999 (-500000000) 
46499999999 (-1000000000) 
45333333332 (-1166666667) 
43833333332 (-1500000000) 
42666666665 (-1166666667) 
42166666665 (-500000000) 
41166666665 (-1000000000) 
40166666665 (-1000000000) 
38666666665 (-1500000000) 
38166666665 (-500000000) 
37666666665 (-500000000) 
36666666665 (-1000000000) 
35666666665 (-1000000000) 
35499999999 (-166666666) 
34999999999 (-500000000) 
34499999999 (-500000000) 
33999999999 (-500000000) 
32999999999 (-1000000000) 
32833333332 (-166666667) 
31833333332 (-1000000000) 
31666666665 (-166666667) 
31499999998 (-166666667) 
30999999998 (-500000000) 
29833333332 (-1166666666) 
29666666666 (-166666666) 
28666666666 (-1000000000) 
28499999999 (-166666667) 
27333333332 (-1166666667) 
26833333332 (-500000000) 
26666666665 (-166666667) 
26499999999 (-166666666) 
26416666666 (-83333333) 
25416666666 (-1000000000) 
25333333332 (-83333334) 
24333333332 (-1000000000) 
24166666666 (-166666666) 
23666666666 (-500000000) 
23583333332 (-83333334) 
23416666665 (-166666667) 
22916666665 (-500000000) 
22749999999 (-166666666) 
21749999999 (-1000000000) 
21666666665 (-83333334) 
21499999999 (-166666666) 
21416666665 (-83333334) 
21366666665 (-50000000) 
20366666665 (-1000000000) 
20283333331 (-83333334) 
20249999997 (-33333334) 
iterations: 167219
