37000000000 (0) 
35500000000 (-1500000000) 
34000000000 (-1500000000) 
33500000000 (-500000000) 
32000000000 (-1500000000) 
31500000000 (-500000000) 
30000000000 (-1500000000) 
28833333333 (-1166666667) 
28333333333 (-500000000) 
27833333333 (-500000000) 
26833333333 (-1000000000) 
26666666666 (-166666667) 
26166666666 (-500000000) 
25666666666 (-500000000) 
21666666666 (-4000000000) 
21166666666 (-500000000) 
21083333333 (-83333333) 
20583333333 (-500000000) 
19583333333 (-1000000000) 
18583333333 (-1000000000) 
17416666666 (-1166666667) 
16916666666 (-500000000) 
16416666666 (-500000000) 
15249999999 (-1166666667) 
15083333332 (-166666667) 
14916666665 (-166666667) 
14416666665 (-500000000) 
13916666665 (-500000000) 
13416666665 (-500000000) 
12916666665 (-500000000) 
12416666665 (-500000000) 
11249999999 (-1166666666) 
11083333332 (-166666667) 
10916666666 (-166666666) 
10416666666 (-500000000) 
10249999999 (-166666667) 
9249999999 (-1000000000) 
8749999999 (-500000000) 
8583333332 (-166666667) 
8416666666 (-166666666) 
8083333332 (-333333334) 
7916666665 (-166666667) 
7833333331 (-83333334) 
7749999998 (-83333333) 
7666666665 (-83333333) 
iterations: 266819
