52000000000 (0) 
50500000000 (-1500000000) 
50000000000 (-500000000) 
48500000000 (-1500000000) 
48000000000 (-500000000) 
46500000000 (-1500000000) 
46000000000 (-500000000) 
45500000000 (-500000000) 
45000000000 (-500000000) 
44500000000 (-500000000) 
44000000000 (-500000000) 
42500000000 (-1500000000) 
42000000000 (-500000000) 
40500000000 (-1500000000) 
40000000000 (-500000000) 
39500000000 (-500000000) 
39000000000 (-500000000) 
37833333333 (-1166666667) 
36333333333 (-1500000000) 
34833333333 (-1500000000) 
34333333333 (-500000000) 
33833333333 (-500000000) 
33333333333 (-500000000) 
32833333333 (-500000000) 
31833333333 (-1000000000) 
31666666666 (-166666667) 
31499999999 (-166666667) 
30333333332 (-1166666667) 
29333333332 (-1000000000) 
29166666665 (-166666667) 
28166666665 (-1000000000) 
27666666665 (-500000000) 
27499999999 (-166666666) 
27333333332 (-166666667) 
26333333332 (-1166666667) 
25833333332 (-500000000) 
25666666665 (-166666667) 
25166666665 (-500000000) 
24999999998 (-166666667) 
24499999998 (-500000000) 
24333333331 (-166666667) 
24166666665 (-166666666) 
23666666665 (-500000000) 
23166666665 (-500000000) 
22999999998 (-166666667) 
22833333332 (-166666666) 
22666666666 (-166666666) 
22166666666 (-1000000000) 
21666666666 (-500000000) 
21499999999 (-166666667) 
21166666665 (-500000000) 
21083333331 (-83333334) 
20083333331 (-1000000000) 
19916666665 (-166666666) 
19833333331 (-83333334) 
19333333331 (-500000000) 
19166666665 (-166666666) 
18999999998 (-166666667) 
18833333332 (-166666666) 
18749999998 (-83333334) 
18666666664 (-83333334) 
17666666664 (-1000000000) 
17166666664 (-500000000) 
16083333331 (-1083333333) 
15916666665 (-166666666) 
14916666665 (-1000000000) 
14416666665 (-500000000) 
14333333331 (-83333334) 
14166666664 (-166666667) 
14116666664 (-50000000) 
14066666664 (-50000000) 
iterations: 177016
