89000000000 (0) 
88500000000 (-500000000) 
87000000000 (-1500000000) 
85000000000 (-2000000000) 
83500000000 (-1500000000) 
83000000000 (-500000000) 
81000000000 (-2000000000) 
79500000000 (-1500000000) 
76500000000 (-3000000000) 
75000000000 (-1500000000) 
73833333333 (-1166666667) 
72333333333 (-1500000000) 
71833333333 (-500000000) 
71333333333 (-500000000) 
70833333333 (-500000000) 
70333333333 (-500000000) 
69833333333 (-500000000) 
69333333333 (-500000000) 
68833333333 (-500000000) 
68666666666 (-500000000) 
67166666666 (-1500000000) 
65666666666 (-1500000000) 
65499999999 (-166666667) 
63999999999 (-1500000000) 
63499999999 (-500000000) 
62999999999 (-500000000) 
62499999999 (-500000000) 
62333333332 (-166666667) 
61333333332 (-1000000000) 
60833333332 (-500000000) 
60666666666 (-166666666) 
59666666666 (-1000000000) 
59499999999 (-166666667) 
58999999999 (-500000000) 
58499999999 (-500000000) 
58333333332 (-166666667) 
57333333332 (-1000000000) 
56833333332 (-500000000) 
56333333332 (-500000000) 
55333333332 (-1000000000) 
54833333332 (-500000000) 
53833333332 (-1000000000) 
53666666665 (-166666667) 
53166666665 (-500000000) 
52666666665 (-500000000) 
52499999998 (-166666667) 
51999999998 (-500000000) 
51833333331 (-166666667) 
51666666665 (-166666666) 
50666666665 (-1000000000) 
49499999999 (-1166666666) 
48999999999 (-500000000) 
47833333332 (-1166666667) 
47666666665 (-166666667) 
46666666665 (-1000000000) 
46499999998 (-166666667) 
46416666665 (-83333333) 
45916666665 (-500000000) 
45749999999 (-166666666) 
45416666666 (-500000000) 
44916666666 (-500000000) 
44416666666 (-500000000) 
43416666666 (-1000000000) 
43333333332 (-83333334) 
42833333332 (-500000000) 
41333333332 (-1500000000) 
40166666666 (-1166666666) 
39166666666 (-1000000000) 
38999999999 (-166666667) 
38833333332 (-166666667) 
38749999999 (-83333333) 
38583333332 (-166666667) 
38416666666 (-166666666) 
37666666666 (-750000000) 
36666666666 (-1000000000) 
36499999999 (-166666667) 
35999999999 (-500000000) 
35499999999 (-500000000) 
34499999999 (-1000000000) 
33999999999 (-500000000) 
33499999999 (-500000000) 
32866666666 (-633333333) 
32699999999 (-166666667) 
32199999999 (-500000000) 
31199999999 (-1000000000) 
31116666665 (-83333334) 
30116666665 (-1000000000) 
29949999999 (-166666666) 
29866666665 (-83333334) 
28866666665 (-1000000000) 
27866666665 (-1000000000) 
27366666665 (-500000000) 
26366666665 (-1000000000) 
25783333331 (-583333334) 
25616666664 (-166666667) 
25449999998 (-166666666) 
25283333331 (-166666667) 
25116666664 (-166666667) 
25066666664 (-50000000) 
iterations: 112901
