14000000000 (0) 
12500000000 (-1500000000) 
11000000000 (-1500000000) 
10500000000 (-500000000) 
10000000000 (-500000000) 
9833333333 (-166666667) 
9333333333 (-500000000) 
8333333333 (-1000000000) 
8166666666 (-166666667) 
7166666666 (-1000000000) 
5666666666 (-1500000000) 
5583333333 (-83333333) 
5416666666 (-166666667) 
4916666666 (-500000000) 
4833333333 (-83333333) 
3833333333 (-1000000000) 
3666666666 (-166666667) 
3166666666 (-500000000) 
2726190475 (-440476191) 
2708333333 (-17857142) 
2694444444 (-13888889) 
2174242423 (-520202021) 
2166666666 (-7575757) 
iterations: 310261
