40000000000 (0) 
38500000000 (-1500000000) 
37000000000 (-1500000000) 
35500000000 (-1500000000) 
34000000000 (-1500000000) 
32500000000 (-1500000000) 
32000000000 (-500000000) 
30500000000 (-1500000000) 
30000000000 (-500000000) 
28500000000 (-1500000000) 
28000000000 (-500000000) 
26500000000 (-1500000000) 
26000000000 (-500000000) 
25000000000 (-1000000000) 
24500000000 (-500000000) 
23333333333 (-1166666667) 
22333333333 (-1000000000) 
21166666666 (-1166666667) 
19999999999 (-1166666667) 
18499999999 (-1500000000) 
18333333332 (-166666667) 
17166666665 (-1166666667) 
15999999998 (-1166666667) 
15916666665 (-83333333) 
15833333332 (-83333333) 
15666666666 (-166666666) 
14499999999 (-1166666667) 
12999999999 (-1500000000) 
12916666666 (-83333333) 
11916666666 (-1000000000) 
11749999999 (-166666667) 
11583333332 (-166666667) 
11499999999 (-83333333) 
10499999999 (-1000000000) 
9999999999 (-500000000) 
8999999999 (-1000000000) 
8499999999 (-500000000) 
8333333332 (-166666667) 
8249999999 (-83333333) 
7249999999 (-1000000000) 
7083333332 (-166666667) 
6083333332 (-1000000000) 
5999999999 (-83333333) 
iterations: 265366
