95000000000 (0) 
93000000000 (-2000000000) 
91500000000 (-1500000000) 
88500000000 (-3000000000) 
87000000000 (-1500000000) 
85500000000 (-1500000000) 
84000000000 (-1500000000) 
82500000000 (-1500000000) 
81000000000 (-1500000000) 
80500000000 (-500000000) 
79000000000 (-1500000000) 
77500000000 (-1500000000) 
76000000000 (-1500000000) 
74500000000 (-1500000000) 
73000000000 (-1500000000) 
71500000000 (-1500000000) 
71333333333 (-166666667) 
70833333333 (-500000000) 
69833333333 (-1000000000) 
68333333333 (-1500000000) 
66833333333 (-1500000000) 
65666666666 (-1166666667) 
65166666666 (-500000000) 
64166666666 (-1000000000) 
63666666666 (-500000000) 
62166666666 (-1500000000) 
60666666666 (-1500000000) 
59666666666 (-1000000000) 
58166666666 (-1500000000) 
56666666666 (-1500000000) 
56166666666 (-500000000) 
55666666666 (-500000000) 
55166666666 (-500000000) 
54666666666 (-500000000) 
54166666666 (-500000000) 
53166666666 (-1000000000) 
52999999999 (-166666667) 
52499999999 (-500000000) 
51999999999 (-500000000) 
50499999999 (-1500000000) 
48999999999 (-1500000000) 
48499999999 (-500000000) 
47499999999 (-1000000000) 
47333333332 (-166666667) 
46166666665 (-1166666667) 
45499999999 (-1166666666) 
44999999999 (-500000000) 
44499999999 (-500000000) 
44333333332 (-166666667) 
43166666666 (-1166666666) 
41666666666 (-1500000000) 
41166666666 (-500000000) 
40999999999 (-166666667) 
39999999999 (-1000000000) 
39499999999 (-500000000) 
39333333332 (-166666667) 
38833333332 (-500000000) 
38333333332 (-500000000) 
37333333332 (-1000000000) 
36166666665 (-1166666667) 
35666666665 (-500000000) 
35583333332 (-83333333) 
35083333332 (-500000000) 
33916666665 (-1166666667) 
33749999999 (-166666666) 
33249999999 (-500000000) 
33166666665 (-83333334) 
32666666665 (-500000000) 
32166666665 (-500000000) 
31666666665 (-500000000) 
31166666665 (-500000000) 
29999999998 (-1166666667) 
29833333332 (-166666666) 
29333333332 (-500000000) 
29166666666 (-166666666) 
28999999999 (-166666667) 
28833333332 (-166666667) 
28666666665 (-166666667) 
28499999998 (-166666667) 
28416666665 (-83333333) 
27916666665 (-500000000) 
27416666665 (-500000000) 
26416666665 (-1000000000) 
25416666665 (-1000000000) 
25333333332 (-83333333) 
24166666666 (-1166666666) 
24083333332 (-83333334) 
23916666665 (-166666667) 
23749999998 (-166666667) 
22749999998 (-1000000000) 
21749999998 (-1000000000) 
21583333332 (-166666666) 
21499999998 (-83333334) 
21416666665 (-83333333) 
21333333332 (-83333333) 
21166666665 (-166666667) 
21083333332 (-83333333) 
iterations: 130532
