64500000000 (-500000000) 
64000000000 (-500000000) 
62500000000 (-1500000000) 
61000000000 (-1500000000) 
60500000000 (-500000000) 
60000000000 (-500000000) 
58500000000 (-1500000000) 
57000000000 (-1500000000) 
56500000000 (-500000000) 
55000000000 (-1500000000) 
53500000000 (-1500000000) 
52000000000 (-1500000000) 
51500000000 (-500000000) 
51000000000 (-500000000) 
49500000000 (-1500000000) 
48000000000 (-1500000000) 
46500000000 (-1500000000) 
45333333333 (-1166666667) 
43833333333 (-1500000000) 
43333333333 (-500000000) 
42833333333 (-500000000) 
41666666666 (-1166666667) 
41166666666 (-500000000) 
39666666666 (-1500000000) 
39166666666 (-500000000) 
37999999999 (-1166666667) 
37833333332 (-166666667) 
37333333332 (-500000000) 
36833333332 (-500000000) 
36333333332 (-500000000) 
35833333332 (-500000000) 
35666666665 (-166666667) 
35166666665 (-500000000) 
34166666665 (-1000000000) 
33666666665 (-500000000) 
33166666665 (-500000000) 
32666666665 (-500000000) 
32499999999 (-166666666) 
32333333333 (-166666666) 
31833333333 (-500000000) 
31333333333 (-500000000) 
30166666666 (-1166666667) 
29999999999 (-166666667) 
29833333333 (-166666666) 
28833333333 (-1000000000) 
28666666666 (-166666667) 
28499999999 (-166666667) 
27999999999 (-500000000) 
27499999999 (-500000000) 
27333333332 (-166666667) 
26333333332 (-1000000000) 
25833333332 (-500000000) 
25666666665 (-166666667) 
24499999999 (-1166666666) 
24333333332 (-166666667) 
23833333332 (-500000000) 
23333333332 (-500000000) 
23249999998 (-83333334) 
23083333332 (-166666666) 
22333333332 (-750000000) 
20833333332 (-1500000000) 
20749999998 (-83333334) 
20249999998 (-500000000) 
19749999998 (-500000000) 
19249999998 (-500000000) 
19083333331 (-166666667) 
18916666664 (-166666667) 
18749999998 (-166666666) 
18666666664 (-83333334) 
17666666664 (-1000000000) 
17499999998 (-166666666) 
17416666664 (-83333334) 
17333333331 (-83333333) 
17249999998 (-83333333) 
17166666665 (-83333333) 
16999999998 (-166666667) 
16916666665 (-83333333) 
16833333332 (-83333333) 
16783333332 (-50000000) 
15783333332 (-1000000000) 
15033333332 (-750000000) 
14866666665 (-166666667) 
14616666665 (-250000000) 
iterations: 156212
