28000000000 (0) 
26500000000 (-1500000000) 
26000000000 (-500000000) 
24500000000 (-1500000000) 
23000000000 (-1500000000) 
22500000000 (-500000000) 
22000000000 (-500000000) 
21500000000 (-500000000) 
20500000000 (-1000000000) 
20333333333 (-166666667) 
18833333333 (-1500000000) 
18333333333 (-500000000) 
16833333333 (-1500000000) 
15833333333 (-1000000000) 
15333333333 (-500000000) 
14833333333 (-500000000) 
13666666666 (-1166666667) 
13499999999 (-166666667) 
13333333332 (-166666667) 
12333333332 (-1000000000) 
11166666665 (-1166666667) 
10666666665 (-500000000) 
9499999998 (-1166666667) 
8999999998 (-500000000) 
8833333332 (-166666666) 
7833333332 (-1000000000) 
7083333332 (-750000000) 
6999999998 (-83333334) 
6833333332 (-166666666) 
6333333332 (-500000000) 
6249999998 (-83333334) 
6083333332 (-166666666) 
5083333332 (-1000000000) 
4999999998 (-83333334) 
4949999998 (-50000000) 
4866666665 (-83333333) 
4816666665 (-50000000) 
iterations: 267797
