126000000000 (0) 
124500000000 (-1500000000) 
124000000000 (-500000000) 
123500000000 (-500000000) 
122000000000 (-1500000000) 
120500000000 (-1500000000) 
119833333333 (-666666667) 
116333333333 (-3500000000) 
115333333333 (-1000000000) 
113833333333 (-1500000000) 
113333333333 (-500000000) 
112833333333 (-500000000) 
111333333333 (-1500000000) 
110833333333 (-500000000) 
109333333333 (-1500000000) 
107833333333 (-1500000000) 
106333333333 (-1500000000) 
105833333333 (-500000000) 
105333333333 (-500000000) 
103833333333 (-1500000000) 
103333333333 (-500000000) 
101833333333 (-1500000000) 
101333333333 (-500000000) 
98333333333 (-3000000000) 
97833333333 (-500000000) 
96833333333 (-1000000000) 
95333333333 (-1500000000) 
94166666666 (-1166666667) 
92666666666 (-1500000000) 
91166666666 (-1500000000) 
89666666666 (-1500000000) 
89166666666 (-500000000) 
87999999999 (-1166666667) 
86499999999 (-1500000000) 
84999999999 (-1500000000) 
84833333332 (-166666667) 
84666666665 (-166666667) 
83166666665 (-1500000000) 
82166666665 (-1000000000) 
81666666665 (-500000000) 
80166666665 (-1500000000) 
79999999998 (-166666667) 
79499999998 (-500000000) 
77999999998 (-1500000000) 
76833333332 (-1166666666) 
76333333332 (-500000000) 
75833333332 (-500000000) 
75666666666 (-166666666) 
75166666666 (-500000000) 
74166666666 (-1000000000) 
73166666666 (-1000000000) 
72999999999 (-166666667) 
71999999999 (-1000000000) 
70499999999 (-1500000000) 
69999999999 (-500000000) 
69499999999 (-500000000) 
69333333332 (-166666667) 
67833333332 (-1500000000) 
67333333332 (-500000000) 
65833333332 (-1500000000) 
65333333332 (-500000000) 
64166666665 (-1166666667) 
62999999998 (-1166666667) 
61833333331 (-1166666667) 
61333333331 (-500000000) 
61166666664 (-166666667) 
60666666664 (-500000000) 
59166666664 (-1500000000) 
58166666664 (-1000000000) 
56666666664 (-1500000000) 
55499999998 (-1166666666) 
54999999998 (-500000000) 
53999999998 (-1000000000) 
53499999998 (-500000000) 
53333333331 (-166666667) 
53166666665 (-166666666) 
52999999999 (-166666666) 
52499999999 (-500000000) 
51499999999 (-1000000000) 
50499999999 (-1000000000) 
50416666665 (-83333334) 
50249999998 (-166666667) 
50083333331 (-166666667) 
48916666665 (-1166666666) 
47916666665 (-1000000000) 
47416666665 (-500000000) 
46416666665 (-1000000000) 
46333333332 (-83333333) 
46249999999 (-83333333) 
45749999999 (-500000000) 
45583333332 (-166666667) 
45083333332 (-500000000) 
44583333332 (-500000000) 
44083333332 (-500000000) 
42916666666 (-1166666666) 
42166666666 (-750000000) 
41999999999 (-166666667) 
41166666665 (-1000000000) 
40666666665 (-500000000) 
40583333332 (-83333333) 
40083333332 (-500000000) 
39916666666 (-166666666) 
39416666666 (-500000000) 
39366666666 (-50000000) 
39199999999 (-166666667) 
38566666666 (-633333333) 
38066666666 (-500000000) 
37566666666 (-500000000) 
37066666666 (-500000000) 
36316666666 (-750000000) 
36266666666 (-50000000) 
35849999998 (-500000000) 
35349999998 (-500000000) 
34349999998 (-1000000000) 
33849999998 (-500000000) 
33683333332 (-166666666) 
33516666666 (-166666666) 
33433333332 (-83333334) 
33349999999 (-83333333) 
33183333332 (-166666667) 
33016666665 (-166666667) 
32966666665 (-50000000) 
iterations: 93998
