14000000000 (0) 
13500000000 (-500000000) 
12500000000 (-1000000000) 
11000000000 (-1500000000) 
10500000000 (-500000000) 
10000000000 (-500000000) 
9500000000 (-500000000) 
9000000000 (-500000000) 
8000000000 (-1000000000) 
7833333333 (-166666667) 
7333333333 (-500000000) 
7166666666 (-166666667) 
6166666666 (-1000000000) 
5166666666 (-1000000000) 
5000000000 (-166666666) 
4833333333 (-166666667) 
4750000000 (-83333333) 
4666666666 (-83333334) 
4500000000 (-166666666) 
4059523808 (-440476192) 
3694444444 (-531746031) 
3683333333 (-11111111) 
2683333333 (-1166666667) 
iterations: 381813
