12000000000 (0) 
11500000000 (-500000000) 
11000000000 (-500000000) 
10000000000 (-1000000000) 
9500000000 (-500000000) 
9000000000 (-500000000) 
7833333333 (-1166666667) 
7333333333 (-500000000) 
7166666666 (-166666667) 
6166666666 (-1000000000) 
5999999999 (-166666667) 
4999999999 (-1000000000) 
4916666666 (-83333333) 
3916666666 (-1000000000) 
3833333333 (-83333333) 
3783333333 (-50000000) 
3749999999 (-83333333) 
3726190475 (-23809524) 
3708333333 (-17857142) 
3694444444 (-13888889) 
3644444444 (-50000000) 
3491666666 (-166666667) 
2491666666 (-1000000000) 
2408333333 (-83333333) 
iterations: 382728
