38000000000 (0) 
37500000000 (-500000000) 
36000000000 (-1500000000) 
35500000000 (-500000000) 
35000000000 (-500000000) 
32500000000 (-2500000000) 
32000000000 (-500000000) 
30833333333 (-1166666667) 
30333333333 (-500000000) 
28833333333 (-1500000000) 
27833333333 (-1000000000) 
27666666666 (-166666667) 
27166666666 (-500000000) 
26666666666 (-500000000) 
26166666666 (-500000000) 
25166666666 (-1000000000) 
24666666666 (-500000000) 
24166666666 (-500000000) 
23666666666 (-500000000) 
22583333333 (-1083333333) 
21583333333 (-1000000000) 
20583333333 (-1000000000) 
19583333333 (-1000000000) 
19083333333 (-500000000) 
18083333333 (-1000000000) 
17083333333 (-1000000000) 
16583333333 (-500000000) 
16416666666 (-166666667) 
16249999999 (-166666667) 
15749999999 (-500000000) 
15249999999 (-500000000) 
14249999999 (-1000000000) 
14083333333 (-166666666) 
12916666666 (-1166666667) 
12416666666 (-500000000) 
12249999999 (-166666667) 
12166666666 (-83333333) 
11666666666 (-1000000000) 
11499999999 (-166666667) 
11416666666 (-83333333) 
11249999999 (-166666667) 
10249999999 (-1000000000) 
10199999999 (-50000000) 
10116666666 (-83333333) 
10033333332 (-83333334) 
9949999999 (-83333333) 
9899999999 (-50000000) 
9733333332 (-166666667) 
9699999998 (-33333334) 
9683333332 (-50000000) 
9599999999 (-83333333) 
9433333332 (-166666667) 
9266666665 (-166666667) 
9099999999 (-166666666) 
8599999999 (-500000000) 
8516666666 (-83333333) 
8016666666 (-500000000) 
7933333332 (-83333334) 
7683333332 (-250000000) 
7599999999 (-83333333) 
7016666665 (-583333334) 
iterations: 239183
