74000000000 (0) 
73500000000 (-500000000) 
72000000000 (-1500000000) 
71500000000 (-500000000) 
71000000000 (-500000000) 
70500000000 (-500000000) 
69000000000 (-1500000000) 
68500000000 (-500000000) 
67500000000 (-1000000000) 
66500000000 (-1000000000) 
65000000000 (-1500000000) 
64500000000 (-500000000) 
64000000000 (-500000000) 
63000000000 (-1000000000) 
61500000000 (-1500000000) 
61000000000 (-500000000) 
60500000000 (-500000000) 
59000000000 (-1500000000) 
58500000000 (-500000000) 
58000000000 (-500000000) 
57500000000 (-500000000) 
57000000000 (-500000000) 
55833333333 (-1166666667) 
55333333333 (-500000000) 
54833333333 (-500000000) 
53833333333 (-1000000000) 
53333333333 (-500000000) 
52333333333 (-1000000000) 
51166666666 (-1166666667) 
50666666666 (-500000000) 
50166666666 (-500000000) 
49999999999 (-166666667) 
49499999999 (-500000000) 
47999999999 (-1500000000) 
46833333333 (-1166666666) 
45833333333 (-1000000000) 
45666666666 (-166666667) 
45166666666 (-500000000) 
44666666666 (-500000000) 
43666666666 (-1000000000) 
43166666666 (-500000000) 
42999999999 (-166666667) 
42499999999 (-500000000) 
42333333332 (-166666667) 
42166666665 (-166666667) 
42083333332 (-83333333) 
40583333332 (-1500000000) 
39416666665 (-1166666667) 
37916666665 (-1500000000) 
37749999998 (-166666667) 
37583333331 (-166666667) 
37083333331 (-500000000) 
36083333331 (-1000000000) 
35916666664 (-166666667) 
35749999998 (-166666666) 
34749999998 (-1000000000) 
34583333331 (-166666667) 
33083333331 (-1500000000) 
32583333331 (-500000000) 
32499999998 (-83333333) 
31333333331 (-1166666667) 
31166666665 (-166666666) 
30666666665 (-500000000) 
30499999998 (-166666667) 
30333333331 (-166666667) 
29333333331 (-1000000000) 
29166666665 (-166666666) 
28666666665 (-500000000) 
28499999999 (-166666666) 
28416666665 (-83333334) 
28249999999 (-166666666) 
28083333332 (-166666667) 
27249999999 (-833333333) 
26749999999 (-500000000) 
25999999999 (-750000000) 
25833333332 (-166666667) 
25333333332 (-500000000) 
25166666665 (-166666667) 
25116666665 (-50000000) 
24783333332 (-500000000) 
24616666666 (-166666666) 
24533333332 (-83333334) 
23533333332 (-1000000000) 
23449999999 (-83333333) 
23366666666 (-83333333) 
23283333333 (-83333333) 
22783333333 (-500000000) 
22283333333 (-500000000) 
22116666666 (-166666667) 
22033333332 (-83333334) 
21949999999 (-83333333) 
21899999999 (-50000000) 
21816666665 (-83333334) 
21649999999 (-166666666) 
21149999999 (-500000000) 
20816666665 (-333333334) 
iterations: 152396
