106000000000 (0) 
104500000000 (-1500000000) 
104000000000 (-500000000) 
103500000000 (-500000000) 
103000000000 (-500000000) 
102500000000 (-500000000) 
101000000000 (-1500000000) 
99500000000 (-1500000000) 
99000000000 (-500000000) 
97500000000 (-1500000000) 
97000000000 (-500000000) 
96500000000 (-500000000) 
96000000000 (-500000000) 
94500000000 (-1500000000) 
94000000000 (-500000000) 
93500000000 (-500000000) 
92000000000 (-1500000000) 
90500000000 (-1500000000) 
90000000000 (-500000000) 
89500000000 (-500000000) 
88500000000 (-1000000000) 
87000000000 (-1500000000) 
85500000000 (-1500000000) 
85000000000 (-500000000) 
84000000000 (-1000000000) 
83500000000 (-500000000) 
83000000000 (-500000000) 
81500000000 (-1500000000) 
81000000000 (-500000000) 
80500000000 (-500000000) 
80000000000 (-500000000) 
79000000000 (-1000000000) 
78500000000 (-500000000) 
78000000000 (-500000000) 
77000000000 (-1000000000) 
76500000000 (-500000000) 
76000000000 (-500000000) 
75833333333 (-166666667) 
74333333333 (-1500000000) 
73833333333 (-500000000) 
73333333333 (-500000000) 
73166666666 (-166666667) 
72166666666 (-1000000000) 
70666666666 (-1500000000) 
69166666666 (-1500000000) 
68666666666 (-500000000) 
68166666666 (-500000000) 
67666666666 (-500000000) 
67499999999 (-166666667) 
67333333332 (-166666667) 
66833333332 (-500000000) 
66666666665 (-166666667) 
66166666665 (-500000000) 
65666666665 (-500000000) 
64166666665 (-1500000000) 
63666666665 (-500000000) 
63166666665 (-500000000) 
62166666665 (-1000000000) 
61666666665 (-500000000) 
60666666665 (-1000000000) 
60499999998 (-166666667) 
59499999998 (-1000000000) 
58999999998 (-500000000) 
57999999998 (-1000000000) 
57833333332 (-166666666) 
57666666666 (-166666666) 
57499999999 (-166666667) 
57333333333 (-166666666) 
56333333333 (-1000000000) 
56166666666 (-166666667) 
54666666666 (-1500000000) 
53666666666 (-1000000000) 
52916666666 (-750000000) 
52416666666 (-500000000) 
52249999999 (-166666667) 
52083333332 (-166666667) 
51583333332 (-500000000) 
51083333332 (-500000000) 
50916666665 (-166666667) 
50416666665 (-500000000) 
49416666665 (-1000000000) 
48916666665 (-500000000) 
48749999999 (-166666666) 
48666666665 (-83333334) 
48499999998 (-166666667) 
47499999998 (-1000000000) 
47333333332 (-166666666) 
46833333332 (-500000000) 
46333333332 (-500000000) 
46166666665 (-166666667) 
45666666665 (-500000000) 
45166666665 (-500000000) 
44166666665 (-1000000000) 
43999999998 (-166666667) 
43499999998 (-500000000) 
43333333331 (-166666667) 
43249999998 (-83333333) 
43083333332 (-166666666) 
42083333332 (-1000000000) 
41916666665 (-166666667) 
41416666665 (-500000000) 
41249999999 (-166666666) 
41083333332 (-166666667) 
40583333332 (-500000000) 
40083333332 (-500000000) 
39083333332 (-1000000000) 
38583333332 (-500000000) 
38416666665 (-166666667) 
37916666665 (-500000000) 
37749999999 (-166666666) 
37699999999 (-50000000) 
37533333332 (-166666667) 
36533333332 (-1000000000) 
36366666665 (-166666667) 
35366666665 (-1000000000) 
35199999999 (-166666666) 
34699999999 (-500000000) 
34533333333 (-166666666) 
34366666666 (-166666667) 
34283333332 (-83333334) 
33949999999 (-333333333) 
33783333332 (-166666667) 
33699999999 (-83333333) 
iterations: 95097
