33000000000 (0) 
31500000000 (-1500000000) 
31000000000 (-500000000) 
29500000000 (-1500000000) 
29000000000 (-500000000) 
28500000000 (-500000000) 
28000000000 (-500000000) 
27500000000 (-500000000) 
25000000000 (-2500000000) 
24500000000 (-500000000) 
23500000000 (-1000000000) 
23000000000 (-500000000) 
22500000000 (-500000000) 
22333333333 (-166666667) 
20833333333 (-1500000000) 
20666666666 (-166666667) 
20166666666 (-500000000) 
19166666666 (-1000000000) 
17999999999 (-1166666667) 
17833333332 (-166666667) 
17333333332 (-500000000) 
17166666665 (-166666667) 
16666666665 (-500000000) 
15666666665 (-1000000000) 
14499999999 (-1166666666) 
14333333332 (-166666667) 
13333333332 (-1000000000) 
12833333332 (-1000000000) 
12749999998 (-83333334) 
12249999998 (-500000000) 
11249999998 (-1000000000) 
11083333332 (-166666666) 
10999999998 (-83333334) 
10833333332 (-166666666) 
9833333332 (-1000000000) 
9666666666 (-166666666) 
9616666666 (-50000000) 
9533333332 (-83333334) 
9033333332 (-500000000) 
8866666666 (-166666666) 
8366666666 (-500000000) 
8316666666 (-50000000) 
8233333332 (-83333334) 
7233333332 (-1000000000) 
7066666665 (-166666667) 
6566666665 (-500000000) 
6483333332 (-83333333) 
6399999999 (-83333333) 
iterations: 266409
