52500000000 (-500000000) 
52000000000 (-500000000) 
50500000000 (-1500000000) 
50000000000 (-500000000) 
49500000000 (-500000000) 
48000000000 (-1500000000) 
47500000000 (-500000000) 
47000000000 (-500000000) 
45500000000 (-1500000000) 
45000000000 (-500000000) 
44500000000 (-500000000) 
40833333333 (-3666666667) 
38666666666 (-2166666667) 
37166666666 (-1500000000) 
35666666666 (-1500000000) 
35166666666 (-500000000) 
34666666666 (-500000000) 
34166666666 (-500000000) 
33999999999 (-166666667) 
32833333332 (-1166666667) 
32333333332 (-500000000) 
31833333332 (-500000000) 
31666666665 (-166666667) 
31166666665 (-500000000) 
29666666665 (-1500000000) 
28666666665 (-1000000000) 
28166666665 (-500000000) 
26666666665 (-1500000000) 
25166666665 (-1500000000) 
24666666665 (-500000000) 
24499999998 (-166666667) 
23499999998 (-1000000000) 
22999999998 (-500000000) 
22833333332 (-166666666) 
22333333332 (-500000000) 
21583333332 (-750000000) 
21416666665 (-166666667) 
20333333332 (-1083333333) 
19166666665 (-1166666667) 
18666666665 (-500000000) 
17499999998 (-1166666667) 
16999999998 (-500000000) 
16499999998 (-500000000) 
16333333331 (-166666667) 
15583333331 (-750000000) 
15416666665 (-166666666) 
15333333331 (-83333334) 
14333333331 (-1000000000) 
14166666664 (-166666667) 
14083333331 (-83333333) 
13083333331 (-1083333333) 
12916666665 (-166666666) 
12866666665 (-50000000) 
12783333332 (-83333333) 
12616666665 (-166666667) 
12533333332 (-83333333) 
12483333332 (-50000000) 
11983333332 (-500000000) 
iterations: 177945
