[m[3;35m05.cpp #15 (0)[m[m
 - [m[32m__cplusplus[m : [m[36m202002[31mL[m[m [34mlong[m[m[m
[3;35m05.cpp #19[m  [33m`Case: #0`[m[m
[m[3;35m05.cpp #217 (0)[m[m
 - [m[32medges.graph.size()[m : [m[36m8353[31mUL[m[m [34munsigned long[m[m[m
[m[3;35m05.cpp #231 (0)[m[m
 - [m[32mg.edges().ssize()[m : [m[36m4509[31mL[m[m [34mlong[m[m[m
[m[3;35m05.cpp #304 (0)[m[m
 - [m[32mcost[m : [m[36m43410375899[31mL[m[m [34mlong[m[m[m
[m[3;35m05.cpp #217 (1)[m[m
 - [m[32medges.graph.size()[m : [m[36m10272[31mUL[m[m [34munsigned long[m[m[m
[m[3;35m05.cpp #231 (1)[m[m
 - [m[32mg.edges().ssize()[m : [m[36m6389[31mL[m[m [34mlong[m[m[m
[m[3;35m05.cpp #309 (0)[m[m
 - [m[32mn_cost[m : [m[36m35029799385[31mL[m[m [34mlong[m[m[m
[m[3;35m05.cpp #217 (2)[m[m
 - [m[32medges.graph.size()[m : [m[36m11208[31mUL[m[m [34munsigned long[m[m[m
[m[3;35m05.cpp #231 (2)[m[m
 - [m[32mg.edges().ssize()[m : [m[36m7317[31mL[m[m [34mlong[m[m[m
[m[3;35m05.cpp #309 (1)[m[m
 - [m[32mn_cost[m : [m[36m32916274265[31mL[m[m [34mlong[m[m[m
[m[3;35m05.cpp #217 (3)[m[m
 - [m[32medges.graph.size()[m : [m[36m11343[31mUL[m[m [34munsigned long[m[m[m
[m[3;35m05.cpp #231 (3)[m[m
 - [m[32mg.edges().ssize()[m : [m[36m7452[31mL[m[m [34mlong[m[m[m
[m[3;35m05.cpp #309 (2)[m[m
 - [m[32mn_cost[m : [m[36m32561393394[31mL[m[m [34mlong[m[m[m
[m[3;35m05.cpp #217 (4)[m[m
 - [m[32medges.graph.size()[m : [m[36m11343[31mUL[m[m [34munsigned long[m[m[m
[m[3;35m05.cpp #231 (4)[m[m
 - [m[32mg.edges().ssize()[m : [m[36m7452[31mL[m[m [34mlong[m[m[m
[m[3;35m05.cpp #309 (3)[m[m
 - [m[32mn_cost[m : [m[36m32561393394[31mL[m[m [34mlong[m[m[m
