[m[3;35m05.cpp #15 (0)[m[m
 - [m[32m__cplusplus[m : [m[36m202002[31mL[m[m [34mlong[m[m[m
[3;35m05.cpp #19[m  [33m`Case: #0`[m[m
[m[3;35m05.cpp #217 (0)[m[m
 - [m[32medges.graph.size()[m : [m[36m8375[31mUL[m[m [34munsigned long[m[m[m
[m[3;35m05.cpp #231 (0)[m[m
 - [m[32mg.edges().ssize()[m : [m[36m4523[31mL[m[m [34mlong[m[m[m
[m[3;35m05.cpp #304 (0)[m[m
 - [m[32mcost[m : [m[36m44158139541[31mL[m[m [34mlong[m[m[m
[m[3;35m05.cpp #217 (1)[m[m
 - [m[32medges.graph.size()[m : [m[36m10300[31mUL[m[m [34munsigned long[m[m[m
[m[3;35m05.cpp #231 (1)[m[m
 - [m[32mg.edges().ssize()[m : [m[36m6408[31mL[m[m [34mlong[m[m[m
[m[3;35m05.cpp #309 (0)[m[m
 - [m[32mn_cost[m : [m[36m35764752495[31mL[m[m [34mlong[m[m[m
[m[3;35m05.cpp #217 (2)[m[m
 - [m[32medges.graph.size()[m : [m[36m11148[31mUL[m[m [34munsigned long[m[m[m
[m[3;35m05.cpp #231 (2)[m[m
 - [m[32mg.edges().ssize()[m : [m[36m7255[31mL[m[m [34mlong[m[m[m
[m[3;35m05.cpp #309 (1)[m[m
 - [m[32mn_cost[m : [m[36m33890855106[31mL[m[m [34mlong[m[m[m
[m[3;35m05.cpp #217 (3)[m[m
 - [m[32medges.graph.size()[m : [m[36m11308[31mUL[m[m [34munsigned long[m[m[m
[m[3;35m05.cpp #231 (3)[m[m
 - [m[32mg.edges().ssize()[m : [m[36m7414[31mL[m[m [34mlong[m[m[m
[m[3;35m05.cpp #309 (2)[m[m
 - [m[32mn_cost[m : [m[36m33571156229[31mL[m[m [34mlong[m[m[m
[m[3;35m05.cpp #217 (4)[m[m
 - [m[32medges.graph.size()[m : [m[36m11316[31mUL[m[m [34munsigned long[m[m[m
[m[3;35m05.cpp #231 (4)[m[m
 - [m[32mg.edges().ssize()[m : [m[36m7422[31mL[m[m [34mlong[m[m[m
[m[3;35m05.cpp #309 (3)[m[m
 - [m[32mn_cost[m : [m[36m33534877292[31mL[m[m [34mlong[m[m[m
[m[3;35m05.cpp #217 (5)[m[m
 - [m[32medges.graph.size()[m : [m[36m11316[31mUL[m[m [34munsigned long[m[m[m
[m[3;35m05.cpp #231 (5)[m[m
 - [m[32mg.edges().ssize()[m : [m[36m7422[31mL[m[m [34mlong[m[m[m
[m[3;35m05.cpp #309 (4)[m[m
 - [m[32mn_cost[m : [m[36m33534877292[31mL[m[m [34mlong[m[m[m
