[m[3;35m05.cpp #15 (0)[m[m
 - [m[32m__cplusplus[m : [m[36m202002[31mL[m[m [34mlong[m[m[m
[3;35m05.cpp #19[m  [33m`Case: #0`[m[m
[m[3;35m05.cpp #217 (0)[m[m
 - [m[32medges.graph.size()[m : [m[36m8394[31mUL[m[m [34munsigned long[m[m[m
[m[3;35m05.cpp #231 (0)[m[m
 - [m[32mg.edges().ssize()[m : [m[36m4551[31mL[m[m [34mlong[m[m[m
[m[3;35m05.cpp #304 (0)[m[m
 - [m[32mcost[m : [m[36m44489447524[31mL[m[m [34mlong[m[m[m
[m[3;35m05.cpp #217 (1)[m[m
 - [m[32medges.graph.size()[m : [m[36m10264[31mUL[m[m [34munsigned long[m[m[m
[m[3;35m05.cpp #231 (1)[m[m
 - [m[32mg.edges().ssize()[m : [m[36m6387[31mL[m[m [34mlong[m[m[m
[m[3;35m05.cpp #309 (0)[m[m
 - [m[32mn_cost[m : [m[36m36046429883[31mL[m[m [34mlong[m[m[m
[m[3;35m05.cpp #217 (2)[m[m
 - [m[32medges.graph.size()[m : [m[36m11121[31mUL[m[m [34munsigned long[m[m[m
[m[3;35m05.cpp #231 (2)[m[m
 - [m[32mg.edges().ssize()[m : [m[36m7236[31mL[m[m [34mlong[m[m[m
[m[3;35m05.cpp #309 (1)[m[m
 - [m[32mn_cost[m : [m[36m34169859777[31mL[m[m [34mlong[m[m[m
[m[3;35m05.cpp #217 (3)[m[m
 - [m[32medges.graph.size()[m : [m[36m11209[31mUL[m[m [34munsigned long[m[m[m
[m[3;35m05.cpp #231 (3)[m[m
 - [m[32mg.edges().ssize()[m : [m[36m7324[31mL[m[m [34mlong[m[m[m
[m[3;35m05.cpp #309 (2)[m[m
 - [m[32mn_cost[m : [m[36m34003019493[31mL[m[m [34mlong[m[m[m
[m[3;35m05.cpp #217 (4)[m[m
 - [m[32medges.graph.size()[m : [m[36m11217[31mUL[m[m [34munsigned long[m[m[m
[m[3;35m05.cpp #231 (4)[m[m
 - [m[32mg.edges().ssize()[m : [m[36m7332[31mL[m[m [34mlong[m[m[m
[m[3;35m05.cpp #309 (3)[m[m
 - [m[32mn_cost[m : [m[36m33974323522[31mL[m[m [34mlong[m[m[m
[m[3;35m05.cpp #217 (5)[m[m
 - [m[32medges.graph.size()[m : [m[36m11217[31mUL[m[m [34munsigned long[m[m[m
[m[3;35m05.cpp #231 (5)[m[m
 - [m[32mg.edges().ssize()[m : [m[36m7332[31mL[m[m [34mlong[m[m[m
[m[3;35m05.cpp #309 (4)[m[m
 - [m[32mn_cost[m : [m[36m33974323522[31mL[m[m [34mlong[m[m[m
