[m[3;35m05.cpp #15 (0)[m[m
 - [m[32m__cplusplus[m : [m[36m202002[31mL[m[m [34mlong[m[m[m
[3;35m05.cpp #19[m  [33m`Case: #0`[m[m
[m[3;35m05.cpp #217 (0)[m[m
 - [m[32medges.graph.size()[m : [m[36m8386[31mUL[m[m [34munsigned long[m[m[m
[m[3;35m05.cpp #231 (0)[m[m
 - [m[32mg.edges().ssize()[m : [m[36m4542[31mL[m[m [34mlong[m[m[m
[m[3;35m05.cpp #304 (0)[m[m
 - [m[32mcost[m : [m[36m43770583325[31mL[m[m [34mlong[m[m[m
[m[3;35m05.cpp #217 (1)[m[m
 - [m[32medges.graph.size()[m : [m[36m10368[31mUL[m[m [34munsigned long[m[m[m
[m[3;35m05.cpp #231 (1)[m[m
 - [m[32mg.edges().ssize()[m : [m[36m6485[31mL[m[m [34mlong[m[m[m
[m[3;35m05.cpp #309 (0)[m[m
 - [m[32mn_cost[m : [m[36m34644554831[31mL[m[m [34mlong[m[m[m
[m[3;35m05.cpp #217 (2)[m[m
 - [m[32medges.graph.size()[m : [m[36m11159[31mUL[m[m [34munsigned long[m[m[m
[m[3;35m05.cpp #231 (2)[m[m
 - [m[32mg.edges().ssize()[m : [m[36m7273[31mL[m[m [34mlong[m[m[m
[m[3;35m05.cpp #309 (1)[m[m
 - [m[32mn_cost[m : [m[36m32506668783[31mL[m[m [34mlong[m[m[m
[m[3;35m05.cpp #217 (3)[m[m
 - [m[32medges.graph.size()[m : [m[36m11311[31mUL[m[m [34munsigned long[m[m[m
[m[3;35m05.cpp #231 (3)[m[m
 - [m[32mg.edges().ssize()[m : [m[36m7424[31mL[m[m [34mlong[m[m[m
[m[3;35m05.cpp #309 (2)[m[m
 - [m[32mn_cost[m : [m[36m32259750578[31mL[m[m [34mlong[m[m[m
[m[3;35m05.cpp #217 (4)[m[m
 - [m[32medges.graph.size()[m : [m[36m11327[31mUL[m[m [34munsigned long[m[m[m
[m[3;35m05.cpp #231 (4)[m[m
 - [m[32mg.edges().ssize()[m : [m[36m7440[31mL[m[m [34mlong[m[m[m
[m[3;35m05.cpp #309 (3)[m[m
 - [m[32mn_cost[m : [m[36m32243204870[31mL[m[m [34mlong[m[m[m
[m[3;35m05.cpp #217 (5)[m[m
 - [m[32medges.graph.size()[m : [m[36m11327[31mUL[m[m [34munsigned long[m[m[m
[m[3;35m05.cpp #231 (5)[m[m
 - [m[32mg.edges().ssize()[m : [m[36m7440[31mL[m[m [34mlong[m[m[m
[m[3;35m05.cpp #309 (4)[m[m
 - [m[32mn_cost[m : [m[36m32243204870[31mL[m[m [34mlong[m[m[m
